[0.032s] Invoking command in '/home/humble/ros_control_ws/build/stacker_cartographer': CMAKE_PREFIX_PATH=/opt/ros/humble /usr/bin/cmake --build /home/humble/ros_control_ws/build/stacker_cartographer -- -j16 -l16
[0.067s] Invoked command in '/home/humble/ros_control_ws/build/stacker_cartographer' returned '0': CMAKE_PREFIX_PATH=/opt/ros/humble /usr/bin/cmake --build /home/humble/ros_control_ws/build/stacker_cartographer -- -j16 -l16
[0.093s] Invoking command in '/home/humble/ros_control_ws/build/stacker_cartographer': CMAKE_PREFIX_PATH=/opt/ros/humble /usr/bin/cmake --install /home/humble/ros_control_ws/build/stacker_cartographer
[0.099s] -- Install configuration: ""
[0.100s] -- Execute custom install script
[0.101s] -- Up-to-date symlink: /home/humble/ros_control_ws/install/stacker_cartographer/share/stacker_cartographer/config/cart_slam_2d.lua
[0.102s] -- Up-to-date symlink: /home/humble/ros_control_ws/install/stacker_cartographer/share/stacker_cartographer/launch/cartographer.launch.py
[0.103s] -- Up-to-date symlink: /home/humble/ros_control_ws/install/stacker_cartographer/share/ament_index/resource_index/package_run_dependencies/stacker_cartographer
[0.103s] -- Up-to-date symlink: /home/humble/ros_control_ws/install/stacker_cartographer/share/ament_index/resource_index/parent_prefix_path/stacker_cartographer
[0.104s] -- Up-to-date symlink: /home/humble/ros_control_ws/install/stacker_cartographer/share/stacker_cartographer/environment/ament_prefix_path.sh
[0.104s] -- Up-to-date symlink: /home/humble/ros_control_ws/install/stacker_cartographer/share/stacker_cartographer/environment/ament_prefix_path.dsv
[0.104s] -- Up-to-date symlink: /home/humble/ros_control_ws/install/stacker_cartographer/share/stacker_cartographer/environment/path.sh
[0.104s] -- Up-to-date symlink: /home/humble/ros_control_ws/install/stacker_cartographer/share/stacker_cartographer/environment/path.dsv
[0.105s] -- Up-to-date symlink: /home/humble/ros_control_ws/install/stacker_cartographer/share/stacker_cartographer/local_setup.bash
[0.105s] -- Up-to-date symlink: /home/humble/ros_control_ws/install/stacker_cartographer/share/stacker_cartographer/local_setup.sh
[0.105s] -- Up-to-date symlink: /home/humble/ros_control_ws/install/stacker_cartographer/share/stacker_cartographer/local_setup.zsh
[0.106s] -- Up-to-date symlink: /home/humble/ros_control_ws/install/stacker_cartographer/share/stacker_cartographer/local_setup.dsv
[0.106s] -- Symlinking: /home/humble/ros_control_ws/install/stacker_cartographer/share/stacker_cartographer/package.dsv
[0.112s] -- Up-to-date symlink: /home/humble/ros_control_ws/install/stacker_cartographer/share/ament_index/resource_index/packages/stacker_cartographer
[0.112s] -- Up-to-date symlink: /home/humble/ros_control_ws/install/stacker_cartographer/share/stacker_cartographer/cmake/stacker_cartographerConfig.cmake
[0.113s] -- Up-to-date symlink: /home/humble/ros_control_ws/install/stacker_cartographer/share/stacker_cartographer/cmake/stacker_cartographerConfig-version.cmake
[0.113s] -- Up-to-date symlink: /home/humble/ros_control_ws/install/stacker_cartographer/share/stacker_cartographer/package.xml
[0.117s] Invoked command in '/home/humble/ros_control_ws/build/stacker_cartographer' returned '0': CMAKE_PREFIX_PATH=/opt/ros/humble /usr/bin/cmake --install /home/humble/ros_control_ws/build/stacker_cartographer
