[0.176s] DEBUG:colcon:Command line arguments: ['/usr/bin/colcon', 'build', '--symlink-install']
[0.176s] DEBUG:colcon:Parsed command line arguments: Namespace(log_base=None, log_level=None, verb_name='build', build_base='build', install_base='install', merge_install=False, symlink_install=True, test_result_base=None, continue_on_error=False, executor='parallel', parallel_workers=16, event_handlers=None, ignore_user_meta=False, metas=['./colcon.meta'], base_paths=['.'], packages_ignore=None, packages_ignore_regex=None, paths=None, packages_up_to=None, packages_up_to_regex=None, packages_above=None, packages_above_and_dependencies=None, packages_above_depth=None, packages_select_by_dep=None, packages_skip_by_dep=None, packages_skip_up_to=None, packages_select_build_failed=False, packages_skip_build_finished=False, packages_select_test_failures=False, packages_skip_test_passed=False, packages_select=None, packages_skip=None, packages_select_regex=None, packages_skip_regex=None, packages_start=None, packages_end=None, allow_overriding=[], cmake_args=None, cmake_target=None, cmake_target_skip_unavailable=False, cmake_clean_cache=False, cmake_clean_first=False, cmake_force_configure=False, ament_cmake_args=None, catkin_cmake_args=None, catkin_skip_building_tests=False, verb_parser=<colcon_defaults.argument_parser.defaults.DefaultArgumentsDecorator object at 0x7fa9ead57e20>, verb_extension=<colcon_core.verb.build.BuildVerb object at 0x7fa9eb70d060>, main=<bound method BuildVerb.main of <colcon_core.verb.build.BuildVerb object at 0x7fa9eb70d060>>)
[0.193s] Level 1:colcon.colcon_core.package_discovery:discover_packages(colcon_meta) check parameters
[0.193s] Level 1:colcon.colcon_core.package_discovery:discover_packages(recursive) check parameters
[0.193s] Level 1:colcon.colcon_core.package_discovery:discover_packages(ignore) check parameters
[0.193s] Level 1:colcon.colcon_core.package_discovery:discover_packages(path) check parameters
[0.193s] Level 1:colcon.colcon_core.package_discovery:discover_packages(colcon_meta) discover
[0.193s] Level 1:colcon.colcon_core.package_discovery:discover_packages(recursive) discover
[0.193s] INFO:colcon.colcon_core.package_discovery:Crawling recursively for packages in '/home/humble/ros_control_ws'
[0.193s] Level 1:colcon.colcon_core.package_identification:_identify(.) by extensions ['ignore', 'ignore_ament_install']
[0.193s] Level 1:colcon.colcon_core.package_identification:_identify(.) by extension 'ignore'
[0.193s] Level 1:colcon.colcon_core.package_identification:_identify(.) by extension 'ignore_ament_install'
[0.193s] Level 1:colcon.colcon_core.package_identification:_identify(.) by extensions ['colcon_pkg']
[0.193s] Level 1:colcon.colcon_core.package_identification:_identify(.) by extension 'colcon_pkg'
[0.193s] Level 1:colcon.colcon_core.package_identification:_identify(.) by extensions ['colcon_meta']
[0.193s] Level 1:colcon.colcon_core.package_identification:_identify(.) by extension 'colcon_meta'
[0.193s] Level 1:colcon.colcon_core.package_identification:_identify(.) by extensions ['ros']
[0.193s] Level 1:colcon.colcon_core.package_identification:_identify(.) by extension 'ros'
[0.200s] Level 1:colcon.colcon_core.package_identification:_identify(.) by extensions ['cmake', 'python']
[0.200s] Level 1:colcon.colcon_core.package_identification:_identify(.) by extension 'cmake'
[0.200s] Level 1:colcon.colcon_core.package_identification:_identify(.) by extension 'python'
[0.200s] Level 1:colcon.colcon_core.package_identification:_identify(.) by extensions ['python_setup_py']
[0.200s] Level 1:colcon.colcon_core.package_identification:_identify(.) by extension 'python_setup_py'
[0.200s] Level 1:colcon.colcon_core.package_identification:_identify(build) by extensions ['ignore', 'ignore_ament_install']
[0.200s] Level 1:colcon.colcon_core.package_identification:_identify(build) by extension 'ignore'
[0.200s] Level 1:colcon.colcon_core.package_identification:_identify(build) ignored
[0.200s] Level 1:colcon.colcon_core.package_identification:_identify(install) by extensions ['ignore', 'ignore_ament_install']
[0.200s] Level 1:colcon.colcon_core.package_identification:_identify(install) by extension 'ignore'
[0.200s] Level 1:colcon.colcon_core.package_identification:_identify(install) ignored
[0.200s] Level 1:colcon.colcon_core.package_identification:_identify(log) by extensions ['ignore', 'ignore_ament_install']
[0.200s] Level 1:colcon.colcon_core.package_identification:_identify(log) by extension 'ignore'
[0.200s] Level 1:colcon.colcon_core.package_identification:_identify(log) ignored
[0.201s] Level 1:colcon.colcon_core.package_identification:_identify(src) by extensions ['ignore', 'ignore_ament_install']
[0.201s] Level 1:colcon.colcon_core.package_identification:_identify(src) by extension 'ignore'
[0.201s] Level 1:colcon.colcon_core.package_identification:_identify(src) by extension 'ignore_ament_install'
[0.201s] Level 1:colcon.colcon_core.package_identification:_identify(src) by extensions ['colcon_pkg']
[0.201s] Level 1:colcon.colcon_core.package_identification:_identify(src) by extension 'colcon_pkg'
[0.201s] Level 1:colcon.colcon_core.package_identification:_identify(src) by extensions ['colcon_meta']
[0.201s] Level 1:colcon.colcon_core.package_identification:_identify(src) by extension 'colcon_meta'
[0.201s] Level 1:colcon.colcon_core.package_identification:_identify(src) by extensions ['ros']
[0.201s] Level 1:colcon.colcon_core.package_identification:_identify(src) by extension 'ros'
[0.201s] Level 1:colcon.colcon_core.package_identification:_identify(src) by extensions ['cmake', 'python']
[0.201s] Level 1:colcon.colcon_core.package_identification:_identify(src) by extension 'cmake'
[0.201s] Level 1:colcon.colcon_core.package_identification:_identify(src) by extension 'python'
[0.201s] Level 1:colcon.colcon_core.package_identification:_identify(src) by extensions ['python_setup_py']
[0.201s] Level 1:colcon.colcon_core.package_identification:_identify(src) by extension 'python_setup_py'
[0.201s] Level 1:colcon.colcon_core.package_identification:_identify(src/gazebo_ros2_control_demos) by extensions ['ignore', 'ignore_ament_install']
[0.201s] Level 1:colcon.colcon_core.package_identification:_identify(src/gazebo_ros2_control_demos) by extension 'ignore'
[0.201s] Level 1:colcon.colcon_core.package_identification:_identify(src/gazebo_ros2_control_demos) by extension 'ignore_ament_install'
[0.201s] Level 1:colcon.colcon_core.package_identification:_identify(src/gazebo_ros2_control_demos) by extensions ['colcon_pkg']
[0.201s] Level 1:colcon.colcon_core.package_identification:_identify(src/gazebo_ros2_control_demos) by extension 'colcon_pkg'
[0.201s] Level 1:colcon.colcon_core.package_identification:_identify(src/gazebo_ros2_control_demos) by extensions ['colcon_meta']
[0.201s] Level 1:colcon.colcon_core.package_identification:_identify(src/gazebo_ros2_control_demos) by extension 'colcon_meta'
[0.201s] Level 1:colcon.colcon_core.package_identification:_identify(src/gazebo_ros2_control_demos) by extensions ['ros']
[0.201s] Level 1:colcon.colcon_core.package_identification:_identify(src/gazebo_ros2_control_demos) by extension 'ros'
[0.203s] DEBUG:colcon.colcon_core.package_identification:Package 'src/gazebo_ros2_control_demos' with type 'ros.ament_cmake' and name 'gazebo_ros2_control_demos'
[0.203s] Level 1:colcon.colcon_core.package_identification:_identify(src/stacker_cartographer) by extensions ['ignore', 'ignore_ament_install']
[0.203s] Level 1:colcon.colcon_core.package_identification:_identify(src/stacker_cartographer) by extension 'ignore'
[0.203s] Level 1:colcon.colcon_core.package_identification:_identify(src/stacker_cartographer) by extension 'ignore_ament_install'
[0.203s] Level 1:colcon.colcon_core.package_identification:_identify(src/stacker_cartographer) by extensions ['colcon_pkg']
[0.203s] Level 1:colcon.colcon_core.package_identification:_identify(src/stacker_cartographer) by extension 'colcon_pkg'
[0.203s] Level 1:colcon.colcon_core.package_identification:_identify(src/stacker_cartographer) by extensions ['colcon_meta']
[0.203s] Level 1:colcon.colcon_core.package_identification:_identify(src/stacker_cartographer) by extension 'colcon_meta'
[0.203s] Level 1:colcon.colcon_core.package_identification:_identify(src/stacker_cartographer) by extensions ['ros']
[0.203s] Level 1:colcon.colcon_core.package_identification:_identify(src/stacker_cartographer) by extension 'ros'
[0.203s] DEBUG:colcon.colcon_core.package_identification:Package 'src/stacker_cartographer' with type 'ros.ament_cmake' and name 'stacker_cartographer'
[0.203s] Level 1:colcon.colcon_core.package_identification:_identify(src/stacker_description) by extensions ['ignore', 'ignore_ament_install']
[0.203s] Level 1:colcon.colcon_core.package_identification:_identify(src/stacker_description) by extension 'ignore'
[0.203s] Level 1:colcon.colcon_core.package_identification:_identify(src/stacker_description) by extension 'ignore_ament_install'
[0.204s] Level 1:colcon.colcon_core.package_identification:_identify(src/stacker_description) by extensions ['colcon_pkg']
[0.204s] Level 1:colcon.colcon_core.package_identification:_identify(src/stacker_description) by extension 'colcon_pkg'
[0.204s] Level 1:colcon.colcon_core.package_identification:_identify(src/stacker_description) by extensions ['colcon_meta']
[0.204s] Level 1:colcon.colcon_core.package_identification:_identify(src/stacker_description) by extension 'colcon_meta'
[0.204s] Level 1:colcon.colcon_core.package_identification:_identify(src/stacker_description) by extensions ['ros']
[0.204s] Level 1:colcon.colcon_core.package_identification:_identify(src/stacker_description) by extension 'ros'
[0.204s] DEBUG:colcon.colcon_core.package_identification:Package 'src/stacker_description' with type 'ros.ament_cmake' and name 'stacker_description'
[0.204s] Level 1:colcon.colcon_core.package_identification:_identify(src/stacker_nav2) by extensions ['ignore', 'ignore_ament_install']
[0.204s] Level 1:colcon.colcon_core.package_identification:_identify(src/stacker_nav2) by extension 'ignore'
[0.204s] Level 1:colcon.colcon_core.package_identification:_identify(src/stacker_nav2) by extension 'ignore_ament_install'
[0.204s] Level 1:colcon.colcon_core.package_identification:_identify(src/stacker_nav2) by extensions ['colcon_pkg']
[0.204s] Level 1:colcon.colcon_core.package_identification:_identify(src/stacker_nav2) by extension 'colcon_pkg'
[0.204s] Level 1:colcon.colcon_core.package_identification:_identify(src/stacker_nav2) by extensions ['colcon_meta']
[0.204s] Level 1:colcon.colcon_core.package_identification:_identify(src/stacker_nav2) by extension 'colcon_meta'
[0.204s] Level 1:colcon.colcon_core.package_identification:_identify(src/stacker_nav2) by extensions ['ros']
[0.204s] Level 1:colcon.colcon_core.package_identification:_identify(src/stacker_nav2) by extension 'ros'
[0.205s] DEBUG:colcon.colcon_core.package_identification:Package 'src/stacker_nav2' with type 'ros.ament_cmake' and name 'stacker_nav2'
[0.205s] Level 1:colcon.colcon_core.package_discovery:discover_packages(recursive) using defaults
[0.205s] Level 1:colcon.colcon_core.package_discovery:discover_packages(ignore) discover
[0.205s] Level 1:colcon.colcon_core.package_discovery:discover_packages(ignore) using defaults
[0.205s] Level 1:colcon.colcon_core.package_discovery:discover_packages(path) discover
[0.205s] Level 1:colcon.colcon_core.package_discovery:discover_packages(path) using defaults
[0.219s] Level 1:colcon.colcon_core.package_discovery:discover_packages(prefix_path) check parameters
[0.219s] Level 1:colcon.colcon_core.package_discovery:discover_packages(prefix_path) discover
[0.221s] DEBUG:colcon.colcon_installed_package_information.package_discovery:Found 4 installed packages in /home/humble/ros_control_ws/install
[0.222s] DEBUG:colcon.colcon_installed_package_information.package_discovery:Found 360 installed packages in /opt/ros/humble
[0.223s] Level 1:colcon.colcon_core.package_discovery:discover_packages(prefix_path) using defaults
[0.263s] Level 5:colcon.colcon_core.verb:set package 'gazebo_ros2_control_demos' build argument 'cmake_args' from command line to 'None'
[0.263s] Level 5:colcon.colcon_core.verb:set package 'gazebo_ros2_control_demos' build argument 'cmake_target' from command line to 'None'
[0.263s] Level 5:colcon.colcon_core.verb:set package 'gazebo_ros2_control_demos' build argument 'cmake_target_skip_unavailable' from command line to 'False'
[0.263s] Level 5:colcon.colcon_core.verb:set package 'gazebo_ros2_control_demos' build argument 'cmake_clean_cache' from command line to 'False'
[0.263s] Level 5:colcon.colcon_core.verb:set package 'gazebo_ros2_control_demos' build argument 'cmake_clean_first' from command line to 'False'
[0.263s] Level 5:colcon.colcon_core.verb:set package 'gazebo_ros2_control_demos' build argument 'cmake_force_configure' from command line to 'False'
[0.263s] Level 5:colcon.colcon_core.verb:set package 'gazebo_ros2_control_demos' build argument 'ament_cmake_args' from command line to 'None'
[0.263s] Level 5:colcon.colcon_core.verb:set package 'gazebo_ros2_control_demos' build argument 'catkin_cmake_args' from command line to 'None'
[0.263s] Level 5:colcon.colcon_core.verb:set package 'gazebo_ros2_control_demos' build argument 'catkin_skip_building_tests' from command line to 'False'
[0.263s] DEBUG:colcon.colcon_core.verb:Building package 'gazebo_ros2_control_demos' with the following arguments: {'ament_cmake_args': None, 'build_base': '/home/humble/ros_control_ws/build/gazebo_ros2_control_demos', 'catkin_cmake_args': None, 'catkin_skip_building_tests': False, 'cmake_args': None, 'cmake_clean_cache': False, 'cmake_clean_first': False, 'cmake_force_configure': False, 'cmake_target': None, 'cmake_target_skip_unavailable': False, 'install_base': '/home/humble/ros_control_ws/install/gazebo_ros2_control_demos', 'merge_install': False, 'path': '/home/humble/ros_control_ws/src/gazebo_ros2_control_demos', 'symlink_install': True, 'test_result_base': None}
[0.263s] Level 5:colcon.colcon_core.verb:set package 'stacker_cartographer' build argument 'cmake_args' from command line to 'None'
[0.263s] Level 5:colcon.colcon_core.verb:set package 'stacker_cartographer' build argument 'cmake_target' from command line to 'None'
[0.263s] Level 5:colcon.colcon_core.verb:set package 'stacker_cartographer' build argument 'cmake_target_skip_unavailable' from command line to 'False'
[0.263s] Level 5:colcon.colcon_core.verb:set package 'stacker_cartographer' build argument 'cmake_clean_cache' from command line to 'False'
[0.263s] Level 5:colcon.colcon_core.verb:set package 'stacker_cartographer' build argument 'cmake_clean_first' from command line to 'False'
[0.263s] Level 5:colcon.colcon_core.verb:set package 'stacker_cartographer' build argument 'cmake_force_configure' from command line to 'False'
[0.263s] Level 5:colcon.colcon_core.verb:set package 'stacker_cartographer' build argument 'ament_cmake_args' from command line to 'None'
[0.263s] Level 5:colcon.colcon_core.verb:set package 'stacker_cartographer' build argument 'catkin_cmake_args' from command line to 'None'
[0.263s] Level 5:colcon.colcon_core.verb:set package 'stacker_cartographer' build argument 'catkin_skip_building_tests' from command line to 'False'
[0.263s] DEBUG:colcon.colcon_core.verb:Building package 'stacker_cartographer' with the following arguments: {'ament_cmake_args': None, 'build_base': '/home/humble/ros_control_ws/build/stacker_cartographer', 'catkin_cmake_args': None, 'catkin_skip_building_tests': False, 'cmake_args': None, 'cmake_clean_cache': False, 'cmake_clean_first': False, 'cmake_force_configure': False, 'cmake_target': None, 'cmake_target_skip_unavailable': False, 'install_base': '/home/humble/ros_control_ws/install/stacker_cartographer', 'merge_install': False, 'path': '/home/humble/ros_control_ws/src/stacker_cartographer', 'symlink_install': True, 'test_result_base': None}
[0.264s] Level 5:colcon.colcon_core.verb:set package 'stacker_description' build argument 'cmake_args' from command line to 'None'
[0.264s] Level 5:colcon.colcon_core.verb:set package 'stacker_description' build argument 'cmake_target' from command line to 'None'
[0.264s] Level 5:colcon.colcon_core.verb:set package 'stacker_description' build argument 'cmake_target_skip_unavailable' from command line to 'False'
[0.264s] Level 5:colcon.colcon_core.verb:set package 'stacker_description' build argument 'cmake_clean_cache' from command line to 'False'
[0.264s] Level 5:colcon.colcon_core.verb:set package 'stacker_description' build argument 'cmake_clean_first' from command line to 'False'
[0.264s] Level 5:colcon.colcon_core.verb:set package 'stacker_description' build argument 'cmake_force_configure' from command line to 'False'
[0.264s] Level 5:colcon.colcon_core.verb:set package 'stacker_description' build argument 'ament_cmake_args' from command line to 'None'
[0.264s] Level 5:colcon.colcon_core.verb:set package 'stacker_description' build argument 'catkin_cmake_args' from command line to 'None'
[0.264s] Level 5:colcon.colcon_core.verb:set package 'stacker_description' build argument 'catkin_skip_building_tests' from command line to 'False'
[0.264s] DEBUG:colcon.colcon_core.verb:Building package 'stacker_description' with the following arguments: {'ament_cmake_args': None, 'build_base': '/home/humble/ros_control_ws/build/stacker_description', 'catkin_cmake_args': None, 'catkin_skip_building_tests': False, 'cmake_args': None, 'cmake_clean_cache': False, 'cmake_clean_first': False, 'cmake_force_configure': False, 'cmake_target': None, 'cmake_target_skip_unavailable': False, 'install_base': '/home/humble/ros_control_ws/install/stacker_description', 'merge_install': False, 'path': '/home/humble/ros_control_ws/src/stacker_description', 'symlink_install': True, 'test_result_base': None}
[0.265s] Level 5:colcon.colcon_core.verb:set package 'stacker_nav2' build argument 'cmake_args' from command line to 'None'
[0.265s] Level 5:colcon.colcon_core.verb:set package 'stacker_nav2' build argument 'cmake_target' from command line to 'None'
[0.265s] Level 5:colcon.colcon_core.verb:set package 'stacker_nav2' build argument 'cmake_target_skip_unavailable' from command line to 'False'
[0.265s] Level 5:colcon.colcon_core.verb:set package 'stacker_nav2' build argument 'cmake_clean_cache' from command line to 'False'
[0.265s] Level 5:colcon.colcon_core.verb:set package 'stacker_nav2' build argument 'cmake_clean_first' from command line to 'False'
[0.265s] Level 5:colcon.colcon_core.verb:set package 'stacker_nav2' build argument 'cmake_force_configure' from command line to 'False'
[0.265s] Level 5:colcon.colcon_core.verb:set package 'stacker_nav2' build argument 'ament_cmake_args' from command line to 'None'
[0.265s] Level 5:colcon.colcon_core.verb:set package 'stacker_nav2' build argument 'catkin_cmake_args' from command line to 'None'
[0.265s] Level 5:colcon.colcon_core.verb:set package 'stacker_nav2' build argument 'catkin_skip_building_tests' from command line to 'False'
[0.265s] DEBUG:colcon.colcon_core.verb:Building package 'stacker_nav2' with the following arguments: {'ament_cmake_args': None, 'build_base': '/home/humble/ros_control_ws/build/stacker_nav2', 'catkin_cmake_args': None, 'catkin_skip_building_tests': False, 'cmake_args': None, 'cmake_clean_cache': False, 'cmake_clean_first': False, 'cmake_force_configure': False, 'cmake_target': None, 'cmake_target_skip_unavailable': False, 'install_base': '/home/humble/ros_control_ws/install/stacker_nav2', 'merge_install': False, 'path': '/home/humble/ros_control_ws/src/stacker_nav2', 'symlink_install': True, 'test_result_base': None}
[0.265s] INFO:colcon.colcon_core.executor:Executing jobs using 'parallel' executor
[0.268s] DEBUG:colcon.colcon_parallel_executor.executor.parallel:run_until_complete
[0.268s] INFO:colcon.colcon_ros.task.ament_cmake.build:Building ROS package in '/home/humble/ros_control_ws/src/gazebo_ros2_control_demos' with build type 'ament_cmake'
[0.268s] INFO:colcon.colcon_cmake.task.cmake.build:Building CMake package in '/home/humble/ros_control_ws/src/gazebo_ros2_control_demos'
[0.270s] INFO:colcon.colcon_core.plugin_system:Skipping extension 'colcon_core.shell.bat': Not used on non-Windows systems
[0.270s] INFO:colcon.colcon_core.shell:Skip shell extension 'powershell' for command environment: Not usable outside of PowerShell
[0.270s] DEBUG:colcon.colcon_core.shell:Skip shell extension 'dsv' for command environment
[0.274s] INFO:colcon.colcon_ros.task.ament_cmake.build:Building ROS package in '/home/humble/ros_control_ws/src/stacker_cartographer' with build type 'ament_cmake'
[0.274s] INFO:colcon.colcon_cmake.task.cmake.build:Building CMake package in '/home/humble/ros_control_ws/src/stacker_cartographer'
[0.274s] INFO:colcon.colcon_core.shell:Skip shell extension 'powershell' for command environment: Not usable outside of PowerShell
[0.274s] DEBUG:colcon.colcon_core.shell:Skip shell extension 'dsv' for command environment
[0.277s] INFO:colcon.colcon_ros.task.ament_cmake.build:Building ROS package in '/home/humble/ros_control_ws/src/stacker_description' with build type 'ament_cmake'
[0.277s] INFO:colcon.colcon_cmake.task.cmake.build:Building CMake package in '/home/humble/ros_control_ws/src/stacker_description'
[0.278s] INFO:colcon.colcon_core.shell:Skip shell extension 'powershell' for command environment: Not usable outside of PowerShell
[0.278s] DEBUG:colcon.colcon_core.shell:Skip shell extension 'dsv' for command environment
[0.281s] INFO:colcon.colcon_ros.task.ament_cmake.build:Building ROS package in '/home/humble/ros_control_ws/src/stacker_nav2' with build type 'ament_cmake'
[0.281s] INFO:colcon.colcon_cmake.task.cmake.build:Building CMake package in '/home/humble/ros_control_ws/src/stacker_nav2'
[0.281s] INFO:colcon.colcon_core.shell:Skip shell extension 'powershell' for command environment: Not usable outside of PowerShell
[0.281s] DEBUG:colcon.colcon_core.shell:Skip shell extension 'dsv' for command environment
[0.298s] DEBUG:colcon.colcon_core.event_handler.log_command:Invoking command in '/home/humble/ros_control_ws/build/gazebo_ros2_control_demos': CMAKE_PREFIX_PATH=${CMAKE_PREFIX_PATH}:/opt/ros/humble /usr/bin/cmake --build /home/humble/ros_control_ws/build/gazebo_ros2_control_demos -- -j16 -l16
[0.302s] DEBUG:colcon.colcon_core.event_handler.log_command:Invoking command in '/home/humble/ros_control_ws/build/stacker_cartographer': CMAKE_PREFIX_PATH=${CMAKE_PREFIX_PATH}:/opt/ros/humble /usr/bin/cmake --build /home/humble/ros_control_ws/build/stacker_cartographer -- -j16 -l16
[0.305s] DEBUG:colcon.colcon_core.event_handler.log_command:Invoking command in '/home/humble/ros_control_ws/build/stacker_description': CMAKE_PREFIX_PATH=${CMAKE_PREFIX_PATH}:/opt/ros/humble /usr/bin/cmake --build /home/humble/ros_control_ws/build/stacker_description -- -j16 -l16
[0.308s] DEBUG:colcon.colcon_core.event_handler.log_command:Invoking command in '/home/humble/ros_control_ws/build/stacker_nav2': CMAKE_PREFIX_PATH=${CMAKE_PREFIX_PATH}:/opt/ros/humble /usr/bin/cmake /home/humble/ros_control_ws/src/stacker_nav2 -DAMENT_CMAKE_SYMLINK_INSTALL=1 -DCMAKE_INSTALL_PREFIX=/home/humble/ros_control_ws/install/stacker_nav2
[0.331s] DEBUG:colcon.colcon_core.event_handler.log_command:Invoked command in '/home/humble/ros_control_ws/build/stacker_cartographer' returned '0': CMAKE_PREFIX_PATH=${CMAKE_PREFIX_PATH}:/opt/ros/humble /usr/bin/cmake --build /home/humble/ros_control_ws/build/stacker_cartographer -- -j16 -l16
[0.342s] DEBUG:colcon.colcon_core.event_handler.log_command:Invoked command in '/home/humble/ros_control_ws/build/stacker_description' returned '0': CMAKE_PREFIX_PATH=${CMAKE_PREFIX_PATH}:/opt/ros/humble /usr/bin/cmake --build /home/humble/ros_control_ws/build/stacker_description -- -j16 -l16
[0.349s] DEBUG:colcon.colcon_core.event_handler.log_command:Invoking command in '/home/humble/ros_control_ws/build/stacker_cartographer': CMAKE_PREFIX_PATH=${CMAKE_PREFIX_PATH}:/opt/ros/humble /usr/bin/cmake --install /home/humble/ros_control_ws/build/stacker_cartographer
[0.358s] DEBUG:colcon.colcon_core.event_handler.log_command:Invoking command in '/home/humble/ros_control_ws/build/stacker_description': CMAKE_PREFIX_PATH=${CMAKE_PREFIX_PATH}:/opt/ros/humble /usr/bin/cmake --install /home/humble/ros_control_ws/build/stacker_description
[0.372s] Level 1:colcon.colcon_core.environment:create_environment_scripts_only(stacker_cartographer)
[0.372s] DEBUG:colcon.colcon_core.event_handler.log_command:Invoked command in '/home/humble/ros_control_ws/build/stacker_cartographer' returned '0': CMAKE_PREFIX_PATH=${CMAKE_PREFIX_PATH}:/opt/ros/humble /usr/bin/cmake --install /home/humble/ros_control_ws/build/stacker_cartographer
[0.375s] Level 1:colcon.colcon_core.environment:checking '/home/humble/ros_control_ws/install/stacker_cartographer' for CMake module files
[0.376s] Level 1:colcon.colcon_core.environment:checking '/home/humble/ros_control_ws/install/stacker_cartographer' for CMake config files
[0.377s] Level 1:colcon.colcon_core.shell:create_environment_hook('stacker_cartographer', 'cmake_prefix_path')
[0.378s] INFO:colcon.colcon_core.shell:Creating environment hook '/home/humble/ros_control_ws/install/stacker_cartographer/share/stacker_cartographer/hook/cmake_prefix_path.ps1'
[0.382s] INFO:colcon.colcon_core.shell:Creating environment descriptor '/home/humble/ros_control_ws/install/stacker_cartographer/share/stacker_cartographer/hook/cmake_prefix_path.dsv'
[0.382s] INFO:colcon.colcon_core.shell:Creating environment hook '/home/humble/ros_control_ws/install/stacker_cartographer/share/stacker_cartographer/hook/cmake_prefix_path.sh'
[0.383s] Level 1:colcon.colcon_core.environment:checking '/home/humble/ros_control_ws/install/stacker_cartographer/bin'
[0.383s] Level 1:colcon.colcon_core.environment:checking '/home/humble/ros_control_ws/install/stacker_cartographer/lib/pkgconfig/stacker_cartographer.pc'
[0.383s] Level 1:colcon.colcon_core.environment:checking '/home/humble/ros_control_ws/install/stacker_cartographer/lib/python3.10/site-packages'
[0.384s] Level 1:colcon.colcon_core.environment:checking '/home/humble/ros_control_ws/install/stacker_cartographer/bin'
[0.385s] INFO:colcon.colcon_core.shell:Creating package script '/home/humble/ros_control_ws/install/stacker_cartographer/share/stacker_cartographer/package.ps1'
[0.386s] INFO:colcon.colcon_core.shell:Creating package descriptor '/home/humble/ros_control_ws/install/stacker_cartographer/share/stacker_cartographer/package.dsv'
[0.387s] INFO:colcon.colcon_core.shell:Creating package script '/home/humble/ros_control_ws/install/stacker_cartographer/share/stacker_cartographer/package.sh'
[0.388s] INFO:colcon.colcon_core.shell:Creating package script '/home/humble/ros_control_ws/install/stacker_cartographer/share/stacker_cartographer/package.bash'
[0.390s] INFO:colcon.colcon_core.shell:Creating package script '/home/humble/ros_control_ws/install/stacker_cartographer/share/stacker_cartographer/package.zsh'
[0.401s] Level 1:colcon.colcon_core.environment:create_file_with_runtime_dependencies(/home/humble/ros_control_ws/install/stacker_cartographer/share/colcon-core/packages/stacker_cartographer)
[0.404s] DEBUG:colcon.colcon_core.event_handler.log_command:Invoked command in '/home/humble/ros_control_ws/build/gazebo_ros2_control_demos' returned '0': CMAKE_PREFIX_PATH=${CMAKE_PREFIX_PATH}:/opt/ros/humble /usr/bin/cmake --build /home/humble/ros_control_ws/build/gazebo_ros2_control_demos -- -j16 -l16
[0.405s] Level 1:colcon.colcon_core.environment:create_environment_scripts_only(stacker_description)
[0.406s] DEBUG:colcon.colcon_core.event_handler.log_command:Invoked command in '/home/humble/ros_control_ws/build/stacker_description' returned '0': CMAKE_PREFIX_PATH=${CMAKE_PREFIX_PATH}:/opt/ros/humble /usr/bin/cmake --install /home/humble/ros_control_ws/build/stacker_description
[0.408s] Level 1:colcon.colcon_core.environment:checking '/home/humble/ros_control_ws/install/stacker_description' for CMake module files
[0.409s] Level 1:colcon.colcon_core.environment:checking '/home/humble/ros_control_ws/install/stacker_description' for CMake config files
[0.409s] Level 1:colcon.colcon_core.shell:create_environment_hook('stacker_description', 'cmake_prefix_path')
[0.411s] INFO:colcon.colcon_core.shell:Creating environment hook '/home/humble/ros_control_ws/install/stacker_description/share/stacker_description/hook/cmake_prefix_path.ps1'
[0.412s] INFO:colcon.colcon_core.shell:Creating environment descriptor '/home/humble/ros_control_ws/install/stacker_description/share/stacker_description/hook/cmake_prefix_path.dsv'
[0.413s] INFO:colcon.colcon_core.shell:Creating environment hook '/home/humble/ros_control_ws/install/stacker_description/share/stacker_description/hook/cmake_prefix_path.sh'
[0.414s] Level 1:colcon.colcon_core.environment:checking '/home/humble/ros_control_ws/install/stacker_description/bin'
[0.414s] Level 1:colcon.colcon_core.environment:checking '/home/humble/ros_control_ws/install/stacker_description/lib/pkgconfig/stacker_description.pc'
[0.414s] Level 1:colcon.colcon_core.environment:checking '/home/humble/ros_control_ws/install/stacker_description/lib/python3.10/site-packages'
[0.414s] Level 1:colcon.colcon_core.environment:checking '/home/humble/ros_control_ws/install/stacker_description/bin'
[0.416s] INFO:colcon.colcon_core.shell:Creating package script '/home/humble/ros_control_ws/install/stacker_description/share/stacker_description/package.ps1'
[0.416s] INFO:colcon.colcon_core.shell:Creating package descriptor '/home/humble/ros_control_ws/install/stacker_description/share/stacker_description/package.dsv'
[0.417s] INFO:colcon.colcon_core.shell:Creating package script '/home/humble/ros_control_ws/install/stacker_description/share/stacker_description/package.sh'
[0.417s] INFO:colcon.colcon_core.shell:Creating package script '/home/humble/ros_control_ws/install/stacker_description/share/stacker_description/package.bash'
[0.418s] INFO:colcon.colcon_core.shell:Creating package script '/home/humble/ros_control_ws/install/stacker_description/share/stacker_description/package.zsh'
[0.418s] Level 1:colcon.colcon_core.environment:create_file_with_runtime_dependencies(/home/humble/ros_control_ws/install/stacker_description/share/colcon-core/packages/stacker_description)
[0.422s] Level 1:colcon.colcon_core.environment:create_environment_scripts_only(stacker_cartographer)
[0.424s] Level 1:colcon.colcon_core.environment:checking '/home/humble/ros_control_ws/install/stacker_cartographer' for CMake module files
[0.424s] Level 1:colcon.colcon_core.environment:checking '/home/humble/ros_control_ws/install/stacker_cartographer' for CMake config files
[0.424s] Level 1:colcon.colcon_core.shell:create_environment_hook('stacker_cartographer', 'cmake_prefix_path')
[0.426s] INFO:colcon.colcon_core.shell:Creating environment hook '/home/humble/ros_control_ws/install/stacker_cartographer/share/stacker_cartographer/hook/cmake_prefix_path.ps1'
[0.427s] INFO:colcon.colcon_core.shell:Creating environment descriptor '/home/humble/ros_control_ws/install/stacker_cartographer/share/stacker_cartographer/hook/cmake_prefix_path.dsv'
[0.427s] INFO:colcon.colcon_core.shell:Creating environment hook '/home/humble/ros_control_ws/install/stacker_cartographer/share/stacker_cartographer/hook/cmake_prefix_path.sh'
[0.428s] Level 1:colcon.colcon_core.environment:checking '/home/humble/ros_control_ws/install/stacker_cartographer/bin'
[0.428s] Level 1:colcon.colcon_core.environment:checking '/home/humble/ros_control_ws/install/stacker_cartographer/lib/pkgconfig/stacker_cartographer.pc'
[0.428s] Level 1:colcon.colcon_core.environment:checking '/home/humble/ros_control_ws/install/stacker_cartographer/lib/python3.10/site-packages'
[0.428s] Level 1:colcon.colcon_core.environment:checking '/home/humble/ros_control_ws/install/stacker_cartographer/bin'
[0.430s] INFO:colcon.colcon_core.shell:Creating package script '/home/humble/ros_control_ws/install/stacker_cartographer/share/stacker_cartographer/package.ps1'
[0.430s] INFO:colcon.colcon_core.shell:Creating package descriptor '/home/humble/ros_control_ws/install/stacker_cartographer/share/stacker_cartographer/package.dsv'
[0.431s] INFO:colcon.colcon_core.shell:Creating package script '/home/humble/ros_control_ws/install/stacker_cartographer/share/stacker_cartographer/package.sh'
[0.431s] INFO:colcon.colcon_core.shell:Creating package script '/home/humble/ros_control_ws/install/stacker_cartographer/share/stacker_cartographer/package.bash'
[0.442s] INFO:colcon.colcon_core.shell:Creating package script '/home/humble/ros_control_ws/install/stacker_cartographer/share/stacker_cartographer/package.zsh'
[0.452s] Level 1:colcon.colcon_core.environment:create_file_with_runtime_dependencies(/home/humble/ros_control_ws/install/stacker_cartographer/share/colcon-core/packages/stacker_cartographer)
[0.454s] Level 1:colcon.colcon_core.environment:create_environment_scripts_only(stacker_description)
[0.456s] Level 1:colcon.colcon_core.environment:checking '/home/humble/ros_control_ws/install/stacker_description' for CMake module files
[0.456s] Level 1:colcon.colcon_core.environment:checking '/home/humble/ros_control_ws/install/stacker_description' for CMake config files
[0.456s] DEBUG:colcon.colcon_core.event_handler.log_command:Invoking command in '/home/humble/ros_control_ws/build/gazebo_ros2_control_demos': CMAKE_PREFIX_PATH=${CMAKE_PREFIX_PATH}:/opt/ros/humble /usr/bin/cmake --install /home/humble/ros_control_ws/build/gazebo_ros2_control_demos
[0.456s] Level 1:colcon.colcon_core.shell:create_environment_hook('stacker_description', 'cmake_prefix_path')
[0.457s] INFO:colcon.colcon_core.shell:Creating environment hook '/home/humble/ros_control_ws/install/stacker_description/share/stacker_description/hook/cmake_prefix_path.ps1'
[0.457s] INFO:colcon.colcon_core.shell:Creating environment descriptor '/home/humble/ros_control_ws/install/stacker_description/share/stacker_description/hook/cmake_prefix_path.dsv'
[0.458s] INFO:colcon.colcon_core.shell:Creating environment hook '/home/humble/ros_control_ws/install/stacker_description/share/stacker_description/hook/cmake_prefix_path.sh'
[0.458s] Level 1:colcon.colcon_core.environment:checking '/home/humble/ros_control_ws/install/stacker_description/bin'
[0.458s] Level 1:colcon.colcon_core.environment:checking '/home/humble/ros_control_ws/install/stacker_description/lib/pkgconfig/stacker_description.pc'
[0.458s] Level 1:colcon.colcon_core.environment:checking '/home/humble/ros_control_ws/install/stacker_description/lib/python3.10/site-packages'
[0.458s] Level 1:colcon.colcon_core.environment:checking '/home/humble/ros_control_ws/install/stacker_description/bin'
[0.459s] INFO:colcon.colcon_core.shell:Creating package script '/home/humble/ros_control_ws/install/stacker_description/share/stacker_description/package.ps1'
[0.460s] INFO:colcon.colcon_core.shell:Creating package descriptor '/home/humble/ros_control_ws/install/stacker_description/share/stacker_description/package.dsv'
[0.460s] INFO:colcon.colcon_core.shell:Creating package script '/home/humble/ros_control_ws/install/stacker_description/share/stacker_description/package.sh'
[0.460s] INFO:colcon.colcon_core.shell:Creating package script '/home/humble/ros_control_ws/install/stacker_description/share/stacker_description/package.bash'
[0.460s] INFO:colcon.colcon_core.shell:Creating package script '/home/humble/ros_control_ws/install/stacker_description/share/stacker_description/package.zsh'
[0.461s] Level 1:colcon.colcon_core.environment:create_file_with_runtime_dependencies(/home/humble/ros_control_ws/install/stacker_description/share/colcon-core/packages/stacker_description)
[0.484s] Level 1:colcon.colcon_core.environment:create_environment_scripts_only(gazebo_ros2_control_demos)
[0.486s] Level 1:colcon.colcon_core.environment:checking '/home/humble/ros_control_ws/install/gazebo_ros2_control_demos' for CMake module files
[0.487s] DEBUG:colcon.colcon_core.event_handler.log_command:Invoked command in '/home/humble/ros_control_ws/build/gazebo_ros2_control_demos' returned '0': CMAKE_PREFIX_PATH=${CMAKE_PREFIX_PATH}:/opt/ros/humble /usr/bin/cmake --install /home/humble/ros_control_ws/build/gazebo_ros2_control_demos
[0.487s] Level 1:colcon.colcon_core.environment:checking '/home/humble/ros_control_ws/install/gazebo_ros2_control_demos' for CMake config files
[0.487s] Level 1:colcon.colcon_core.shell:create_environment_hook('gazebo_ros2_control_demos', 'cmake_prefix_path')
[0.489s] INFO:colcon.colcon_core.shell:Creating environment hook '/home/humble/ros_control_ws/install/gazebo_ros2_control_demos/share/gazebo_ros2_control_demos/hook/cmake_prefix_path.ps1'
[0.498s] INFO:colcon.colcon_core.shell:Creating environment descriptor '/home/humble/ros_control_ws/install/gazebo_ros2_control_demos/share/gazebo_ros2_control_demos/hook/cmake_prefix_path.dsv'
[0.499s] INFO:colcon.colcon_core.shell:Creating environment hook '/home/humble/ros_control_ws/install/gazebo_ros2_control_demos/share/gazebo_ros2_control_demos/hook/cmake_prefix_path.sh'
[0.499s] Level 1:colcon.colcon_core.environment:checking '/home/humble/ros_control_ws/install/gazebo_ros2_control_demos/lib'
[0.500s] Level 1:colcon.colcon_core.environment:checking '/home/humble/ros_control_ws/install/gazebo_ros2_control_demos/bin'
[0.500s] Level 1:colcon.colcon_core.environment:checking '/home/humble/ros_control_ws/install/gazebo_ros2_control_demos/lib/pkgconfig/gazebo_ros2_control_demos.pc'
[0.500s] Level 1:colcon.colcon_core.environment:checking '/home/humble/ros_control_ws/install/gazebo_ros2_control_demos/lib/python3.10/site-packages'
[0.500s] Level 1:colcon.colcon_core.environment:checking '/home/humble/ros_control_ws/install/gazebo_ros2_control_demos/bin'
[0.501s] INFO:colcon.colcon_core.shell:Creating package script '/home/humble/ros_control_ws/install/gazebo_ros2_control_demos/share/gazebo_ros2_control_demos/package.ps1'
[0.502s] INFO:colcon.colcon_core.shell:Creating package descriptor '/home/humble/ros_control_ws/install/gazebo_ros2_control_demos/share/gazebo_ros2_control_demos/package.dsv'
[0.502s] INFO:colcon.colcon_core.shell:Creating package script '/home/humble/ros_control_ws/install/gazebo_ros2_control_demos/share/gazebo_ros2_control_demos/package.sh'
[0.512s] INFO:colcon.colcon_core.shell:Creating package script '/home/humble/ros_control_ws/install/gazebo_ros2_control_demos/share/gazebo_ros2_control_demos/package.bash'
[0.513s] INFO:colcon.colcon_core.shell:Creating package script '/home/humble/ros_control_ws/install/gazebo_ros2_control_demos/share/gazebo_ros2_control_demos/package.zsh'
[0.513s] Level 1:colcon.colcon_core.environment:create_file_with_runtime_dependencies(/home/humble/ros_control_ws/install/gazebo_ros2_control_demos/share/colcon-core/packages/gazebo_ros2_control_demos)
[0.518s] DEBUG:colcon.colcon_core.event_handler.log_command:Invoked command in '/home/humble/ros_control_ws/build/stacker_nav2' returned '0': CMAKE_PREFIX_PATH=${CMAKE_PREFIX_PATH}:/opt/ros/humble /usr/bin/cmake /home/humble/ros_control_ws/src/stacker_nav2 -DAMENT_CMAKE_SYMLINK_INSTALL=1 -DCMAKE_INSTALL_PREFIX=/home/humble/ros_control_ws/install/stacker_nav2
[0.519s] DEBUG:colcon.colcon_core.event_handler.log_command:Invoking command in '/home/humble/ros_control_ws/build/stacker_nav2': CMAKE_PREFIX_PATH=${CMAKE_PREFIX_PATH}:/opt/ros/humble /usr/bin/cmake --build /home/humble/ros_control_ws/build/stacker_nav2 -- -j16 -l16
[0.539s] Level 1:colcon.colcon_core.environment:create_environment_scripts_only(gazebo_ros2_control_demos)
[0.540s] Level 1:colcon.colcon_core.environment:checking '/home/humble/ros_control_ws/install/gazebo_ros2_control_demos' for CMake module files
[0.541s] Level 1:colcon.colcon_core.environment:checking '/home/humble/ros_control_ws/install/gazebo_ros2_control_demos' for CMake config files
[0.541s] Level 1:colcon.colcon_core.shell:create_environment_hook('gazebo_ros2_control_demos', 'cmake_prefix_path')
[0.541s] INFO:colcon.colcon_core.shell:Creating environment hook '/home/humble/ros_control_ws/install/gazebo_ros2_control_demos/share/gazebo_ros2_control_demos/hook/cmake_prefix_path.ps1'
[0.542s] INFO:colcon.colcon_core.shell:Creating environment descriptor '/home/humble/ros_control_ws/install/gazebo_ros2_control_demos/share/gazebo_ros2_control_demos/hook/cmake_prefix_path.dsv'
[0.542s] INFO:colcon.colcon_core.shell:Creating environment hook '/home/humble/ros_control_ws/install/gazebo_ros2_control_demos/share/gazebo_ros2_control_demos/hook/cmake_prefix_path.sh'
[0.543s] Level 1:colcon.colcon_core.environment:checking '/home/humble/ros_control_ws/install/gazebo_ros2_control_demos/lib'
[0.543s] Level 1:colcon.colcon_core.environment:checking '/home/humble/ros_control_ws/install/gazebo_ros2_control_demos/bin'
[0.543s] Level 1:colcon.colcon_core.environment:checking '/home/humble/ros_control_ws/install/gazebo_ros2_control_demos/lib/pkgconfig/gazebo_ros2_control_demos.pc'
[0.543s] Level 1:colcon.colcon_core.environment:checking '/home/humble/ros_control_ws/install/gazebo_ros2_control_demos/lib/python3.10/site-packages'
[0.543s] Level 1:colcon.colcon_core.environment:checking '/home/humble/ros_control_ws/install/gazebo_ros2_control_demos/bin'
[0.544s] INFO:colcon.colcon_core.shell:Creating package script '/home/humble/ros_control_ws/install/gazebo_ros2_control_demos/share/gazebo_ros2_control_demos/package.ps1'
[0.544s] INFO:colcon.colcon_core.shell:Creating package descriptor '/home/humble/ros_control_ws/install/gazebo_ros2_control_demos/share/gazebo_ros2_control_demos/package.dsv'
[0.545s] INFO:colcon.colcon_core.shell:Creating package script '/home/humble/ros_control_ws/install/gazebo_ros2_control_demos/share/gazebo_ros2_control_demos/package.sh'
[0.545s] INFO:colcon.colcon_core.shell:Creating package script '/home/humble/ros_control_ws/install/gazebo_ros2_control_demos/share/gazebo_ros2_control_demos/package.bash'
[0.545s] INFO:colcon.colcon_core.shell:Creating package script '/home/humble/ros_control_ws/install/gazebo_ros2_control_demos/share/gazebo_ros2_control_demos/package.zsh'
[0.546s] Level 1:colcon.colcon_core.environment:create_file_with_runtime_dependencies(/home/humble/ros_control_ws/install/gazebo_ros2_control_demos/share/colcon-core/packages/gazebo_ros2_control_demos)
[0.548s] DEBUG:colcon.colcon_core.event_handler.log_command:Invoked command in '/home/humble/ros_control_ws/build/stacker_nav2' returned '0': CMAKE_PREFIX_PATH=${CMAKE_PREFIX_PATH}:/opt/ros/humble /usr/bin/cmake --build /home/humble/ros_control_ws/build/stacker_nav2 -- -j16 -l16
[0.559s] DEBUG:colcon.colcon_core.event_handler.log_command:Invoking command in '/home/humble/ros_control_ws/build/stacker_nav2': CMAKE_PREFIX_PATH=${CMAKE_PREFIX_PATH}:/opt/ros/humble /usr/bin/cmake --install /home/humble/ros_control_ws/build/stacker_nav2
[0.653s] Level 1:colcon.colcon_core.environment:create_environment_scripts_only(stacker_nav2)
[0.655s] Level 1:colcon.colcon_core.environment:checking '/home/humble/ros_control_ws/install/stacker_nav2' for CMake module files
[0.655s] DEBUG:colcon.colcon_core.event_handler.log_command:Invoked command in '/home/humble/ros_control_ws/build/stacker_nav2' returned '0': CMAKE_PREFIX_PATH=${CMAKE_PREFIX_PATH}:/opt/ros/humble /usr/bin/cmake --install /home/humble/ros_control_ws/build/stacker_nav2
[0.656s] Level 1:colcon.colcon_core.environment:checking '/home/humble/ros_control_ws/install/stacker_nav2' for CMake config files
[0.656s] Level 1:colcon.colcon_core.shell:create_environment_hook('stacker_nav2', 'cmake_prefix_path')
[0.657s] INFO:colcon.colcon_core.shell:Creating environment hook '/home/humble/ros_control_ws/install/stacker_nav2/share/stacker_nav2/hook/cmake_prefix_path.ps1'
[0.657s] INFO:colcon.colcon_core.shell:Creating environment descriptor '/home/humble/ros_control_ws/install/stacker_nav2/share/stacker_nav2/hook/cmake_prefix_path.dsv'
[0.657s] INFO:colcon.colcon_core.shell:Creating environment hook '/home/humble/ros_control_ws/install/stacker_nav2/share/stacker_nav2/hook/cmake_prefix_path.sh'
[0.658s] Level 1:colcon.colcon_core.environment:checking '/home/humble/ros_control_ws/install/stacker_nav2/bin'
[0.658s] Level 1:colcon.colcon_core.environment:checking '/home/humble/ros_control_ws/install/stacker_nav2/lib/pkgconfig/stacker_nav2.pc'
[0.658s] Level 1:colcon.colcon_core.environment:checking '/home/humble/ros_control_ws/install/stacker_nav2/lib/python3.10/site-packages'
[0.658s] Level 1:colcon.colcon_core.environment:checking '/home/humble/ros_control_ws/install/stacker_nav2/bin'
[0.659s] INFO:colcon.colcon_core.shell:Creating package script '/home/humble/ros_control_ws/install/stacker_nav2/share/stacker_nav2/package.ps1'
[0.659s] INFO:colcon.colcon_core.shell:Creating package descriptor '/home/humble/ros_control_ws/install/stacker_nav2/share/stacker_nav2/package.dsv'
[0.660s] INFO:colcon.colcon_core.shell:Creating package script '/home/humble/ros_control_ws/install/stacker_nav2/share/stacker_nav2/package.sh'
[0.660s] INFO:colcon.colcon_core.shell:Creating package script '/home/humble/ros_control_ws/install/stacker_nav2/share/stacker_nav2/package.bash'
[0.679s] INFO:colcon.colcon_core.shell:Creating package script '/home/humble/ros_control_ws/install/stacker_nav2/share/stacker_nav2/package.zsh'
[0.679s] Level 1:colcon.colcon_core.environment:create_file_with_runtime_dependencies(/home/humble/ros_control_ws/install/stacker_nav2/share/colcon-core/packages/stacker_nav2)
[0.691s] Level 1:colcon.colcon_core.environment:create_environment_scripts_only(stacker_nav2)
[0.692s] Level 1:colcon.colcon_core.environment:checking '/home/humble/ros_control_ws/install/stacker_nav2' for CMake module files
[0.692s] Level 1:colcon.colcon_core.environment:checking '/home/humble/ros_control_ws/install/stacker_nav2' for CMake config files
[0.692s] Level 1:colcon.colcon_core.shell:create_environment_hook('stacker_nav2', 'cmake_prefix_path')
[0.693s] INFO:colcon.colcon_core.shell:Creating environment hook '/home/humble/ros_control_ws/install/stacker_nav2/share/stacker_nav2/hook/cmake_prefix_path.ps1'
[0.693s] INFO:colcon.colcon_core.shell:Creating environment descriptor '/home/humble/ros_control_ws/install/stacker_nav2/share/stacker_nav2/hook/cmake_prefix_path.dsv'
[0.693s] INFO:colcon.colcon_core.shell:Creating environment hook '/home/humble/ros_control_ws/install/stacker_nav2/share/stacker_nav2/hook/cmake_prefix_path.sh'
[0.694s] Level 1:colcon.colcon_core.environment:checking '/home/humble/ros_control_ws/install/stacker_nav2/bin'
[0.694s] Level 1:colcon.colcon_core.environment:checking '/home/humble/ros_control_ws/install/stacker_nav2/lib/pkgconfig/stacker_nav2.pc'
[0.694s] Level 1:colcon.colcon_core.environment:checking '/home/humble/ros_control_ws/install/stacker_nav2/lib/python3.10/site-packages'
[0.694s] Level 1:colcon.colcon_core.environment:checking '/home/humble/ros_control_ws/install/stacker_nav2/bin'
[0.695s] INFO:colcon.colcon_core.shell:Creating package script '/home/humble/ros_control_ws/install/stacker_nav2/share/stacker_nav2/package.ps1'
[0.695s] INFO:colcon.colcon_core.shell:Creating package descriptor '/home/humble/ros_control_ws/install/stacker_nav2/share/stacker_nav2/package.dsv'
[0.696s] INFO:colcon.colcon_core.shell:Creating package script '/home/humble/ros_control_ws/install/stacker_nav2/share/stacker_nav2/package.sh'
[0.696s] INFO:colcon.colcon_core.shell:Creating package script '/home/humble/ros_control_ws/install/stacker_nav2/share/stacker_nav2/package.bash'
[0.696s] INFO:colcon.colcon_core.shell:Creating package script '/home/humble/ros_control_ws/install/stacker_nav2/share/stacker_nav2/package.zsh'
[0.697s] Level 1:colcon.colcon_core.environment:create_file_with_runtime_dependencies(/home/humble/ros_control_ws/install/stacker_nav2/share/colcon-core/packages/stacker_nav2)
[0.697s] DEBUG:colcon.colcon_parallel_executor.executor.parallel:closing loop
[0.697s] DEBUG:colcon.colcon_parallel_executor.executor.parallel:loop closed
[0.697s] DEBUG:colcon.colcon_parallel_executor.executor.parallel:run_until_complete finished with '0'
[0.697s] DEBUG:colcon.colcon_core.event_reactor:joining thread
[0.701s] INFO:colcon.colcon_core.plugin_system:Skipping extension 'colcon_notification.desktop_notification.terminal_notifier': Not used on non-Darwin systems
[0.701s] INFO:colcon.colcon_core.plugin_system:Skipping extension 'colcon_notification.desktop_notification.win32': Not used on non-Windows systems
[0.701s] INFO:colcon.colcon_notification.desktop_notification:Sending desktop notification using 'notify2'
[0.710s] DEBUG:colcon.colcon_core.event_reactor:joined thread
[0.710s] INFO:colcon.colcon_core.shell:Creating prefix script '/home/humble/ros_control_ws/install/local_setup.ps1'
[0.711s] INFO:colcon.colcon_core.shell:Creating prefix util module '/home/humble/ros_control_ws/install/_local_setup_util_ps1.py'
[0.713s] INFO:colcon.colcon_core.shell:Creating prefix chain script '/home/humble/ros_control_ws/install/setup.ps1'
[0.725s] INFO:colcon.colcon_core.shell:Creating prefix script '/home/humble/ros_control_ws/install/local_setup.sh'
[0.726s] INFO:colcon.colcon_core.shell:Creating prefix util module '/home/humble/ros_control_ws/install/_local_setup_util_sh.py'
[0.727s] INFO:colcon.colcon_core.shell:Creating prefix chain script '/home/humble/ros_control_ws/install/setup.sh'
[0.729s] INFO:colcon.colcon_core.shell:Creating prefix script '/home/humble/ros_control_ws/install/local_setup.bash'
[0.730s] INFO:colcon.colcon_core.shell:Creating prefix chain script '/home/humble/ros_control_ws/install/setup.bash'
[0.731s] INFO:colcon.colcon_core.shell:Creating prefix script '/home/humble/ros_control_ws/install/local_setup.zsh'
[0.732s] INFO:colcon.colcon_core.shell:Creating prefix chain script '/home/humble/ros_control_ws/install/setup.zsh'
