[0.011s] Invoking command in '/home/humble/ros_control_ws/build/gazebo_ros2_control_demos': CMAKE_PREFIX_PATH=/opt/ros/humble /usr/bin/cmake /home/humble/ros_control_ws/src/gazebo_ros2_control_demos -DAMENT_CMAKE_SYMLINK_INSTALL=1 -DCMAKE_INSTALL_PREFIX=/home/humble/ros_control_ws/install/gazebo_ros2_control_demos
[0.097s] -- The C compiler identification is GNU 11.3.0
[0.184s] -- The CXX compiler identification is GNU 11.3.0
[0.188s] -- Detecting C compiler ABI info
[0.231s] -- Detecting C compiler ABI info - done
[0.235s] -- Check for working C compiler: /usr/bin/cc - skipped
[0.236s] -- Detecting C compile features
[0.237s] -- Detecting C compile features - done
[0.239s] -- Detecting CXX compiler ABI info
[0.298s] -- Detecting CXX compiler ABI info - done
[0.304s] -- Check for working CXX compiler: /usr/bin/c++ - skipped
[0.304s] -- Detecting CXX compile features
[0.305s] -- Detecting CXX compile features - done
[0.307s] -- Found ament_cmake: 1.3.3 (/opt/ros/humble/share/ament_cmake/cmake)
[0.433s] -- Found Python3: /usr/bin/python3.10 (found version "3.10.6") found components: Interpreter 
[0.482s] -- Override CMake install command with custom implementation using symlinks instead of copying resources
[0.533s] -- Found control_msgs: 4.1.0 (/opt/ros/humble/share/control_msgs/cmake)
[0.587s] -- Found rosidl_generator_c: 3.1.4 (/opt/ros/humble/share/rosidl_generator_c/cmake)
[0.592s] -- Found rosidl_adapter: 3.1.4 (/opt/ros/humble/share/rosidl_adapter/cmake)
[0.602s] -- Found rosidl_generator_cpp: 3.1.4 (/opt/ros/humble/share/rosidl_generator_cpp/cmake)
[0.617s] -- Using all available rosidl_typesupport_c: rosidl_typesupport_fastrtps_c;rosidl_typesupport_introspection_c
[0.636s] -- Using all available rosidl_typesupport_cpp: rosidl_typesupport_fastrtps_cpp;rosidl_typesupport_introspection_cpp
[1.133s] -- Found rclcpp: 16.0.2 (/opt/ros/humble/share/rclcpp/cmake)
[1.197s] -- Found rmw_implementation_cmake: 6.1.1 (/opt/ros/humble/share/rmw_implementation_cmake/cmake)
[1.200s] -- Found rmw_fastrtps_cpp: 6.2.2 (/opt/ros/humble/share/rmw_fastrtps_cpp/cmake)
[1.280s] -- Found OpenSSL: /usr/lib/x86_64-linux-gnu/libcrypto.so (found version "3.0.2")  
[1.300s] -- Found FastRTPS: /opt/ros/humble/include  
[1.336s] -- Using RMW implementation 'rmw_fastrtps_cpp' as default
[1.347s] -- Looking for pthread.h
[1.411s] -- Looking for pthread.h - found
[1.411s] -- Performing Test CMAKE_HAVE_LIBC_PTHREAD
[1.465s] -- Performing Test CMAKE_HAVE_LIBC_PTHREAD - Success
[1.466s] -- Found Threads: TRUE  
[1.599s] -- Found rclcpp_action: 16.0.2 (/opt/ros/humble/share/rclcpp_action/cmake)
[1.630s] -- Found ament_cmake_gtest: 1.3.3 (/opt/ros/humble/share/ament_cmake_gtest/cmake)
[1.632s] -- Found ament_lint_auto: 0.12.4 (/opt/ros/humble/share/ament_lint_auto/cmake)
[1.700s] -- Added test 'copyright' to check source files copyright and LICENSE
[1.701s] -- Added test 'cppcheck' to perform static code analysis on C / C++ code
[1.701s] -- Configured cppcheck include dirs: 
[1.701s] -- Configured cppcheck exclude dirs and/or files: 
[1.702s] -- Added test 'cpplint' to check C / C++ code against the Google style
[1.702s] -- Configured cpplint exclude dirs and/or files: 
[1.702s] -- Added test 'flake8' to check Python code syntax and style conventions
[1.703s] -- Added test 'lint_cmake' to check CMake code style
[1.703s] -- Added test 'pep257' to check Python code against some of the docstring style conventions in PEP 257
[1.704s] -- Added test 'uncrustify' to check C / C++ code style
[1.704s] -- Configured uncrustify additional arguments: 
[1.705s] -- Added test 'xmllint' to check XML markup files
[1.706s] -- Configuring done
[1.722s] -- Generating done
[1.724s] -- Build files have been written to: /home/humble/ros_control_ws/build/gazebo_ros2_control_demos
[1.734s] Invoked command in '/home/humble/ros_control_ws/build/gazebo_ros2_control_demos' returned '0': CMAKE_PREFIX_PATH=/opt/ros/humble /usr/bin/cmake /home/humble/ros_control_ws/src/gazebo_ros2_control_demos -DAMENT_CMAKE_SYMLINK_INSTALL=1 -DCMAKE_INSTALL_PREFIX=/home/humble/ros_control_ws/install/gazebo_ros2_control_demos
[1.736s] Invoking command in '/home/humble/ros_control_ws/build/gazebo_ros2_control_demos': CMAKE_PREFIX_PATH=/opt/ros/humble /usr/bin/cmake --build /home/humble/ros_control_ws/build/gazebo_ros2_control_demos -- -j16 -l16
[1.770s] [ 33%] [32mBuilding CXX object CMakeFiles/example_gripper.dir/examples/example_gripper.cpp.o[0m
[1.770s] [ 33%] [32mBuilding CXX object CMakeFiles/example_velocity.dir/examples/example_velocity.cpp.o[0m
[1.770s] [ 33%] [32mBuilding CXX object CMakeFiles/example_tricycle_drive.dir/examples/example_tricycle_drive.cpp.o[0m
[1.770s] [ 33%] [32mBuilding CXX object CMakeFiles/example_effort.dir/examples/example_effort.cpp.o[0m
[1.771s] [ 41%] [32mBuilding CXX object CMakeFiles/example_diff_drive.dir/examples/example_diff_drive.cpp.o[0m
[1.772s] [ 50%] [32mBuilding CXX object CMakeFiles/example_position.dir/examples/example_position.cpp.o[0m
[7.348s] [ 58%] [32m[1mLinking CXX executable example_velocity[0m
[7.353s] [ 66%] [32m[1mLinking CXX executable example_diff_drive[0m
[7.407s] [ 75%] [32m[1mLinking CXX executable example_gripper[0m
[7.541s] [ 83%] [32m[1mLinking CXX executable example_tricycle_drive[0m
[7.569s] [ 91%] [32m[1mLinking CXX executable example_effort[0m
[7.647s] [ 91%] Built target example_velocity
[7.647s] [ 91%] Built target example_diff_drive
[7.661s] [ 91%] Built target example_gripper
[7.753s] [ 91%] Built target example_tricycle_drive
[7.753s] [ 91%] Built target example_effort
[7.866s] [100%] [32m[1mLinking CXX executable example_position[0m
[8.049s] [100%] Built target example_position
[8.056s] Invoked command in '/home/humble/ros_control_ws/build/gazebo_ros2_control_demos' returned '0': CMAKE_PREFIX_PATH=/opt/ros/humble /usr/bin/cmake --build /home/humble/ros_control_ws/build/gazebo_ros2_control_demos -- -j16 -l16
[8.080s] Invoking command in '/home/humble/ros_control_ws/build/gazebo_ros2_control_demos': CMAKE_PREFIX_PATH=/opt/ros/humble /usr/bin/cmake --install /home/humble/ros_control_ws/build/gazebo_ros2_control_demos
[8.084s] -- Install configuration: ""
[8.084s] -- Execute custom install script
[8.085s] -- Symlinking: /home/humble/ros_control_ws/install/gazebo_ros2_control_demos/share/gazebo_ros2_control_demos//launch/cart_example_effort.launch.py
[8.090s] -- Symlinking: /home/humble/ros_control_ws/install/gazebo_ros2_control_demos/share/gazebo_ros2_control_demos//launch/cart_example_position.launch.py
[8.094s] -- Symlinking: /home/humble/ros_control_ws/install/gazebo_ros2_control_demos/share/gazebo_ros2_control_demos//launch/cart_example_velocity.launch.py
[8.099s] -- Symlinking: /home/humble/ros_control_ws/install/gazebo_ros2_control_demos/share/gazebo_ros2_control_demos//launch/diff_drive.launch.py
[8.103s] -- Symlinking: /home/humble/ros_control_ws/install/gazebo_ros2_control_demos/share/gazebo_ros2_control_demos//launch/gripper_mimic_joint_example.launch.py
[8.107s] -- Symlinking: /home/humble/ros_control_ws/install/gazebo_ros2_control_demos/share/gazebo_ros2_control_demos//launch/tricycle_drive.launch.py
[8.111s] -- Symlinking: /home/humble/ros_control_ws/install/gazebo_ros2_control_demos/share/gazebo_ros2_control_demos//config/cartpole_controller.yaml
[8.116s] -- Symlinking: /home/humble/ros_control_ws/install/gazebo_ros2_control_demos/share/gazebo_ros2_control_demos//config/cartpole_controller_effort.yaml
[8.119s] -- Symlinking: /home/humble/ros_control_ws/install/gazebo_ros2_control_demos/share/gazebo_ros2_control_demos//config/cartpole_controller_velocity.yaml
[8.123s] -- Symlinking: /home/humble/ros_control_ws/install/gazebo_ros2_control_demos/share/gazebo_ros2_control_demos//config/config.rviz
[8.127s] -- Symlinking: /home/humble/ros_control_ws/install/gazebo_ros2_control_demos/share/gazebo_ros2_control_demos//config/diff_drive_controller.yaml
[8.132s] -- Symlinking: /home/humble/ros_control_ws/install/gazebo_ros2_control_demos/share/gazebo_ros2_control_demos//config/gripper_controller.yaml
[8.136s] -- Symlinking: /home/humble/ros_control_ws/install/gazebo_ros2_control_demos/share/gazebo_ros2_control_demos//config/tricycle_drive_controller.yaml
[8.140s] -- Symlinking: /home/humble/ros_control_ws/install/gazebo_ros2_control_demos/share/gazebo_ros2_control_demos//urdf/test_cart_effort.xacro.urdf
[8.144s] -- Symlinking: /home/humble/ros_control_ws/install/gazebo_ros2_control_demos/share/gazebo_ros2_control_demos//urdf/test_cart_position.xacro.urdf
[8.149s] -- Symlinking: /home/humble/ros_control_ws/install/gazebo_ros2_control_demos/share/gazebo_ros2_control_demos//urdf/test_cart_velocity.xacro.urdf
[8.153s] -- Symlinking: /home/humble/ros_control_ws/install/gazebo_ros2_control_demos/share/gazebo_ros2_control_demos//urdf/test_diff_drive.xacro.urdf
[8.157s] -- Symlinking: /home/humble/ros_control_ws/install/gazebo_ros2_control_demos/share/gazebo_ros2_control_demos//urdf/test_gripper_mimic_joint.xacro.urdf
[8.161s] -- Symlinking: /home/humble/ros_control_ws/install/gazebo_ros2_control_demos/share/gazebo_ros2_control_demos//urdf/test_tricycle_drive.xacro.urdf
[8.167s] -- Symlinking: /home/humble/ros_control_ws/install/gazebo_ros2_control_demos/lib/gazebo_ros2_control_demos/example_position
[8.173s] -- Symlinking: /home/humble/ros_control_ws/install/gazebo_ros2_control_demos/lib/gazebo_ros2_control_demos/example_velocity
[8.177s] -- Symlinking: /home/humble/ros_control_ws/install/gazebo_ros2_control_demos/lib/gazebo_ros2_control_demos/example_effort
[8.182s] -- Symlinking: /home/humble/ros_control_ws/install/gazebo_ros2_control_demos/lib/gazebo_ros2_control_demos/example_diff_drive
[8.186s] -- Symlinking: /home/humble/ros_control_ws/install/gazebo_ros2_control_demos/lib/gazebo_ros2_control_demos/example_tricycle_drive
[8.190s] -- Symlinking: /home/humble/ros_control_ws/install/gazebo_ros2_control_demos/lib/gazebo_ros2_control_demos/example_gripper
[8.194s] -- Symlinking: /home/humble/ros_control_ws/install/gazebo_ros2_control_demos/share/ament_index/resource_index/package_run_dependencies/gazebo_ros2_control_demos
[8.199s] -- Symlinking: /home/humble/ros_control_ws/install/gazebo_ros2_control_demos/share/ament_index/resource_index/parent_prefix_path/gazebo_ros2_control_demos
[8.203s] -- Symlinking: /home/humble/ros_control_ws/install/gazebo_ros2_control_demos/share/gazebo_ros2_control_demos/environment/ament_prefix_path.sh
[8.208s] -- Symlinking: /home/humble/ros_control_ws/install/gazebo_ros2_control_demos/share/gazebo_ros2_control_demos/environment/ament_prefix_path.dsv
[8.212s] -- Symlinking: /home/humble/ros_control_ws/install/gazebo_ros2_control_demos/share/gazebo_ros2_control_demos/environment/path.sh
[8.216s] -- Symlinking: /home/humble/ros_control_ws/install/gazebo_ros2_control_demos/share/gazebo_ros2_control_demos/environment/path.dsv
[8.221s] -- Symlinking: /home/humble/ros_control_ws/install/gazebo_ros2_control_demos/share/gazebo_ros2_control_demos/local_setup.bash
[8.225s] -- Symlinking: /home/humble/ros_control_ws/install/gazebo_ros2_control_demos/share/gazebo_ros2_control_demos/local_setup.sh
[8.229s] -- Symlinking: /home/humble/ros_control_ws/install/gazebo_ros2_control_demos/share/gazebo_ros2_control_demos/local_setup.zsh
[8.233s] -- Symlinking: /home/humble/ros_control_ws/install/gazebo_ros2_control_demos/share/gazebo_ros2_control_demos/local_setup.dsv
[8.236s] -- Symlinking: /home/humble/ros_control_ws/install/gazebo_ros2_control_demos/share/gazebo_ros2_control_demos/package.dsv
[8.241s] -- Symlinking: /home/humble/ros_control_ws/install/gazebo_ros2_control_demos/share/ament_index/resource_index/packages/gazebo_ros2_control_demos
[8.245s] -- Symlinking: /home/humble/ros_control_ws/install/gazebo_ros2_control_demos/share/gazebo_ros2_control_demos/cmake/gazebo_ros2_control_demosConfig.cmake
[8.249s] -- Symlinking: /home/humble/ros_control_ws/install/gazebo_ros2_control_demos/share/gazebo_ros2_control_demos/cmake/gazebo_ros2_control_demosConfig-version.cmake
[8.254s] -- Symlinking: /home/humble/ros_control_ws/install/gazebo_ros2_control_demos/share/gazebo_ros2_control_demos/package.xml
[8.260s] Invoked command in '/home/humble/ros_control_ws/build/gazebo_ros2_control_demos' returned '0': CMAKE_PREFIX_PATH=/opt/ros/humble /usr/bin/cmake --install /home/humble/ros_control_ws/build/gazebo_ros2_control_demos
