[0.026s] Invoking command in '/home/humble/ros_control_ws/build/stacker_nav2': CMAKE_PREFIX_PATH=/opt/ros/humble /usr/bin/cmake --build /home/humble/ros_control_ws/build/stacker_nav2 -- -j16 -l16
[0.057s] Invoked command in '/home/humble/ros_control_ws/build/stacker_nav2' returned '0': CMAKE_PREFIX_PATH=/opt/ros/humble /usr/bin/cmake --build /home/humble/ros_control_ws/build/stacker_nav2 -- -j16 -l16
[0.082s] Invoking command in '/home/humble/ros_control_ws/build/stacker_nav2': CMAKE_PREFIX_PATH=/opt/ros/humble /usr/bin/cmake --install /home/humble/ros_control_ws/build/stacker_nav2
[0.087s] -- Install configuration: ""
[0.088s] -- Execute custom install script
[0.089s] -- Up-to-date symlink: /home/humble/ros_control_ws/install/stacker_nav2/share/stacker_nav2/launch/stacker_nav2.launch.py
[0.090s] -- Up-to-date symlink: /home/humble/ros_control_ws/install/stacker_nav2/share/stacker_nav2/map/map.pgm
[0.090s] -- Up-to-date symlink: /home/humble/ros_control_ws/install/stacker_nav2/share/stacker_nav2/map/map.yaml
[0.090s] -- Up-to-date symlink: /home/humble/ros_control_ws/install/stacker_nav2/share/stacker_nav2/map/my_map.pgm
[0.090s] -- Up-to-date symlink: /home/humble/ros_control_ws/install/stacker_nav2/share/stacker_nav2/map/my_map.yaml
[0.091s] -- Symlinking: /home/humble/ros_control_ws/install/stacker_nav2/share/stacker_nav2/map/test.yaml
[0.097s] -- Up-to-date symlink: /home/humble/ros_control_ws/install/stacker_nav2/share/stacker_nav2/config/config.rviz
[0.097s] -- Symlinking: /home/humble/ros_control_ws/install/stacker_nav2/share/stacker_nav2/config/config3.rviz
[0.104s] -- Up-to-date symlink: /home/humble/ros_control_ws/install/stacker_nav2/share/stacker_nav2/config/nav2_params.yaml
[0.105s] -- Up-to-date symlink: /home/humble/ros_control_ws/install/stacker_nav2/share/ament_index/resource_index/package_run_dependencies/stacker_nav2
[0.105s] -- Up-to-date symlink: /home/humble/ros_control_ws/install/stacker_nav2/share/ament_index/resource_index/parent_prefix_path/stacker_nav2
[0.105s] -- Up-to-date symlink: /home/humble/ros_control_ws/install/stacker_nav2/share/stacker_nav2/environment/ament_prefix_path.sh
[0.105s] -- Up-to-date symlink: /home/humble/ros_control_ws/install/stacker_nav2/share/stacker_nav2/environment/ament_prefix_path.dsv
[0.106s] -- Up-to-date symlink: /home/humble/ros_control_ws/install/stacker_nav2/share/stacker_nav2/environment/path.sh
[0.106s] -- Up-to-date symlink: /home/humble/ros_control_ws/install/stacker_nav2/share/stacker_nav2/environment/path.dsv
[0.107s] -- Up-to-date symlink: /home/humble/ros_control_ws/install/stacker_nav2/share/stacker_nav2/local_setup.bash
[0.107s] -- Up-to-date symlink: /home/humble/ros_control_ws/install/stacker_nav2/share/stacker_nav2/local_setup.sh
[0.107s] -- Up-to-date symlink: /home/humble/ros_control_ws/install/stacker_nav2/share/stacker_nav2/local_setup.zsh
[0.107s] -- Up-to-date symlink: /home/humble/ros_control_ws/install/stacker_nav2/share/stacker_nav2/local_setup.dsv
[0.107s] -- Symlinking: /home/humble/ros_control_ws/install/stacker_nav2/share/stacker_nav2/package.dsv
[0.116s] -- Up-to-date symlink: /home/humble/ros_control_ws/install/stacker_nav2/share/ament_index/resource_index/packages/stacker_nav2
[0.130s] -- Up-to-date symlink: /home/humble/ros_control_ws/install/stacker_nav2/share/stacker_nav2/cmake/stacker_nav2Config.cmake
[0.133s] -- Up-to-date symlink: /home/humble/ros_control_ws/install/stacker_nav2/share/stacker_nav2/cmake/stacker_nav2Config-version.cmake
[0.133s] -- Up-to-date symlink: /home/humble/ros_control_ws/install/stacker_nav2/share/stacker_nav2/package.xml
[0.164s] Invoked command in '/home/humble/ros_control_ws/build/stacker_nav2' returned '0': CMAKE_PREFIX_PATH=/opt/ros/humble /usr/bin/cmake --install /home/humble/ros_control_ws/build/stacker_nav2
