[0.018s] Invoking command in '/home/humble/ros_control_ws/build/rf2o_laser_odometry': CMAKE_PREFIX_PATH=/opt/ros/humble /usr/bin/cmake /home/humble/ros_control_ws/src/rf2o_laser_odometry -DCMAKE_INSTALL_PREFIX=/home/humble/ros_control_ws/install/rf2o_laser_odometry
[0.137s] -- The C compiler identification is GNU 11.3.0
[0.221s] -- The CXX compiler identification is GNU 11.3.0
[0.233s] -- Detecting C compiler ABI info
[0.282s] -- Detecting C compiler ABI info - done
[0.286s] -- Check for working C compiler: /usr/bin/cc - skipped
[0.288s] -- Detecting C compile features
[0.289s] -- Detecting C compile features - done
[0.300s] -- Detecting CXX compiler ABI info
[0.352s] -- Detecting CXX compiler ABI info - done
[0.356s] -- Check for working CXX compiler: /usr/bin/c++ - skipped
[0.356s] -- Detecting CXX compile features
[0.357s] -- Detecting CXX compile features - done
[0.363s] -- Found ament_cmake: 1.3.3 (/opt/ros/humble/share/ament_cmake/cmake)
[0.482s] -- Found Python3: /usr/bin/python3.10 (found version "3.10.6") found components: Interpreter 
[0.568s] -- Found rclcpp: 16.0.2 (/opt/ros/humble/share/rclcpp/cmake)
[0.626s] -- Found rosidl_generator_c: 3.1.4 (/opt/ros/humble/share/rosidl_generator_c/cmake)
[0.632s] -- Found rosidl_adapter: 3.1.4 (/opt/ros/humble/share/rosidl_adapter/cmake)
[0.645s] -- Found rosidl_generator_cpp: 3.1.4 (/opt/ros/humble/share/rosidl_generator_cpp/cmake)
[0.662s] -- Using all available rosidl_typesupport_c: rosidl_typesupport_fastrtps_c;rosidl_typesupport_introspection_c
[0.685s] -- Using all available rosidl_typesupport_cpp: rosidl_typesupport_fastrtps_cpp;rosidl_typesupport_introspection_cpp
[0.760s] -- Found rmw_implementation_cmake: 6.1.1 (/opt/ros/humble/share/rmw_implementation_cmake/cmake)
[0.765s] -- Found rmw_fastrtps_cpp: 6.2.2 (/opt/ros/humble/share/rmw_fastrtps_cpp/cmake)
[0.854s] -- Found OpenSSL: /usr/lib/x86_64-linux-gnu/libcrypto.so (found version "3.0.2")  
[0.873s] -- Found FastRTPS: /opt/ros/humble/include  
[0.899s] -- Using RMW implementation 'rmw_fastrtps_cpp' as default
[0.914s] -- Looking for pthread.h
[0.970s] -- Looking for pthread.h - found
[0.970s] -- Performing Test CMAKE_HAVE_LIBC_PTHREAD
[1.013s] -- Performing Test CMAKE_HAVE_LIBC_PTHREAD - Success
[1.014s] -- Found Threads: TRUE  
[1.141s] -- Found geometry_msgs: 4.2.2 (/opt/ros/humble/share/geometry_msgs/cmake)
[1.178s] -- Found tf2_geometry_msgs: 0.25.1 (/opt/ros/humble/share/tf2_geometry_msgs/cmake)
[1.191s] -- Found eigen3_cmake_module: 0.1.1 (/opt/ros/humble/share/eigen3_cmake_module/cmake)
[1.193s] -- Found Eigen3: TRUE (found version "3.4.0") 
[1.193s] -- Ensuring Eigen3 include directory is part of orocos-kdl CMake target
[1.482s] -- Found sensor_msgs: 4.2.2 (/opt/ros/humble/share/sensor_msgs/cmake)
[1.551s] -- Found nav_msgs: 4.2.2 (/opt/ros/humble/share/nav_msgs/cmake)
[1.620s] -- Found Boost: /usr/lib/x86_64-linux-gnu/cmake/Boost-1.74.0/BoostConfig.cmake (found version "1.74.0")  
[1.669s] -- Configuring done
[1.682s] -- Generating done
[1.683s] -- Build files have been written to: /home/humble/ros_control_ws/build/rf2o_laser_odometry
[1.691s] Invoked command in '/home/humble/ros_control_ws/build/rf2o_laser_odometry' returned '0': CMAKE_PREFIX_PATH=/opt/ros/humble /usr/bin/cmake /home/humble/ros_control_ws/src/rf2o_laser_odometry -DCMAKE_INSTALL_PREFIX=/home/humble/ros_control_ws/install/rf2o_laser_odometry
[1.693s] Invoking command in '/home/humble/ros_control_ws/build/rf2o_laser_odometry': CMAKE_PREFIX_PATH=/opt/ros/humble /usr/bin/cmake --build /home/humble/ros_control_ws/build/rf2o_laser_odometry -- -j16 -l16
[1.720s] [ 20%] [32mBuilding CXX object CMakeFiles/rf2o_laser_odometry_node.dir/src/CLaserOdometry2DNode.cpp.o[0m
[1.720s] [ 40%] [32mBuilding CXX object CMakeFiles/rf2o_laser_odometry.dir/src/CLaserOdometry2D.cpp.o[0m
[1.720s] [ 60%] [32mBuilding CXX object CMakeFiles/rf2o_laser_odometry_node.dir/src/CLaserOdometry2D.cpp.o[0m
[2.261s] In file included from [01m[K/home/humble/ros_control_ws/src/rf2o_laser_odometry/include/rf2o_laser_odometry/CLaserOdometry2DNode.h:9[m[K,
[2.261s]                  from [01m[K/home/humble/ros_control_ws/src/rf2o_laser_odometry/src/CLaserOdometry2DNode.cpp:18[m[K:
[2.261s] [01m[K/opt/ros/humble/include/tf2_geometry_msgs/tf2_geometry_msgs/tf2_geometry_msgs.h:35:2:[m[K [01;35m[Kwarning: [m[K#warning This header is obsolete, please include tf2_geometry_msgs/tf2_geometry_msgs.hpp instead [[01;35m[K]8;;https://gcc.gnu.org/onlinedocs/gcc/Warning-Options.html#index-Wcpp-Wcpp]8;;[m[K]
[2.261s]    35 | #[01;35m[Kwarning[m[K This header is obsolete, please include tf2_geometry_msgs/tf2_geometry_msgs.hpp instead
[2.261s]       |  [01;35m[K^~~~~~~[m[K
[4.830s] [01m[K/home/humble/ros_control_ws/src/rf2o_laser_odometry/src/CLaserOdometry2D.cpp:[m[K In member function ‘[01m[Kvoid rf2o::CLaserOdometry2D::performWarping()[m[K’:
[4.830s] [01m[K/home/humble/ros_control_ws/src/rf2o_laser_odometry/src/CLaserOdometry2D.cpp:771:51:[m[K [01;31m[Kerror: [m[Kno match for ‘[01m[Koperator+=[m[K’ (operand types are ‘[01m[KEigen::internal::enable_if<true, Eigen::IndexedView<Eigen::Matrix<float, -1, -1>, double, Eigen::internal::SingleRange> >::type[m[K’ {aka ‘[01m[KEigen::IndexedView<Eigen::Matrix<float, -1, -1>, double, Eigen::internal::SingleRange>[m[K’} and ‘[01m[Kconst float[m[K’)
[4.830s]   771 |           [01;31m[Krange_warped[image_level](round(uwarp)) += range_w[m[K;
[4.830s]       |           [01;31m[K~~~~~~~~~~~~~~~~~~~~~~~~~~~~~~~~~~~~~~~~^~~~~~~~~~[m[K
[4.839s] In file included from [01m[K/usr/include/eigen3/Eigen/Core:273[m[K,
[4.839s]                  from [01m[K/usr/include/eigen3/Eigen/Dense:1[m[K,
[4.839s]                  from [01m[K/home/humble/ros_control_ws/src/rf2o_laser_odometry/include/rf2o_laser_odometry/CLaserOdometry2D.h:33[m[K,
[4.839s]                  from [01m[K/home/humble/ros_control_ws/src/rf2o_laser_odometry/src/CLaserOdometry2D.cpp:18[m[K:
[4.839s] [01m[K/usr/include/eigen3/Eigen/src/Core/MatrixBase.h:158:14:[m[K [01;36m[Knote: [m[Kcandidate: ‘[01m[Ktemplate<class OtherDerived> Derived& Eigen::MatrixBase<Derived>::operator+=(const Eigen::MatrixBase<OtherDerived>&) [with OtherDerived = OtherDerived; Derived = Eigen::IndexedView<Eigen::Matrix<float, -1, -1>, double, Eigen::internal::SingleRange>][m[K’
[4.839s]   158 |     Derived& [01;36m[Koperator[m[K+=(const MatrixBase<OtherDerived>& other);
[4.839s]       |              [01;36m[K^~~~~~~~[m[K
[4.839s] [01m[K/usr/include/eigen3/Eigen/src/Core/MatrixBase.h:158:14:[m[K [01;36m[Knote: [m[K  template argument deduction/substitution failed:
[4.839s] [01m[K/home/humble/ros_control_ws/src/rf2o_laser_odometry/src/CLaserOdometry2D.cpp:771:54:[m[K [01;36m[Knote: [m[K  mismatched types ‘[01m[Kconst Eigen::MatrixBase<Derived>[m[K’ and ‘[01m[Kconst float[m[K’
[4.839s]   771 |           range_warped[image_level](round(uwarp)) += [01;36m[Krange_w[m[K;
[4.839s]       |                                                      [01;36m[K^~~~~~~[m[K
[4.839s] In file included from [01m[K/usr/include/eigen3/Eigen/Core:273[m[K,
[4.839s]                  from [01m[K/usr/include/eigen3/Eigen/Dense:1[m[K,
[4.840s]                  from [01m[K/home/humble/ros_control_ws/src/rf2o_laser_odometry/include/rf2o_laser_odometry/CLaserOdometry2D.h:33[m[K,
[4.840s]                  from [01m[K/home/humble/ros_control_ws/src/rf2o_laser_odometry/src/CLaserOdometry2D.cpp:18[m[K:
[4.840s] [01m[K/usr/include/eigen3/Eigen/src/Core/MatrixBase.h:493:46:[m[K [01;36m[Knote: [m[Kcandidate: ‘[01m[Ktemplate<class OtherDerived> Derived& Eigen::MatrixBase<Derived>::operator+=(const Eigen::ArrayBase<OtherDerived>&) [with OtherDerived = OtherDerived; Derived = Eigen::IndexedView<Eigen::Matrix<float, -1, -1>, double, Eigen::internal::SingleRange>][m[K’
[4.840s]   493 |     template<typename OtherDerived> Derived& [01;36m[Koperator[m[K+=(const ArrayBase<OtherDerived>& )
[4.840s]       |                                              [01;36m[K^~~~~~~~[m[K
[4.840s] [01m[K/usr/include/eigen3/Eigen/src/Core/MatrixBase.h:493:46:[m[K [01;36m[Knote: [m[K  template argument deduction/substitution failed:
[4.840s] [01m[K/home/humble/ros_control_ws/src/rf2o_laser_odometry/src/CLaserOdometry2D.cpp:771:54:[m[K [01;36m[Knote: [m[K  mismatched types ‘[01m[Kconst Eigen::ArrayBase<Derived>[m[K’ and ‘[01m[Kconst float[m[K’
[4.840s]   771 |           range_warped[image_level](round(uwarp)) += [01;36m[Krange_w[m[K;
[4.840s]       |                                                      [01;36m[K^~~~~~~[m[K
[4.840s] In file included from [01m[K/usr/include/eigen3/Eigen/Core:272[m[K,
[4.840s]                  from [01m[K/usr/include/eigen3/Eigen/Dense:1[m[K,
[4.840s]                  from [01m[K/home/humble/ros_control_ws/src/rf2o_laser_odometry/include/rf2o_laser_odometry/CLaserOdometry2D.h:33[m[K,
[4.840s]                  from [01m[K/home/humble/ros_control_ws/src/rf2o_laser_odometry/src/CLaserOdometry2D.cpp:18[m[K:
[4.840s] [01m[K/usr/include/eigen3/Eigen/src/Core/DenseBase.h:294:14:[m[K [01;36m[Knote: [m[Kcandidate: ‘[01m[Ktemplate<class OtherDerived> Derived& Eigen::DenseBase<Derived>::operator+=(const Eigen::EigenBase<OtherDerived>&) [with OtherDerived = OtherDerived; Derived = Eigen::IndexedView<Eigen::Matrix<float, -1, -1>, double, Eigen::internal::SingleRange>][m[K’
[4.840s]   294 |     Derived& [01;36m[Koperator[m[K+=(const EigenBase<OtherDerived> &other);
[4.840s]       |              [01;36m[K^~~~~~~~[m[K
[4.840s] [01m[K/usr/include/eigen3/Eigen/src/Core/DenseBase.h:294:14:[m[K [01;36m[Knote: [m[K  template argument deduction/substitution failed:
[4.840s] [01m[K/home/humble/ros_control_ws/src/rf2o_laser_odometry/src/CLaserOdometry2D.cpp:771:54:[m[K [01;36m[Knote: [m[K  mismatched types ‘[01m[Kconst Eigen::EigenBase<Derived>[m[K’ and ‘[01m[Kconst float[m[K’
[4.840s]   771 |           range_warped[image_level](round(uwarp)) += [01;36m[Krange_w[m[K;
[4.840s]       |                                                      [01;36m[K^~~~~~~[m[K
[4.848s] [01m[K/home/humble/ros_control_ws/src/rf2o_laser_odometry/src/CLaserOdometry2D.cpp:772:35:[m[K [01;31m[Kerror: [m[Kno match for ‘[01m[Koperator+=[m[K’ (operand types are ‘[01m[KEigen::internal::enable_if<true, Eigen::IndexedView<Eigen::Matrix<float, -1, -1>, float, Eigen::internal::SingleRange> >::type[m[K’ {aka ‘[01m[KEigen::IndexedView<Eigen::Matrix<float, -1, -1>, float, Eigen::internal::SingleRange>[m[K’} and ‘[01m[Kfloat[m[K’)
[4.848s]   772 |           [01;31m[Kwacu(std::round(uwarp)) += 1.f[m[K;
[4.848s]       |           [01;31m[K~~~~~~~~~~~~~~~~~~~~~~~~^~~~~~[m[K
[4.848s] In file included from [01m[K/usr/include/eigen3/Eigen/Core:273[m[K,
[4.848s]                  from [01m[K/usr/include/eigen3/Eigen/Dense:1[m[K,
[4.849s]                  from [01m[K/home/humble/ros_control_ws/src/rf2o_laser_odometry/include/rf2o_laser_odometry/CLaserOdometry2D.h:33[m[K,
[4.849s]                  from [01m[K/home/humble/ros_control_ws/src/rf2o_laser_odometry/src/CLaserOdometry2D.cpp:18[m[K:
[4.849s] [01m[K/usr/include/eigen3/Eigen/src/Core/MatrixBase.h:158:14:[m[K [01;36m[Knote: [m[Kcandidate: ‘[01m[Ktemplate<class OtherDerived> Derived& Eigen::MatrixBase<Derived>::operator+=(const Eigen::MatrixBase<OtherDerived>&) [with OtherDerived = OtherDerived; Derived = Eigen::IndexedView<Eigen::Matrix<float, -1, -1>, float, Eigen::internal::SingleRange>][m[K’
[4.849s]   158 |     Derived& [01;36m[Koperator[m[K+=(const MatrixBase<OtherDerived>& other);
[4.849s]       |              [01;36m[K^~~~~~~~[m[K
[4.849s] [01m[K/usr/include/eigen3/Eigen/src/Core/MatrixBase.h:158:14:[m[K [01;36m[Knote: [m[K  template argument deduction/substitution failed:
[4.849s] [01m[K/home/humble/ros_control_ws/src/rf2o_laser_odometry/src/CLaserOdometry2D.cpp:772:38:[m[K [01;36m[Knote: [m[K  mismatched types ‘[01m[Kconst Eigen::MatrixBase<Derived>[m[K’ and ‘[01m[Kfloat[m[K’
[4.849s]   772 |           wacu(std::round(uwarp)) += [01;36m[K1.f[m[K;
[4.849s]       |                                      [01;36m[K^~~[m[K
[4.849s] In file included from [01m[K/usr/include/eigen3/Eigen/Core:273[m[K,
[4.849s]                  from [01m[K/usr/include/eigen3/Eigen/Dense:1[m[K,
[4.849s]                  from [01m[K/home/humble/ros_control_ws/src/rf2o_laser_odometry/include/rf2o_laser_odometry/CLaserOdometry2D.h:33[m[K,
[4.849s]                  from [01m[K/home/humble/ros_control_ws/src/rf2o_laser_odometry/src/CLaserOdometry2D.cpp:18[m[K:
[4.849s] [01m[K/usr/include/eigen3/Eigen/src/Core/MatrixBase.h:493:46:[m[K [01;36m[Knote: [m[Kcandidate: ‘[01m[Ktemplate<class OtherDerived> Derived& Eigen::MatrixBase<Derived>::operator+=(const Eigen::ArrayBase<OtherDerived>&) [with OtherDerived = OtherDerived; Derived = Eigen::IndexedView<Eigen::Matrix<float, -1, -1>, float, Eigen::internal::SingleRange>][m[K’
[4.849s]   493 |     template<typename OtherDerived> Derived& [01;36m[Koperator[m[K+=(const ArrayBase<OtherDerived>& )
[4.849s]       |                                              [01;36m[K^~~~~~~~[m[K
[4.849s] [01m[K/usr/include/eigen3/Eigen/src/Core/MatrixBase.h:493:46:[m[K [01;36m[Knote: [m[K  template argument deduction/substitution failed:
[4.849s] [01m[K/home/humble/ros_control_ws/src/rf2o_laser_odometry/src/CLaserOdometry2D.cpp:772:38:[m[K [01;36m[Knote: [m[K  mismatched types ‘[01m[Kconst Eigen::ArrayBase<Derived>[m[K’ and ‘[01m[Kfloat[m[K’
[4.849s]   772 |           wacu(std::round(uwarp)) += [01;36m[K1.f[m[K;
[4.849s]       |                                      [01;36m[K^~~[m[K
[4.849s] In file included from [01m[K/usr/include/eigen3/Eigen/Core:272[m[K,
[4.849s]                  from [01m[K/usr/include/eigen3/Eigen/Dense:1[m[K,
[4.850s]                  from [01m[K/home/humble/ros_control_ws/src/rf2o_laser_odometry/include/rf2o_laser_odometry/CLaserOdometry2D.h:33[m[K,
[4.850s]                  from [01m[K/home/humble/ros_control_ws/src/rf2o_laser_odometry/src/CLaserOdometry2D.cpp:18[m[K:
[4.850s] [01m[K/usr/include/eigen3/Eigen/src/Core/DenseBase.h:294:14:[m[K [01;36m[Knote: [m[Kcandidate: ‘[01m[Ktemplate<class OtherDerived> Derived& Eigen::DenseBase<Derived>::operator+=(const Eigen::EigenBase<OtherDerived>&) [with OtherDerived = OtherDerived; Derived = Eigen::IndexedView<Eigen::Matrix<float, -1, -1>, float, Eigen::internal::SingleRange>][m[K’
[4.850s]   294 |     Derived& [01;36m[Koperator[m[K+=(const EigenBase<OtherDerived> &other);
[4.850s]       |              [01;36m[K^~~~~~~~[m[K
[4.850s] [01m[K/usr/include/eigen3/Eigen/src/Core/DenseBase.h:294:14:[m[K [01;36m[Knote: [m[K  template argument deduction/substitution failed:
[4.850s] [01m[K/home/humble/ros_control_ws/src/rf2o_laser_odometry/src/CLaserOdometry2D.cpp:772:38:[m[K [01;36m[Knote: [m[K  mismatched types ‘[01m[Kconst Eigen::EigenBase<Derived>[m[K’ and ‘[01m[Kfloat[m[K’
[4.850s]   772 |           wacu(std::round(uwarp)) += [01;36m[K1.f[m[K;
[4.850s]       |                                      [01;36m[K^~~[m[K
[4.855s] [01m[K/home/humble/ros_control_ws/src/rf2o_laser_odometry/src/CLaserOdometry2D.cpp:[m[K In member function ‘[01m[Kvoid rf2o::CLaserOdometry2D::performWarping()[m[K’:
[4.855s] [01m[K/home/humble/ros_control_ws/src/rf2o_laser_odometry/src/CLaserOdometry2D.cpp:771:51:[m[K [01;31m[Kerror: [m[Kno match for ‘[01m[Koperator+=[m[K’ (operand types are ‘[01m[KEigen::internal::enable_if<true, Eigen::IndexedView<Eigen::Matrix<float, -1, -1>, double, Eigen::internal::SingleRange> >::type[m[K’ {aka ‘[01m[KEigen::IndexedView<Eigen::Matrix<float, -1, -1>, double, Eigen::internal::SingleRange>[m[K’} and ‘[01m[Kconst float[m[K’)
[4.855s]   771 |           [01;31m[Krange_warped[image_level](round(uwarp)) += range_w[m[K;
[4.855s]       |           [01;31m[K~~~~~~~~~~~~~~~~~~~~~~~~~~~~~~~~~~~~~~~~^~~~~~~~~~[m[K
[4.856s] In file included from [01m[K/usr/include/eigen3/Eigen/Core:273[m[K,
[4.856s]                  from [01m[K/usr/include/eigen3/Eigen/Dense:1[m[K,
[4.856s]                  from [01m[K/home/humble/ros_control_ws/src/rf2o_laser_odometry/include/rf2o_laser_odometry/CLaserOdometry2D.h:33[m[K,
[4.856s]                  from [01m[K/home/humble/ros_control_ws/src/rf2o_laser_odometry/src/CLaserOdometry2D.cpp:18[m[K:
[4.856s] [01m[K/usr/include/eigen3/Eigen/src/Core/MatrixBase.h:158:14:[m[K [01;36m[Knote: [m[Kcandidate: ‘[01m[Ktemplate<class OtherDerived> Derived& Eigen::MatrixBase<Derived>::operator+=(const Eigen::MatrixBase<OtherDerived>&) [with OtherDerived = OtherDerived; Derived = Eigen::IndexedView<Eigen::Matrix<float, -1, -1>, double, Eigen::internal::SingleRange>][m[K’
[4.856s]   158 |     Derived& [01;36m[Koperator[m[K+=(const MatrixBase<OtherDerived>& other);
[4.856s]       |              [01;36m[K^~~~~~~~[m[K
[4.856s] [01m[K/usr/include/eigen3/Eigen/src/Core/MatrixBase.h:158:14:[m[K [01;36m[Knote: [m[K  template argument deduction/substitution failed:
[4.856s] [01m[K/home/humble/ros_control_ws/src/rf2o_laser_odometry/src/CLaserOdometry2D.cpp:771:54:[m[K [01;36m[Knote: [m[K  mismatched types ‘[01m[Kconst Eigen::MatrixBase<Derived>[m[K’ and ‘[01m[Kconst float[m[K’
[4.856s]   771 |           range_warped[image_level](round(uwarp)) += [01;36m[Krange_w[m[K;
[4.856s]       |                                                      [01;36m[K^~~~~~~[m[K
[4.856s] In file included from [01m[K/usr/include/eigen3/Eigen/Core:273[m[K,
[4.856s]                  from [01m[K/usr/include/eigen3/Eigen/Dense:1[m[K,
[4.856s]                  from [01m[K/home/humble/ros_control_ws/src/rf2o_laser_odometry/include/rf2o_laser_odometry/CLaserOdometry2D.h:33[m[K,
[4.856s]                  from [01m[K/home/humble/ros_control_ws/src/rf2o_laser_odometry/src/CLaserOdometry2D.cpp:18[m[K:
[4.856s] [01m[K/usr/include/eigen3/Eigen/src/Core/MatrixBase.h:493:46:[m[K [01;36m[Knote: [m[Kcandidate: ‘[01m[Ktemplate<class OtherDerived> Derived& Eigen::MatrixBase<Derived>::operator+=(const Eigen::ArrayBase<OtherDerived>&) [with OtherDerived = OtherDerived; Derived = Eigen::IndexedView<Eigen::Matrix<float, -1, -1>, double, Eigen::internal::SingleRange>][m[K’
[4.856s]   493 |     template<typename OtherDerived> Derived& [01;36m[Koperator[m[K+=(const ArrayBase<OtherDerived>& )
[4.856s]       |                                              [01;36m[K^~~~~~~~[m[K
[4.856s] [01m[K/usr/include/eigen3/Eigen/src/Core/MatrixBase.h:493:46:[m[K [01;36m[Knote: [m[K  template argument deduction/substitution failed:
[4.856s] [01m[K/home/humble/ros_control_ws/src/rf2o_laser_odometry/src/CLaserOdometry2D.cpp:771:54:[m[K [01;36m[Knote: [m[K  mismatched types ‘[01m[Kconst Eigen::ArrayBase<Derived>[m[K’ and ‘[01m[Kconst float[m[K’
[4.856s]   771 |           range_warped[image_level](round(uwarp)) += [01;36m[Krange_w[m[K;
[4.856s]       |                                                      [01;36m[K^~~~~~~[m[K
[4.856s] In file included from [01m[K/usr/include/eigen3/Eigen/Core:272[m[K,
[4.857s]                  from [01m[K/usr/include/eigen3/Eigen/Dense:1[m[K,
[4.857s]                  from [01m[K/home/humble/ros_control_ws/src/rf2o_laser_odometry/include/rf2o_laser_odometry/CLaserOdometry2D.h:33[m[K,
[4.857s]                  from [01m[K/home/humble/ros_control_ws/src/rf2o_laser_odometry/src/CLaserOdometry2D.cpp:18[m[K:
[4.857s] [01m[K/usr/include/eigen3/Eigen/src/Core/DenseBase.h:294:14:[m[K [01;36m[Knote: [m[Kcandidate: ‘[01m[Ktemplate<class OtherDerived> Derived& Eigen::DenseBase<Derived>::operator+=(const Eigen::EigenBase<OtherDerived>&) [with OtherDerived = OtherDerived; Derived = Eigen::IndexedView<Eigen::Matrix<float, -1, -1>, double, Eigen::internal::SingleRange>][m[K’
[4.857s]   294 |     Derived& [01;36m[Koperator[m[K+=(const EigenBase<OtherDerived> &other);
[4.857s]       |              [01;36m[K^~~~~~~~[m[K
[4.857s] [01m[K/usr/include/eigen3/Eigen/src/Core/DenseBase.h:294:14:[m[K [01;36m[Knote: [m[K  template argument deduction/substitution failed:
[4.857s] [01m[K/home/humble/ros_control_ws/src/rf2o_laser_odometry/src/CLaserOdometry2D.cpp:771:54:[m[K [01;36m[Knote: [m[K  mismatched types ‘[01m[Kconst Eigen::EigenBase<Derived>[m[K’ and ‘[01m[Kconst float[m[K’
[4.857s]   771 |           range_warped[image_level](round(uwarp)) += [01;36m[Krange_w[m[K;
[4.857s]       |                                                      [01;36m[K^~~~~~~[m[K
[4.865s] [01m[K/home/humble/ros_control_ws/src/rf2o_laser_odometry/src/CLaserOdometry2D.cpp:772:35:[m[K [01;31m[Kerror: [m[Kno match for ‘[01m[Koperator+=[m[K’ (operand types are ‘[01m[KEigen::internal::enable_if<true, Eigen::IndexedView<Eigen::Matrix<float, -1, -1>, float, Eigen::internal::SingleRange> >::type[m[K’ {aka ‘[01m[KEigen::IndexedView<Eigen::Matrix<float, -1, -1>, float, Eigen::internal::SingleRange>[m[K’} and ‘[01m[Kfloat[m[K’)
[4.865s]   772 |           [01;31m[Kwacu(std::round(uwarp)) += 1.f[m[K;
[4.865s]       |           [01;31m[K~~~~~~~~~~~~~~~~~~~~~~~~^~~~~~[m[K
[4.865s] In file included from [01m[K/usr/include/eigen3/Eigen/Core:273[m[K,
[4.866s]                  from [01m[K/usr/include/eigen3/Eigen/Dense:1[m[K,
[4.866s]                  from [01m[K/home/humble/ros_control_ws/src/rf2o_laser_odometry/include/rf2o_laser_odometry/CLaserOdometry2D.h:33[m[K,
[4.866s]                  from [01m[K/home/humble/ros_control_ws/src/rf2o_laser_odometry/src/CLaserOdometry2D.cpp:18[m[K:
[4.866s] [01m[K/usr/include/eigen3/Eigen/src/Core/MatrixBase.h:158:14:[m[K [01;36m[Knote: [m[Kcandidate: ‘[01m[Ktemplate<class OtherDerived> Derived& Eigen::MatrixBase<Derived>::operator+=(const Eigen::MatrixBase<OtherDerived>&) [with OtherDerived = OtherDerived; Derived = Eigen::IndexedView<Eigen::Matrix<float, -1, -1>, float, Eigen::internal::SingleRange>][m[K’
[4.866s]   158 |     Derived& [01;36m[Koperator[m[K+=(const MatrixBase<OtherDerived>& other);
[4.866s]       |              [01;36m[K^~~~~~~~[m[K
[4.866s] [01m[K/usr/include/eigen3/Eigen/src/Core/MatrixBase.h:158:14:[m[K [01;36m[Knote: [m[K  template argument deduction/substitution failed:
[4.866s] [01m[K/home/humble/ros_control_ws/src/rf2o_laser_odometry/src/CLaserOdometry2D.cpp:772:38:[m[K [01;36m[Knote: [m[K  mismatched types ‘[01m[Kconst Eigen::MatrixBase<Derived>[m[K’ and ‘[01m[Kfloat[m[K’
[4.866s]   772 |           wacu(std::round(uwarp)) += [01;36m[K1.f[m[K;
[4.866s]       |                                      [01;36m[K^~~[m[K
[4.866s] In file included from [01m[K/usr/include/eigen3/Eigen/Core:273[m[K,
[4.866s]                  from [01m[K/usr/include/eigen3/Eigen/Dense:1[m[K,
[4.866s]                  from [01m[K/home/humble/ros_control_ws/src/rf2o_laser_odometry/include/rf2o_laser_odometry/CLaserOdometry2D.h:33[m[K,
[4.866s]                  from [01m[K/home/humble/ros_control_ws/src/rf2o_laser_odometry/src/CLaserOdometry2D.cpp:18[m[K:
[4.866s] [01m[K/usr/include/eigen3/Eigen/src/Core/MatrixBase.h:493:46:[m[K [01;36m[Knote: [m[Kcandidate: ‘[01m[Ktemplate<class OtherDerived> Derived& Eigen::MatrixBase<Derived>::operator+=(const Eigen::ArrayBase<OtherDerived>&) [with OtherDerived = OtherDerived; Derived = Eigen::IndexedView<Eigen::Matrix<float, -1, -1>, float, Eigen::internal::SingleRange>][m[K’
[4.866s]   493 |     template<typename OtherDerived> Derived& [01;36m[Koperator[m[K+=(const ArrayBase<OtherDerived>& )
[4.866s]       |                                              [01;36m[K^~~~~~~~[m[K
[4.866s] [01m[K/usr/include/eigen3/Eigen/src/Core/MatrixBase.h:493:46:[m[K [01;36m[Knote: [m[K  template argument deduction/substitution failed:
[4.866s] [01m[K/home/humble/ros_control_ws/src/rf2o_laser_odometry/src/CLaserOdometry2D.cpp:772:38:[m[K [01;36m[Knote: [m[K  mismatched types ‘[01m[Kconst Eigen::ArrayBase<Derived>[m[K’ and ‘[01m[Kfloat[m[K’
[4.866s]   772 |           wacu(std::round(uwarp)) += [01;36m[K1.f[m[K;
[4.866s]       |                                      [01;36m[K^~~[m[K
[4.866s] In file included from [01m[K/usr/include/eigen3/Eigen/Core:272[m[K,
[4.866s]                  from [01m[K/usr/include/eigen3/Eigen/Dense:1[m[K,
[4.866s]                  from [01m[K/home/humble/ros_control_ws/src/rf2o_laser_odometry/include/rf2o_laser_odometry/CLaserOdometry2D.h:33[m[K,
[4.866s]                  from [01m[K/home/humble/ros_control_ws/src/rf2o_laser_odometry/src/CLaserOdometry2D.cpp:18[m[K:
[4.867s] [01m[K/usr/include/eigen3/Eigen/src/Core/DenseBase.h:294:14:[m[K [01;36m[Knote: [m[Kcandidate: ‘[01m[Ktemplate<class OtherDerived> Derived& Eigen::DenseBase<Derived>::operator+=(const Eigen::EigenBase<OtherDerived>&) [with OtherDerived = OtherDerived; Derived = Eigen::IndexedView<Eigen::Matrix<float, -1, -1>, float, Eigen::internal::SingleRange>][m[K’
[4.867s]   294 |     Derived& [01;36m[Koperator[m[K+=(const EigenBase<OtherDerived> &other);
[4.867s]       |              [01;36m[K^~~~~~~~[m[K
[4.867s] [01m[K/usr/include/eigen3/Eigen/src/Core/DenseBase.h:294:14:[m[K [01;36m[Knote: [m[K  template argument deduction/substitution failed:
[4.867s] [01m[K/home/humble/ros_control_ws/src/rf2o_laser_odometry/src/CLaserOdometry2D.cpp:772:38:[m[K [01;36m[Knote: [m[K  mismatched types ‘[01m[Kconst Eigen::EigenBase<Derived>[m[K’ and ‘[01m[Kfloat[m[K’
[4.867s]   772 |           wacu(std::round(uwarp)) += [01;36m[K1.f[m[K;
[4.867s]       |                                      [01;36m[K^~~[m[K
[5.159s] In file included from [01m[K/usr/include/eigen3/Eigen/Core:164[m[K,
[5.160s]                  from [01m[K/usr/include/eigen3/Eigen/Dense:1[m[K,
[5.160s]                  from [01m[K/home/humble/ros_control_ws/src/rf2o_laser_odometry/include/rf2o_laser_odometry/CLaserOdometry2D.h:33[m[K,
[5.160s]                  from [01m[K/home/humble/ros_control_ws/src/rf2o_laser_odometry/src/CLaserOdometry2D.cpp:18[m[K:
[5.160s] /usr/include/eigen3/Eigen/src/plugins/IndexedViewMethods.h: In instantiation of ‘[01m[Ktypename Eigen::internal::enable_if<((! Eigen::DenseBase<Derived>::IsRowMajor) && (!((Eigen::internal::get_compile_time_incr<typename Eigen::DenseBase<Derived>::IvcType<Indices>::type>::value == 1) || Eigen::internal::is_valid_index_type<Indices>::value))), Eigen::IndexedView<Derived, typename Eigen::DenseBase<Derived>::IvcType<Indices>::type, Eigen::internal::SingleRange> >::type Eigen::DenseBase<Derived>::operator()(const Indices&) [with Indices = double; Derived = Eigen::Matrix<float, -1, -1>; typename Eigen::internal::enable_if<((! Eigen::DenseBase<Derived>::IsRowMajor) && (!((Eigen::internal::get_compile_time_incr<typename Eigen::DenseBase<Derived>::IvcType<Indices>::type>::value == 1) || Eigen::internal::is_valid_index_type<Indices>::value))), Eigen::IndexedView<Derived, typename Eigen::DenseBase<Derived>::IvcType<Indices>::type, Eigen::internal::SingleRange> >::type = Eigen::IndexedView<Eigen::Matrix<float, -1, -1>, double, Eigen::internal::SingleRange>; typename Eigen::DenseBase<Derived>::IvcType<Indices>::type = double][m[K’:
[5.160s] [01m[K/home/humble/ros_control_ws/src/rf2o_laser_odometry/src/CLaserOdometry2D.cpp:771:36:[m[K   required from here
[5.160s] [01m[K/usr/include/eigen3/Eigen/src/plugins/IndexedViewMethods.h:157:3:[m[K [01;31m[Kerror: [m[Kstatic assertion failed: YOU_TRIED_CALLING_A_VECTOR_METHOD_ON_A_MATRIX
[5.160s]   157 |   [01;31m[KEIGEN_STATIC_ASSERT_VECTOR_ONLY[m[K(Derived)
[5.160s]       |   [01;31m[K^~~~~~~~~~~~~~~~~~~~~~~~~~~~~~~[m[K
[5.160s] [01m[K/usr/include/eigen3/Eigen/src/plugins/IndexedViewMethods.h:157:3:[m[K [01;36m[Knote: [m[K‘[01m[KEigen::Matrix<float, -1, -1>::IsVectorAtCompileTime[m[K’ evaluates to false
[5.160s] /usr/include/eigen3/Eigen/src/plugins/IndexedViewMethods.h: In instantiation of ‘[01m[Ktypename Eigen::internal::enable_if<((! Eigen::DenseBase<Derived>::IsRowMajor) && (!((Eigen::internal::get_compile_time_incr<typename Eigen::DenseBase<Derived>::IvcType<Indices>::type>::value == 1) || Eigen::internal::is_valid_index_type<Indices>::value))), Eigen::IndexedView<Derived, typename Eigen::DenseBase<Derived>::IvcType<Indices>::type, Eigen::internal::SingleRange> >::type Eigen::DenseBase<Derived>::operator()(const Indices&) [with Indices = float; Derived = Eigen::Matrix<float, -1, -1>; typename Eigen::internal::enable_if<((! Eigen::DenseBase<Derived>::IsRowMajor) && (!((Eigen::internal::get_compile_time_incr<typename Eigen::DenseBase<Derived>::IvcType<Indices>::type>::value == 1) || Eigen::internal::is_valid_index_type<Indices>::value))), Eigen::IndexedView<Derived, typename Eigen::DenseBase<Derived>::IvcType<Indices>::type, Eigen::internal::SingleRange> >::type = Eigen::IndexedView<Eigen::Matrix<float, -1, -1>, float, Eigen::internal::SingleRange>; typename Eigen::DenseBase<Derived>::IvcType<Indices>::type = float][m[K’:
[5.160s] [01m[K/home/humble/ros_control_ws/src/rf2o_laser_odometry/src/CLaserOdometry2D.cpp:772:15:[m[K   required from here
[5.160s] [01m[K/usr/include/eigen3/Eigen/src/plugins/IndexedViewMethods.h:157:3:[m[K [01;31m[Kerror: [m[Kstatic assertion failed: YOU_TRIED_CALLING_A_VECTOR_METHOD_ON_A_MATRIX
[5.160s] [01m[K/usr/include/eigen3/Eigen/src/plugins/IndexedViewMethods.h:157:3:[m[K [01;36m[Knote: [m[K‘[01m[KEigen::Matrix<float, -1, -1>::IsVectorAtCompileTime[m[K’ evaluates to false
[5.174s] In file included from [01m[K/usr/include/eigen3/Eigen/Core:164[m[K,
[5.174s]                  from [01m[K/usr/include/eigen3/Eigen/Dense:1[m[K,
[5.174s]                  from [01m[K/home/humble/ros_control_ws/src/rf2o_laser_odometry/include/rf2o_laser_odometry/CLaserOdometry2D.h:33[m[K,
[5.174s]                  from [01m[K/home/humble/ros_control_ws/src/rf2o_laser_odometry/src/CLaserOdometry2D.cpp:18[m[K:
[5.174s] /usr/include/eigen3/Eigen/src/plugins/IndexedViewMethods.h: In instantiation of ‘[01m[Ktypename Eigen::internal::enable_if<((! Eigen::DenseBase<Derived>::IsRowMajor) && (!((Eigen::internal::get_compile_time_incr<typename Eigen::DenseBase<Derived>::IvcType<Indices>::type>::value == 1) || Eigen::internal::is_valid_index_type<Indices>::value))), Eigen::IndexedView<Derived, typename Eigen::DenseBase<Derived>::IvcType<Indices>::type, Eigen::internal::SingleRange> >::type Eigen::DenseBase<Derived>::operator()(const Indices&) [with Indices = double; Derived = Eigen::Matrix<float, -1, -1>; typename Eigen::internal::enable_if<((! Eigen::DenseBase<Derived>::IsRowMajor) && (!((Eigen::internal::get_compile_time_incr<typename Eigen::DenseBase<Derived>::IvcType<Indices>::type>::value == 1) || Eigen::internal::is_valid_index_type<Indices>::value))), Eigen::IndexedView<Derived, typename Eigen::DenseBase<Derived>::IvcType<Indices>::type, Eigen::internal::SingleRange> >::type = Eigen::IndexedView<Eigen::Matrix<float, -1, -1>, double, Eigen::internal::SingleRange>; typename Eigen::DenseBase<Derived>::IvcType<Indices>::type = double][m[K’:
[5.174s] [01m[K/home/humble/ros_control_ws/src/rf2o_laser_odometry/src/CLaserOdometry2D.cpp:771:36:[m[K   required from here
[5.174s] [01m[K/usr/include/eigen3/Eigen/src/plugins/IndexedViewMethods.h:157:3:[m[K [01;31m[Kerror: [m[Kstatic assertion failed: YOU_TRIED_CALLING_A_VECTOR_METHOD_ON_A_MATRIX
[5.174s]   157 |   [01;31m[KEIGEN_STATIC_ASSERT_VECTOR_ONLY[m[K(Derived)
[5.174s]       |   [01;31m[K^~~~~~~~~~~~~~~~~~~~~~~~~~~~~~~[m[K
[5.174s] [01m[K/usr/include/eigen3/Eigen/src/plugins/IndexedViewMethods.h:157:3:[m[K [01;36m[Knote: [m[K‘[01m[KEigen::Matrix<float, -1, -1>::IsVectorAtCompileTime[m[K’ evaluates to false
[5.174s] /usr/include/eigen3/Eigen/src/plugins/IndexedViewMethods.h: In instantiation of ‘[01m[Ktypename Eigen::internal::enable_if<((! Eigen::DenseBase<Derived>::IsRowMajor) && (!((Eigen::internal::get_compile_time_incr<typename Eigen::DenseBase<Derived>::IvcType<Indices>::type>::value == 1) || Eigen::internal::is_valid_index_type<Indices>::value))), Eigen::IndexedView<Derived, typename Eigen::DenseBase<Derived>::IvcType<Indices>::type, Eigen::internal::SingleRange> >::type Eigen::DenseBase<Derived>::operator()(const Indices&) [with Indices = float; Derived = Eigen::Matrix<float, -1, -1>; typename Eigen::internal::enable_if<((! Eigen::DenseBase<Derived>::IsRowMajor) && (!((Eigen::internal::get_compile_time_incr<typename Eigen::DenseBase<Derived>::IvcType<Indices>::type>::value == 1) || Eigen::internal::is_valid_index_type<Indices>::value))), Eigen::IndexedView<Derived, typename Eigen::DenseBase<Derived>::IvcType<Indices>::type, Eigen::internal::SingleRange> >::type = Eigen::IndexedView<Eigen::Matrix<float, -1, -1>, float, Eigen::internal::SingleRange>; typename Eigen::DenseBase<Derived>::IvcType<Indices>::type = float][m[K’:
[5.174s] [01m[K/home/humble/ros_control_ws/src/rf2o_laser_odometry/src/CLaserOdometry2D.cpp:772:15:[m[K   required from here
[5.174s] [01m[K/usr/include/eigen3/Eigen/src/plugins/IndexedViewMethods.h:157:3:[m[K [01;31m[Kerror: [m[Kstatic assertion failed: YOU_TRIED_CALLING_A_VECTOR_METHOD_ON_A_MATRIX
[5.174s] [01m[K/usr/include/eigen3/Eigen/src/plugins/IndexedViewMethods.h:157:3:[m[K [01;36m[Knote: [m[K‘[01m[KEigen::Matrix<float, -1, -1>::IsVectorAtCompileTime[m[K’ evaluates to false
[15.295s] gmake[2]: *** [CMakeFiles/rf2o_laser_odometry_node.dir/build.make:90: CMakeFiles/rf2o_laser_odometry_node.dir/src/CLaserOdometry2D.cpp.o] Error 1
[15.295s] gmake[1]: *** [CMakeFiles/Makefile2:139: CMakeFiles/rf2o_laser_odometry_node.dir/all] Error 2
[15.295s] gmake[1]: *** Waiting for unfinished jobs....
[15.303s] gmake[2]: *** [CMakeFiles/rf2o_laser_odometry.dir/build.make:76: CMakeFiles/rf2o_laser_odometry.dir/src/CLaserOdometry2D.cpp.o] Error 1
[15.303s] gmake[1]: *** [CMakeFiles/Makefile2:165: CMakeFiles/rf2o_laser_odometry.dir/all] Error 2
[15.303s] gmake: *** [Makefile:146: all] Error 2
[15.305s] Invoked command in '/home/humble/ros_control_ws/build/rf2o_laser_odometry' returned '2': CMAKE_PREFIX_PATH=/opt/ros/humble /usr/bin/cmake --build /home/humble/ros_control_ws/build/rf2o_laser_odometry -- -j16 -l16
