[0.030s] Invoking command in '/home/humble/ros_control_ws/build/rf2o_laser_odometry': CMAKE_PREFIX_PATH=/opt/ros/humble /usr/bin/cmake --build /home/humble/ros_control_ws/build/rf2o_laser_odometry -- -j16 -l16
[0.102s] [35m[1mConsolidate compiler generated dependencies of target rf2o_laser_odometry_node[0m
[0.102s] [35m[1mConsolidate compiler generated dependencies of target rf2o_laser_odometry[0m
[0.144s] [ 20%] [32mBuilding CXX object CMakeFiles/rf2o_laser_odometry.dir/src/CLaserOdometry2D.cpp.o[0m
[0.146s] [ 40%] [32mBuilding CXX object CMakeFiles/rf2o_laser_odometry_node.dir/src/CLaserOdometry2D.cpp.o[0m
[3.023s] [01m[K/home/humble/ros_control_ws/src/rf2o_laser_odometry/src/CLaserOdometry2D.cpp:[m[K In member function ‘[01m[Kvoid rf2o::CLaserOdometry2D::performWarping()[m[K’:
[3.023s] [01m[K/home/humble/ros_control_ws/src/rf2o_laser_odometry/src/CLaserOdometry2D.cpp:772:54:[m[K [01;31m[Kerror: [m[Kcannot convert ‘[01m[KEigen::internal::enable_if<true, Eigen::IndexedView<Eigen::Matrix<float, -1, -1>, double, Eigen::internal::SingleRange> >::type[m[K’ {aka ‘[01m[KEigen::IndexedView<Eigen::Matrix<float, -1, -1>, double, Eigen::internal::SingleRange>[m[K’} to ‘[01m[Kconst float[m[K’ in initialization
[3.023s]   772 |           const float tmp = [01;31m[Krange_warped[image_level](round(uwarp))[m[K
[3.023s]       |                             [01;31m[K~~~~~~~~~~~~~~~~~~~~~~~~~^~~~~~~~~~~~~~[m[K
[3.023s]       |                                                      [01;31m[K|[m[K
[3.023s]       |                                                      [01;31m[KEigen::internal::enable_if<true, Eigen::IndexedView<Eigen::Matrix<float, -1, -1>, double, Eigen::internal::SingleRange> >::type {aka Eigen::IndexedView<Eigen::Matrix<float, -1, -1>, double, Eigen::internal::SingleRange>}[m[K
[3.026s] [01m[K/home/humble/ros_control_ws/src/rf2o_laser_odometry/src/CLaserOdometry2D.cpp:[m[K In member function ‘[01m[Kvoid rf2o::CLaserOdometry2D::performWarping()[m[K’:
[3.026s] [01m[K/home/humble/ros_control_ws/src/rf2o_laser_odometry/src/CLaserOdometry2D.cpp:772:54:[m[K [01;31m[Kerror: [m[Kcannot convert ‘[01m[KEigen::internal::enable_if<true, Eigen::IndexedView<Eigen::Matrix<float, -1, -1>, double, Eigen::internal::SingleRange> >::type[m[K’ {aka ‘[01m[KEigen::IndexedView<Eigen::Matrix<float, -1, -1>, double, Eigen::internal::SingleRange>[m[K’} to ‘[01m[Kconst float[m[K’ in initialization
[3.026s]   772 |           const float tmp = [01;31m[Krange_warped[image_level](round(uwarp))[m[K
[3.026s]       |                             [01;31m[K~~~~~~~~~~~~~~~~~~~~~~~~~^~~~~~~~~~~~~~[m[K
[3.026s]       |                                                      [01;31m[K|[m[K
[3.026s]       |                                                      [01;31m[KEigen::internal::enable_if<true, Eigen::IndexedView<Eigen::Matrix<float, -1, -1>, double, Eigen::internal::SingleRange> >::type {aka Eigen::IndexedView<Eigen::Matrix<float, -1, -1>, double, Eigen::internal::SingleRange>}[m[K
[3.030s] [01m[K/home/humble/ros_control_ws/src/rf2o_laser_odometry/src/CLaserOdometry2D.cpp:775:35:[m[K [01;31m[Kerror: [m[Kno match for ‘[01m[Koperator+=[m[K’ (operand types are ‘[01m[KEigen::internal::enable_if<true, Eigen::IndexedView<Eigen::Matrix<float, -1, -1>, float, Eigen::internal::SingleRange> >::type[m[K’ {aka ‘[01m[KEigen::IndexedView<Eigen::Matrix<float, -1, -1>, float, Eigen::internal::SingleRange>[m[K’} and ‘[01m[Kfloat[m[K’)
[3.030s]   775 |           [01;31m[Kwacu(std::round(uwarp)) += 1.f[m[K;
[3.030s]       |           [01;31m[K~~~~~~~~~~~~~~~~~~~~~~~~^~~~~~[m[K
[3.031s] In file included from [01m[K/usr/include/eigen3/Eigen/Core:273[m[K,
[3.031s]                  from [01m[K/usr/include/eigen3/Eigen/Dense:1[m[K,
[3.031s]                  from [01m[K/home/humble/ros_control_ws/src/rf2o_laser_odometry/include/rf2o_laser_odometry/CLaserOdometry2D.h:33[m[K,
[3.031s]                  from [01m[K/home/humble/ros_control_ws/src/rf2o_laser_odometry/src/CLaserOdometry2D.cpp:18[m[K:
[3.031s] [01m[K/usr/include/eigen3/Eigen/src/Core/MatrixBase.h:158:14:[m[K [01;36m[Knote: [m[Kcandidate: ‘[01m[Ktemplate<class OtherDerived> Derived& Eigen::MatrixBase<Derived>::operator+=(const Eigen::MatrixBase<OtherDerived>&) [with OtherDerived = OtherDerived; Derived = Eigen::IndexedView<Eigen::Matrix<float, -1, -1>, float, Eigen::internal::SingleRange>][m[K’
[3.031s]   158 |     Derived& [01;36m[Koperator[m[K+=(const MatrixBase<OtherDerived>& other);
[3.031s]       |              [01;36m[K^~~~~~~~[m[K
[3.031s] [01m[K/usr/include/eigen3/Eigen/src/Core/MatrixBase.h:158:14:[m[K [01;36m[Knote: [m[K  template argument deduction/substitution failed:
[3.031s] [01m[K/home/humble/ros_control_ws/src/rf2o_laser_odometry/src/CLaserOdometry2D.cpp:775:38:[m[K [01;36m[Knote: [m[K  mismatched types ‘[01m[Kconst Eigen::MatrixBase<Derived>[m[K’ and ‘[01m[Kfloat[m[K’
[3.031s]   775 |           wacu(std::round(uwarp)) += [01;36m[K1.f[m[K;
[3.031s]       |                                      [01;36m[K^~~[m[K
[3.031s] In file included from [01m[K/usr/include/eigen3/Eigen/Core:273[m[K,
[3.031s]                  from [01m[K/usr/include/eigen3/Eigen/Dense:1[m[K,
[3.031s]                  from [01m[K/home/humble/ros_control_ws/src/rf2o_laser_odometry/include/rf2o_laser_odometry/CLaserOdometry2D.h:33[m[K,
[3.031s]                  from [01m[K/home/humble/ros_control_ws/src/rf2o_laser_odometry/src/CLaserOdometry2D.cpp:18[m[K:
[3.031s] [01m[K/usr/include/eigen3/Eigen/src/Core/MatrixBase.h:493:46:[m[K [01;36m[Knote: [m[Kcandidate: ‘[01m[Ktemplate<class OtherDerived> Derived& Eigen::MatrixBase<Derived>::operator+=(const Eigen::ArrayBase<OtherDerived>&) [with OtherDerived = OtherDerived; Derived = Eigen::IndexedView<Eigen::Matrix<float, -1, -1>, float, Eigen::internal::SingleRange>][m[K’
[3.031s]   493 |     template<typename OtherDerived> Derived& [01;36m[Koperator[m[K+=(const ArrayBase<OtherDerived>& )
[3.031s]       |                                              [01;36m[K^~~~~~~~[m[K
[3.031s] [01m[K/usr/include/eigen3/Eigen/src/Core/MatrixBase.h:493:46:[m[K [01;36m[Knote: [m[K  template argument deduction/substitution failed:
[3.031s] [01m[K/home/humble/ros_control_ws/src/rf2o_laser_odometry/src/CLaserOdometry2D.cpp:775:38:[m[K [01;36m[Knote: [m[K  mismatched types ‘[01m[Kconst Eigen::ArrayBase<Derived>[m[K’ and ‘[01m[Kfloat[m[K’
[3.032s]   775 |           wacu(std::round(uwarp)) += [01;36m[K1.f[m[K;
[3.032s]       |                                      [01;36m[K^~~[m[K
[3.032s] In file included from [01m[K/usr/include/eigen3/Eigen/Core:272[m[K,
[3.032s]                  from [01m[K/usr/include/eigen3/Eigen/Dense:1[m[K,
[3.032s]                  from [01m[K/home/humble/ros_control_ws/src/rf2o_laser_odometry/include/rf2o_laser_odometry/CLaserOdometry2D.h:33[m[K,
[3.032s]                  from [01m[K/home/humble/ros_control_ws/src/rf2o_laser_odometry/src/CLaserOdometry2D.cpp:18[m[K:
[3.032s] [01m[K/usr/include/eigen3/Eigen/src/Core/DenseBase.h:294:14:[m[K [01;36m[Knote: [m[Kcandidate: ‘[01m[Ktemplate<class OtherDerived> Derived& Eigen::DenseBase<Derived>::operator+=(const Eigen::EigenBase<OtherDerived>&) [with OtherDerived = OtherDerived; Derived = Eigen::IndexedView<Eigen::Matrix<float, -1, -1>, float, Eigen::internal::SingleRange>][m[K’
[3.032s]   294 |     Derived& [01;36m[Koperator[m[K+=(const EigenBase<OtherDerived> &other);
[3.032s]       |              [01;36m[K^~~~~~~~[m[K
[3.032s] [01m[K/usr/include/eigen3/Eigen/src/Core/DenseBase.h:294:14:[m[K [01;36m[Knote: [m[K  template argument deduction/substitution failed:
[3.032s] [01m[K/home/humble/ros_control_ws/src/rf2o_laser_odometry/src/CLaserOdometry2D.cpp:775:38:[m[K [01;36m[Knote: [m[K  mismatched types ‘[01m[Kconst Eigen::EigenBase<Derived>[m[K’ and ‘[01m[Kfloat[m[K’
[3.032s]   775 |           wacu(std::round(uwarp)) += [01;36m[K1.f[m[K;
[3.032s]       |                                      [01;36m[K^~~[m[K
[3.032s] [01m[K/home/humble/ros_control_ws/src/rf2o_laser_odometry/src/CLaserOdometry2D.cpp:772:23:[m[K [01;35m[Kwarning: [m[Kunused variable ‘[01m[Ktmp[m[K’ [[01;35m[K]8;;https://gcc.gnu.org/onlinedocs/gcc/Warning-Options.html#index-Wunused-variable-Wunused-variable]8;;[m[K]
[3.032s]   772 |           const float [01;35m[Ktmp[m[K = range_warped[image_level](round(uwarp))
[3.032s]       |                       [01;35m[K^~~[m[K
[3.034s] [01m[K/home/humble/ros_control_ws/src/rf2o_laser_odometry/src/CLaserOdometry2D.cpp:775:35:[m[K [01;31m[Kerror: [m[Kno match for ‘[01m[Koperator+=[m[K’ (operand types are ‘[01m[KEigen::internal::enable_if<true, Eigen::IndexedView<Eigen::Matrix<float, -1, -1>, float, Eigen::internal::SingleRange> >::type[m[K’ {aka ‘[01m[KEigen::IndexedView<Eigen::Matrix<float, -1, -1>, float, Eigen::internal::SingleRange>[m[K’} and ‘[01m[Kfloat[m[K’)
[3.034s]   775 |           [01;31m[Kwacu(std::round(uwarp)) += 1.f[m[K;
[3.034s]       |           [01;31m[K~~~~~~~~~~~~~~~~~~~~~~~~^~~~~~[m[K
[3.034s] In file included from [01m[K/usr/include/eigen3/Eigen/Core:273[m[K,
[3.034s]                  from [01m[K/usr/include/eigen3/Eigen/Dense:1[m[K,
[3.034s]                  from [01m[K/home/humble/ros_control_ws/src/rf2o_laser_odometry/include/rf2o_laser_odometry/CLaserOdometry2D.h:33[m[K,
[3.034s]                  from [01m[K/home/humble/ros_control_ws/src/rf2o_laser_odometry/src/CLaserOdometry2D.cpp:18[m[K:
[3.034s] [01m[K/usr/include/eigen3/Eigen/src/Core/MatrixBase.h:158:14:[m[K [01;36m[Knote: [m[Kcandidate: ‘[01m[Ktemplate<class OtherDerived> Derived& Eigen::MatrixBase<Derived>::operator+=(const Eigen::MatrixBase<OtherDerived>&) [with OtherDerived = OtherDerived; Derived = Eigen::IndexedView<Eigen::Matrix<float, -1, -1>, float, Eigen::internal::SingleRange>][m[K’
[3.034s]   158 |     Derived& [01;36m[Koperator[m[K+=(const MatrixBase<OtherDerived>& other);
[3.034s]       |              [01;36m[K^~~~~~~~[m[K
[3.034s] [01m[K/usr/include/eigen3/Eigen/src/Core/MatrixBase.h:158:14:[m[K [01;36m[Knote: [m[K  template argument deduction/substitution failed:
[3.034s] [01m[K/home/humble/ros_control_ws/src/rf2o_laser_odometry/src/CLaserOdometry2D.cpp:775:38:[m[K [01;36m[Knote: [m[K  mismatched types ‘[01m[Kconst Eigen::MatrixBase<Derived>[m[K’ and ‘[01m[Kfloat[m[K’
[3.034s]   775 |           wacu(std::round(uwarp)) += [01;36m[K1.f[m[K;
[3.034s]       |                                      [01;36m[K^~~[m[K
[3.034s] In file included from [01m[K/usr/include/eigen3/Eigen/Core:273[m[K,
[3.034s]                  from [01m[K/usr/include/eigen3/Eigen/Dense:1[m[K,
[3.034s]                  from [01m[K/home/humble/ros_control_ws/src/rf2o_laser_odometry/include/rf2o_laser_odometry/CLaserOdometry2D.h:33[m[K,
[3.034s]                  from [01m[K/home/humble/ros_control_ws/src/rf2o_laser_odometry/src/CLaserOdometry2D.cpp:18[m[K:
[3.034s] [01m[K/usr/include/eigen3/Eigen/src/Core/MatrixBase.h:493:46:[m[K [01;36m[Knote: [m[Kcandidate: ‘[01m[Ktemplate<class OtherDerived> Derived& Eigen::MatrixBase<Derived>::operator+=(const Eigen::ArrayBase<OtherDerived>&) [with OtherDerived = OtherDerived; Derived = Eigen::IndexedView<Eigen::Matrix<float, -1, -1>, float, Eigen::internal::SingleRange>][m[K’
[3.034s]   493 |     template<typename OtherDerived> Derived& [01;36m[Koperator[m[K+=(const ArrayBase<OtherDerived>& )
[3.034s]       |                                              [01;36m[K^~~~~~~~[m[K
[3.034s] [01m[K/usr/include/eigen3/Eigen/src/Core/MatrixBase.h:493:46:[m[K [01;36m[Knote: [m[K  template argument deduction/substitution failed:
[3.034s] [01m[K/home/humble/ros_control_ws/src/rf2o_laser_odometry/src/CLaserOdometry2D.cpp:775:38:[m[K [01;36m[Knote: [m[K  mismatched types ‘[01m[Kconst Eigen::ArrayBase<Derived>[m[K’ and ‘[01m[Kfloat[m[K’
[3.034s]   775 |           wacu(std::round(uwarp)) += [01;36m[K1.f[m[K;
[3.035s]       |                                      [01;36m[K^~~[m[K
[3.035s] In file included from [01m[K/usr/include/eigen3/Eigen/Core:272[m[K,
[3.035s]                  from [01m[K/usr/include/eigen3/Eigen/Dense:1[m[K,
[3.035s]                  from [01m[K/home/humble/ros_control_ws/src/rf2o_laser_odometry/include/rf2o_laser_odometry/CLaserOdometry2D.h:33[m[K,
[3.035s]                  from [01m[K/home/humble/ros_control_ws/src/rf2o_laser_odometry/src/CLaserOdometry2D.cpp:18[m[K:
[3.035s] [01m[K/usr/include/eigen3/Eigen/src/Core/DenseBase.h:294:14:[m[K [01;36m[Knote: [m[Kcandidate: ‘[01m[Ktemplate<class OtherDerived> Derived& Eigen::DenseBase<Derived>::operator+=(const Eigen::EigenBase<OtherDerived>&) [with OtherDerived = OtherDerived; Derived = Eigen::IndexedView<Eigen::Matrix<float, -1, -1>, float, Eigen::internal::SingleRange>][m[K’
[3.035s]   294 |     Derived& [01;36m[Koperator[m[K+=(const EigenBase<OtherDerived> &other);
[3.035s]       |              [01;36m[K^~~~~~~~[m[K
[3.035s] [01m[K/usr/include/eigen3/Eigen/src/Core/DenseBase.h:294:14:[m[K [01;36m[Knote: [m[K  template argument deduction/substitution failed:
[3.035s] [01m[K/home/humble/ros_control_ws/src/rf2o_laser_odometry/src/CLaserOdometry2D.cpp:775:38:[m[K [01;36m[Knote: [m[K  mismatched types ‘[01m[Kconst Eigen::EigenBase<Derived>[m[K’ and ‘[01m[Kfloat[m[K’
[3.035s]   775 |           wacu(std::round(uwarp)) += [01;36m[K1.f[m[K;
[3.035s]       |                                      [01;36m[K^~~[m[K
[3.035s] [01m[K/home/humble/ros_control_ws/src/rf2o_laser_odometry/src/CLaserOdometry2D.cpp:772:23:[m[K [01;35m[Kwarning: [m[Kunused variable ‘[01m[Ktmp[m[K’ [[01;35m[K]8;;https://gcc.gnu.org/onlinedocs/gcc/Warning-Options.html#index-Wunused-variable-Wunused-variable]8;;[m[K]
[3.035s]   772 |           const float [01;35m[Ktmp[m[K = range_warped[image_level](round(uwarp))
[3.035s]       |                       [01;35m[K^~~[m[K
[3.316s] In file included from [01m[K/usr/include/eigen3/Eigen/Core:164[m[K,
[3.316s]                  from [01m[K/usr/include/eigen3/Eigen/Dense:1[m[K,
[3.316s]                  from [01m[K/home/humble/ros_control_ws/src/rf2o_laser_odometry/include/rf2o_laser_odometry/CLaserOdometry2D.h:33[m[K,
[3.316s]                  from [01m[K/home/humble/ros_control_ws/src/rf2o_laser_odometry/src/CLaserOdometry2D.cpp:18[m[K:
[3.317s] /usr/include/eigen3/Eigen/src/plugins/IndexedViewMethods.h: In instantiation of ‘[01m[Ktypename Eigen::internal::enable_if<((! Eigen::DenseBase<Derived>::IsRowMajor) && (!((Eigen::internal::get_compile_time_incr<typename Eigen::DenseBase<Derived>::IvcType<Indices>::type>::value == 1) || Eigen::internal::is_valid_index_type<Indices>::value))), Eigen::IndexedView<Derived, typename Eigen::DenseBase<Derived>::IvcType<Indices>::type, Eigen::internal::SingleRange> >::type Eigen::DenseBase<Derived>::operator()(const Indices&) [with Indices = double; Derived = Eigen::Matrix<float, -1, -1>; typename Eigen::internal::enable_if<((! Eigen::DenseBase<Derived>::IsRowMajor) && (!((Eigen::internal::get_compile_time_incr<typename Eigen::DenseBase<Derived>::IvcType<Indices>::type>::value == 1) || Eigen::internal::is_valid_index_type<Indices>::value))), Eigen::IndexedView<Derived, typename Eigen::DenseBase<Derived>::IvcType<Indices>::type, Eigen::internal::SingleRange> >::type = Eigen::IndexedView<Eigen::Matrix<float, -1, -1>, double, Eigen::internal::SingleRange>; typename Eigen::DenseBase<Derived>::IvcType<Indices>::type = double][m[K’:
[3.317s] [01m[K/home/humble/ros_control_ws/src/rf2o_laser_odometry/src/CLaserOdometry2D.cpp:772:54:[m[K   required from here
[3.317s] [01m[K/usr/include/eigen3/Eigen/src/plugins/IndexedViewMethods.h:157:3:[m[K [01;31m[Kerror: [m[Kstatic assertion failed: YOU_TRIED_CALLING_A_VECTOR_METHOD_ON_A_MATRIX
[3.317s]   157 |   [01;31m[KEIGEN_STATIC_ASSERT_VECTOR_ONLY[m[K(Derived)
[3.317s]       |   [01;31m[K^~~~~~~~~~~~~~~~~~~~~~~~~~~~~~~[m[K
[3.317s] [01m[K/usr/include/eigen3/Eigen/src/plugins/IndexedViewMethods.h:157:3:[m[K [01;36m[Knote: [m[K‘[01m[KEigen::Matrix<float, -1, -1>::IsVectorAtCompileTime[m[K’ evaluates to false
[3.317s] /usr/include/eigen3/Eigen/src/plugins/IndexedViewMethods.h: In instantiation of ‘[01m[Ktypename Eigen::internal::enable_if<((! Eigen::DenseBase<Derived>::IsRowMajor) && (!((Eigen::internal::get_compile_time_incr<typename Eigen::DenseBase<Derived>::IvcType<Indices>::type>::value == 1) || Eigen::internal::is_valid_index_type<Indices>::value))), Eigen::IndexedView<Derived, typename Eigen::DenseBase<Derived>::IvcType<Indices>::type, Eigen::internal::SingleRange> >::type Eigen::DenseBase<Derived>::operator()(const Indices&) [with Indices = float; Derived = Eigen::Matrix<float, -1, -1>; typename Eigen::internal::enable_if<((! Eigen::DenseBase<Derived>::IsRowMajor) && (!((Eigen::internal::get_compile_time_incr<typename Eigen::DenseBase<Derived>::IvcType<Indices>::type>::value == 1) || Eigen::internal::is_valid_index_type<Indices>::value))), Eigen::IndexedView<Derived, typename Eigen::DenseBase<Derived>::IvcType<Indices>::type, Eigen::internal::SingleRange> >::type = Eigen::IndexedView<Eigen::Matrix<float, -1, -1>, float, Eigen::internal::SingleRange>; typename Eigen::DenseBase<Derived>::IvcType<Indices>::type = float][m[K’:
[3.317s] [01m[K/home/humble/ros_control_ws/src/rf2o_laser_odometry/src/CLaserOdometry2D.cpp:775:15:[m[K   required from here
[3.317s] [01m[K/usr/include/eigen3/Eigen/src/plugins/IndexedViewMethods.h:157:3:[m[K [01;31m[Kerror: [m[Kstatic assertion failed: YOU_TRIED_CALLING_A_VECTOR_METHOD_ON_A_MATRIX
[3.317s] [01m[K/usr/include/eigen3/Eigen/src/plugins/IndexedViewMethods.h:157:3:[m[K [01;36m[Knote: [m[K‘[01m[KEigen::Matrix<float, -1, -1>::IsVectorAtCompileTime[m[K’ evaluates to false
[3.320s] In file included from [01m[K/usr/include/eigen3/Eigen/Core:164[m[K,
[3.320s]                  from [01m[K/usr/include/eigen3/Eigen/Dense:1[m[K,
[3.320s]                  from [01m[K/home/humble/ros_control_ws/src/rf2o_laser_odometry/include/rf2o_laser_odometry/CLaserOdometry2D.h:33[m[K,
[3.320s]                  from [01m[K/home/humble/ros_control_ws/src/rf2o_laser_odometry/src/CLaserOdometry2D.cpp:18[m[K:
[3.320s] /usr/include/eigen3/Eigen/src/plugins/IndexedViewMethods.h: In instantiation of ‘[01m[Ktypename Eigen::internal::enable_if<((! Eigen::DenseBase<Derived>::IsRowMajor) && (!((Eigen::internal::get_compile_time_incr<typename Eigen::DenseBase<Derived>::IvcType<Indices>::type>::value == 1) || Eigen::internal::is_valid_index_type<Indices>::value))), Eigen::IndexedView<Derived, typename Eigen::DenseBase<Derived>::IvcType<Indices>::type, Eigen::internal::SingleRange> >::type Eigen::DenseBase<Derived>::operator()(const Indices&) [with Indices = double; Derived = Eigen::Matrix<float, -1, -1>; typename Eigen::internal::enable_if<((! Eigen::DenseBase<Derived>::IsRowMajor) && (!((Eigen::internal::get_compile_time_incr<typename Eigen::DenseBase<Derived>::IvcType<Indices>::type>::value == 1) || Eigen::internal::is_valid_index_type<Indices>::value))), Eigen::IndexedView<Derived, typename Eigen::DenseBase<Derived>::IvcType<Indices>::type, Eigen::internal::SingleRange> >::type = Eigen::IndexedView<Eigen::Matrix<float, -1, -1>, double, Eigen::internal::SingleRange>; typename Eigen::DenseBase<Derived>::IvcType<Indices>::type = double][m[K’:
[3.320s] [01m[K/home/humble/ros_control_ws/src/rf2o_laser_odometry/src/CLaserOdometry2D.cpp:772:54:[m[K   required from here
[3.320s] [01m[K/usr/include/eigen3/Eigen/src/plugins/IndexedViewMethods.h:157:3:[m[K [01;31m[Kerror: [m[Kstatic assertion failed: YOU_TRIED_CALLING_A_VECTOR_METHOD_ON_A_MATRIX
[3.320s]   157 |   [01;31m[KEIGEN_STATIC_ASSERT_VECTOR_ONLY[m[K(Derived)
[3.321s]       |   [01;31m[K^~~~~~~~~~~~~~~~~~~~~~~~~~~~~~~[m[K
[3.321s] [01m[K/usr/include/eigen3/Eigen/src/plugins/IndexedViewMethods.h:157:3:[m[K [01;36m[Knote: [m[K‘[01m[KEigen::Matrix<float, -1, -1>::IsVectorAtCompileTime[m[K’ evaluates to false
[3.321s] /usr/include/eigen3/Eigen/src/plugins/IndexedViewMethods.h: In instantiation of ‘[01m[Ktypename Eigen::internal::enable_if<((! Eigen::DenseBase<Derived>::IsRowMajor) && (!((Eigen::internal::get_compile_time_incr<typename Eigen::DenseBase<Derived>::IvcType<Indices>::type>::value == 1) || Eigen::internal::is_valid_index_type<Indices>::value))), Eigen::IndexedView<Derived, typename Eigen::DenseBase<Derived>::IvcType<Indices>::type, Eigen::internal::SingleRange> >::type Eigen::DenseBase<Derived>::operator()(const Indices&) [with Indices = float; Derived = Eigen::Matrix<float, -1, -1>; typename Eigen::internal::enable_if<((! Eigen::DenseBase<Derived>::IsRowMajor) && (!((Eigen::internal::get_compile_time_incr<typename Eigen::DenseBase<Derived>::IvcType<Indices>::type>::value == 1) || Eigen::internal::is_valid_index_type<Indices>::value))), Eigen::IndexedView<Derived, typename Eigen::DenseBase<Derived>::IvcType<Indices>::type, Eigen::internal::SingleRange> >::type = Eigen::IndexedView<Eigen::Matrix<float, -1, -1>, float, Eigen::internal::SingleRange>; typename Eigen::DenseBase<Derived>::IvcType<Indices>::type = float][m[K’:
[3.321s] [01m[K/home/humble/ros_control_ws/src/rf2o_laser_odometry/src/CLaserOdometry2D.cpp:775:15:[m[K   required from here
[3.321s] [01m[K/usr/include/eigen3/Eigen/src/plugins/IndexedViewMethods.h:157:3:[m[K [01;31m[Kerror: [m[Kstatic assertion failed: YOU_TRIED_CALLING_A_VECTOR_METHOD_ON_A_MATRIX
[3.321s] [01m[K/usr/include/eigen3/Eigen/src/plugins/IndexedViewMethods.h:157:3:[m[K [01;36m[Knote: [m[K‘[01m[KEigen::Matrix<float, -1, -1>::IsVectorAtCompileTime[m[K’ evaluates to false
[13.418s] gmake[2]: *** [CMakeFiles/rf2o_laser_odometry_node.dir/build.make:90: CMakeFiles/rf2o_laser_odometry_node.dir/src/CLaserOdometry2D.cpp.o] Error 1
[13.419s] gmake[1]: *** [CMakeFiles/Makefile2:139: CMakeFiles/rf2o_laser_odometry_node.dir/all] Error 2
[13.419s] gmake[1]: *** Waiting for unfinished jobs....
[13.439s] gmake[2]: *** [CMakeFiles/rf2o_laser_odometry.dir/build.make:76: CMakeFiles/rf2o_laser_odometry.dir/src/CLaserOdometry2D.cpp.o] Error 1
[13.439s] gmake[1]: *** [CMakeFiles/Makefile2:165: CMakeFiles/rf2o_laser_odometry.dir/all] Error 2
[13.439s] gmake: *** [Makefile:146: all] Error 2
[13.441s] Invoked command in '/home/humble/ros_control_ws/build/rf2o_laser_odometry' returned '2': CMAKE_PREFIX_PATH=/opt/ros/humble /usr/bin/cmake --build /home/humble/ros_control_ws/build/rf2o_laser_odometry -- -j16 -l16
