[0.039s] Invoking command in '/home/humble/ros_control_ws/build/stacker_cartographer': CMAKE_PREFIX_PATH=/opt/ros/humble /usr/bin/cmake /home/humble/ros_control_ws/src/stacker_cartographer -DAMENT_CMAKE_SYMLINK_INSTALL=1 -DCMAKE_INSTALL_PREFIX=/home/humble/ros_control_ws/install/stacker_cartographer
[0.141s] -- The C compiler identification is GNU 11.3.0
[0.222s] -- The CXX compiler identification is GNU 11.3.0
[0.230s] -- Detecting C compiler ABI info
[0.297s] -- Detecting C compiler ABI info - done
[0.302s] -- Check for working C compiler: /usr/bin/cc - skipped
[0.302s] -- Detecting C compile features
[0.302s] -- Detecting C compile features - done
[0.320s] -- Detecting CXX compiler ABI info
[0.378s] -- Detecting CXX compiler ABI info - done
[0.383s] -- Check for working CXX compiler: /usr/bin/c++ - skipped
[0.383s] -- Detecting CXX compile features
[0.383s] -- Detecting CXX compile features - done
[0.386s] -- Found ament_cmake: 1.3.3 (/opt/ros/humble/share/ament_cmake/cmake)
[0.512s] -- Found Python3: /usr/bin/python3.10 (found version "3.10.6") found components: Interpreter 
[0.561s] -- Override CMake install command with custom implementation using symlinks instead of copying resources
[0.586s] -- Found ament_lint_auto: 0.12.4 (/opt/ros/humble/share/ament_lint_auto/cmake)
[0.644s] -- Added test 'flake8' to check Python code syntax and style conventions
[0.644s] -- Added test 'lint_cmake' to check CMake code style
[0.645s] -- Added test 'pep257' to check Python code against some of the docstring style conventions in PEP 257
[0.645s] -- Added test 'xmllint' to check XML markup files
[0.647s] -- Configuring done
[0.648s] -- Generating done
[0.649s] -- Build files have been written to: /home/humble/ros_control_ws/build/stacker_cartographer
[0.653s] Invoked command in '/home/humble/ros_control_ws/build/stacker_cartographer' returned '0': CMAKE_PREFIX_PATH=/opt/ros/humble /usr/bin/cmake /home/humble/ros_control_ws/src/stacker_cartographer -DAMENT_CMAKE_SYMLINK_INSTALL=1 -DCMAKE_INSTALL_PREFIX=/home/humble/ros_control_ws/install/stacker_cartographer
[0.654s] Invoking command in '/home/humble/ros_control_ws/build/stacker_cartographer': CMAKE_PREFIX_PATH=/opt/ros/humble /usr/bin/cmake --build /home/humble/ros_control_ws/build/stacker_cartographer -- -j16 -l16
[0.679s] Invoked command in '/home/humble/ros_control_ws/build/stacker_cartographer' returned '0': CMAKE_PREFIX_PATH=/opt/ros/humble /usr/bin/cmake --build /home/humble/ros_control_ws/build/stacker_cartographer -- -j16 -l16
[0.703s] Invoking command in '/home/humble/ros_control_ws/build/stacker_cartographer': CMAKE_PREFIX_PATH=/opt/ros/humble /usr/bin/cmake --install /home/humble/ros_control_ws/build/stacker_cartographer
[0.709s] -- Install configuration: ""
[0.709s] -- Execute custom install script
[0.709s] -- Symlinking: /home/humble/ros_control_ws/install/stacker_cartographer/share/stacker_cartographer/config/cart_slam_2d.lua
[0.714s] -- Symlinking: /home/humble/ros_control_ws/install/stacker_cartographer/share/stacker_cartographer/launch/cartographer.launch.py
[0.719s] -- Symlinking: /home/humble/ros_control_ws/install/stacker_cartographer/share/ament_index/resource_index/package_run_dependencies/stacker_cartographer
[0.724s] -- Symlinking: /home/humble/ros_control_ws/install/stacker_cartographer/share/ament_index/resource_index/parent_prefix_path/stacker_cartographer
[0.728s] -- Symlinking: /home/humble/ros_control_ws/install/stacker_cartographer/share/stacker_cartographer/environment/ament_prefix_path.sh
[0.733s] -- Symlinking: /home/humble/ros_control_ws/install/stacker_cartographer/share/stacker_cartographer/environment/ament_prefix_path.dsv
[0.739s] -- Symlinking: /home/humble/ros_control_ws/install/stacker_cartographer/share/stacker_cartographer/environment/path.sh
[0.745s] -- Symlinking: /home/humble/ros_control_ws/install/stacker_cartographer/share/stacker_cartographer/environment/path.dsv
[0.750s] -- Symlinking: /home/humble/ros_control_ws/install/stacker_cartographer/share/stacker_cartographer/local_setup.bash
[0.754s] -- Symlinking: /home/humble/ros_control_ws/install/stacker_cartographer/share/stacker_cartographer/local_setup.sh
[0.759s] -- Symlinking: /home/humble/ros_control_ws/install/stacker_cartographer/share/stacker_cartographer/local_setup.zsh
[0.763s] -- Symlinking: /home/humble/ros_control_ws/install/stacker_cartographer/share/stacker_cartographer/local_setup.dsv
[0.769s] -- Symlinking: /home/humble/ros_control_ws/install/stacker_cartographer/share/stacker_cartographer/package.dsv
[0.775s] -- Symlinking: /home/humble/ros_control_ws/install/stacker_cartographer/share/ament_index/resource_index/packages/stacker_cartographer
[0.779s] -- Symlinking: /home/humble/ros_control_ws/install/stacker_cartographer/share/stacker_cartographer/cmake/stacker_cartographerConfig.cmake
[0.784s] -- Symlinking: /home/humble/ros_control_ws/install/stacker_cartographer/share/stacker_cartographer/cmake/stacker_cartographerConfig-version.cmake
[0.789s] -- Symlinking: /home/humble/ros_control_ws/install/stacker_cartographer/share/stacker_cartographer/package.xml
[0.795s] Invoked command in '/home/humble/ros_control_ws/build/stacker_cartographer' returned '0': CMAKE_PREFIX_PATH=/opt/ros/humble /usr/bin/cmake --install /home/humble/ros_control_ws/build/stacker_cartographer
