-- Install configuration: ""
-- Execute custom install script
-- Up-to-date symlink: /home/humble/ros_control_ws/install/stacker_description/share/stacker_description/launch/display.launch.py
-- Up-to-date symlink: /home/humble/ros_control_ws/install/stacker_description/share/stacker_description/launch/display_simple.launch.py
-- Up-to-date symlink: /home/humble/ros_control_ws/install/stacker_description/share/stacker_description/launch/gazebo.launch.py
-- Up-to-date symlink: /home/humble/ros_control_ws/install/stacker_description/share/stacker_description/launch/gazebo.launch_bp.py
-- Up-to-date symlink: /home/humble/ros_control_ws/install/stacker_description/share/stacker_description/launch/scan_map.launch.py
-- Up-to-date symlink: /home/humble/ros_control_ws/install/stacker_description/share/stacker_description/launch/stacker_drive.launch.py
-- Up-to-date symlink: /home/humble/ros_control_ws/install/stacker_description/share/stacker_description/meshes/base_link.dae
-- Up-to-date symlink: /home/humble/ros_control_ws/install/stacker_description/share/stacker_description/meshes/base_link.stl
-- Up-to-date symlink: /home/humble/ros_control_ws/install/stacker_description/share/stacker_description/meshes/fox_wheel_1_1.dae
-- Up-to-date symlink: /home/humble/ros_control_ws/install/stacker_description/share/stacker_description/meshes/fox_wheel_1_1.stl
-- Up-to-date symlink: /home/humble/ros_control_ws/install/stacker_description/share/stacker_description/meshes/fox_wheel_2_1.dae
-- Up-to-date symlink: /home/humble/ros_control_ws/install/stacker_description/share/stacker_description/meshes/fox_wheel_2_1.stl
-- Up-to-date symlink: /home/humble/ros_control_ws/install/stacker_description/share/stacker_description/meshes/steering_joint_1.dae
-- Up-to-date symlink: /home/humble/ros_control_ws/install/stacker_description/share/stacker_description/meshes/steering_joint_1.stl
-- Up-to-date symlink: /home/humble/ros_control_ws/install/stacker_description/share/stacker_description/meshes/wheel_1.dae
-- Up-to-date symlink: /home/humble/ros_control_ws/install/stacker_description/share/stacker_description/meshes/wheel_1.stl
-- Up-to-date symlink: /home/humble/ros_control_ws/install/stacker_description/share/stacker_description/rviz/urdf.rviz
-- Up-to-date symlink: /home/humble/ros_control_ws/install/stacker_description/share/stacker_description/urdf/Stacker.gazebo
-- Up-to-date symlink: /home/humble/ros_control_ws/install/stacker_description/share/stacker_description/urdf/Stacker.trans
-- Up-to-date symlink: /home/humble/ros_control_ws/install/stacker_description/share/stacker_description/urdf/Stacker.xacro
-- Up-to-date symlink: /home/humble/ros_control_ws/install/stacker_description/share/stacker_description/urdf/Stacker_bp.xacro
-- Up-to-date symlink: /home/humble/ros_control_ws/install/stacker_description/share/stacker_description/urdf/Stacker_simple.xacro.urdf
-- Up-to-date symlink: /home/humble/ros_control_ws/install/stacker_description/share/stacker_description/urdf/Stacker_src.xacro
-- Up-to-date symlink: /home/humble/ros_control_ws/install/stacker_description/share/stacker_description/urdf/car.urdf.xacro
-- Up-to-date symlink: /home/humble/ros_control_ws/install/stacker_description/share/stacker_description/urdf/materials.xacro
-- Up-to-date symlink: /home/humble/ros_control_ws/install/stacker_description/share/stacker_description/urdf/test_tricycle_drive.xacro.urdf
-- Up-to-date symlink: /home/humble/ros_control_ws/install/stacker_description/share/stacker_description/config/cart_slam_2d.lua
-- Up-to-date symlink: /home/humble/ros_control_ws/install/stacker_description/share/stacker_description/config/config.rviz
-- Up-to-date symlink: /home/humble/ros_control_ws/install/stacker_description/share/stacker_description/config/stacker_drive_controller.yaml
-- Up-to-date symlink: /home/humble/ros_control_ws/install/stacker_description/share/stacker_description/world/test_world.world
-- Up-to-date symlink: /home/humble/ros_control_ws/install/stacker_description/share/ament_index/resource_index/package_run_dependencies/stacker_description
-- Up-to-date symlink: /home/humble/ros_control_ws/install/stacker_description/share/ament_index/resource_index/parent_prefix_path/stacker_description
-- Up-to-date symlink: /home/humble/ros_control_ws/install/stacker_description/share/stacker_description/environment/ament_prefix_path.sh
-- Up-to-date symlink: /home/humble/ros_control_ws/install/stacker_description/share/stacker_description/environment/ament_prefix_path.dsv
-- Up-to-date symlink: /home/humble/ros_control_ws/install/stacker_description/share/stacker_description/environment/path.sh
-- Up-to-date symlink: /home/humble/ros_control_ws/install/stacker_description/share/stacker_description/environment/path.dsv
-- Up-to-date symlink: /home/humble/ros_control_ws/install/stacker_description/share/stacker_description/local_setup.bash
-- Up-to-date symlink: /home/humble/ros_control_ws/install/stacker_description/share/stacker_description/local_setup.sh
-- Up-to-date symlink: /home/humble/ros_control_ws/install/stacker_description/share/stacker_description/local_setup.zsh
-- Up-to-date symlink: /home/humble/ros_control_ws/install/stacker_description/share/stacker_description/local_setup.dsv
-- Symlinking: /home/humble/ros_control_ws/install/stacker_description/share/stacker_description/package.dsv
-- Up-to-date symlink: /home/humble/ros_control_ws/install/stacker_description/share/ament_index/resource_index/packages/stacker_description
-- Up-to-date symlink: /home/humble/ros_control_ws/install/stacker_description/share/stacker_description/cmake/stacker_descriptionConfig.cmake
-- Up-to-date symlink: /home/humble/ros_control_ws/install/stacker_description/share/stacker_description/cmake/stacker_descriptionConfig-version.cmake
-- Up-to-date symlink: /home/humble/ros_control_ws/install/stacker_description/share/stacker_description/package.xml
