[0.278s] DEBUG:colcon:Command line arguments: ['/usr/bin/colcon', 'build', '--symlink-install']
[0.278s] DEBUG:colcon:Parsed command line arguments: Namespace(log_base=None, log_level=None, verb_name='build', build_base='build', install_base='install', merge_install=False, symlink_install=True, test_result_base=None, continue_on_error=False, executor='parallel', parallel_workers=16, event_handlers=None, ignore_user_meta=False, metas=['./colcon.meta'], base_paths=['.'], packages_ignore=None, packages_ignore_regex=None, paths=None, packages_up_to=None, packages_up_to_regex=None, packages_above=None, packages_above_and_dependencies=None, packages_above_depth=None, packages_select_by_dep=None, packages_skip_by_dep=None, packages_skip_up_to=None, packages_select_build_failed=False, packages_skip_build_finished=False, packages_select_test_failures=False, packages_skip_test_passed=False, packages_select=None, packages_skip=None, packages_select_regex=None, packages_skip_regex=None, packages_start=None, packages_end=None, allow_overriding=[], cmake_args=None, cmake_target=None, cmake_target_skip_unavailable=False, cmake_clean_cache=False, cmake_clean_first=False, cmake_force_configure=False, ament_cmake_args=None, catkin_cmake_args=None, catkin_skip_building_tests=False, verb_parser=<colcon_defaults.argument_parser.defaults.DefaultArgumentsDecorator object at 0x7f43e7d67d00>, verb_extension=<colcon_core.verb.build.BuildVerb object at 0x7f43e8718eb0>, main=<bound method BuildVerb.main of <colcon_core.verb.build.BuildVerb object at 0x7f43e8718eb0>>)
[0.310s] Level 1:colcon.colcon_core.package_discovery:discover_packages(colcon_meta) check parameters
[0.310s] Level 1:colcon.colcon_core.package_discovery:discover_packages(recursive) check parameters
[0.310s] Level 1:colcon.colcon_core.package_discovery:discover_packages(ignore) check parameters
[0.310s] Level 1:colcon.colcon_core.package_discovery:discover_packages(path) check parameters
[0.310s] Level 1:colcon.colcon_core.package_discovery:discover_packages(colcon_meta) discover
[0.310s] Level 1:colcon.colcon_core.package_discovery:discover_packages(recursive) discover
[0.310s] INFO:colcon.colcon_core.package_discovery:Crawling recursively for packages in '/home/humble/ros_control_ws'
[0.310s] Level 1:colcon.colcon_core.package_identification:_identify(.) by extensions ['ignore', 'ignore_ament_install']
[0.310s] Level 1:colcon.colcon_core.package_identification:_identify(.) by extension 'ignore'
[0.310s] Level 1:colcon.colcon_core.package_identification:_identify(.) by extension 'ignore_ament_install'
[0.310s] Level 1:colcon.colcon_core.package_identification:_identify(.) by extensions ['colcon_pkg']
[0.310s] Level 1:colcon.colcon_core.package_identification:_identify(.) by extension 'colcon_pkg'
[0.310s] Level 1:colcon.colcon_core.package_identification:_identify(.) by extensions ['colcon_meta']
[0.310s] Level 1:colcon.colcon_core.package_identification:_identify(.) by extension 'colcon_meta'
[0.310s] Level 1:colcon.colcon_core.package_identification:_identify(.) by extensions ['ros']
[0.310s] Level 1:colcon.colcon_core.package_identification:_identify(.) by extension 'ros'
[0.318s] Level 1:colcon.colcon_core.package_identification:_identify(.) by extensions ['cmake', 'python']
[0.318s] Level 1:colcon.colcon_core.package_identification:_identify(.) by extension 'cmake'
[0.318s] Level 1:colcon.colcon_core.package_identification:_identify(.) by extension 'python'
[0.318s] Level 1:colcon.colcon_core.package_identification:_identify(.) by extensions ['python_setup_py']
[0.318s] Level 1:colcon.colcon_core.package_identification:_identify(.) by extension 'python_setup_py'
[0.318s] Level 1:colcon.colcon_core.package_identification:_identify(build) by extensions ['ignore', 'ignore_ament_install']
[0.318s] Level 1:colcon.colcon_core.package_identification:_identify(build) by extension 'ignore'
[0.318s] Level 1:colcon.colcon_core.package_identification:_identify(build) ignored
[0.318s] Level 1:colcon.colcon_core.package_identification:_identify(install) by extensions ['ignore', 'ignore_ament_install']
[0.318s] Level 1:colcon.colcon_core.package_identification:_identify(install) by extension 'ignore'
[0.318s] Level 1:colcon.colcon_core.package_identification:_identify(install) ignored
[0.318s] Level 1:colcon.colcon_core.package_identification:_identify(log) by extensions ['ignore', 'ignore_ament_install']
[0.319s] Level 1:colcon.colcon_core.package_identification:_identify(log) by extension 'ignore'
[0.319s] Level 1:colcon.colcon_core.package_identification:_identify(log) ignored
[0.319s] Level 1:colcon.colcon_core.package_identification:_identify(src) by extensions ['ignore', 'ignore_ament_install']
[0.319s] Level 1:colcon.colcon_core.package_identification:_identify(src) by extension 'ignore'
[0.319s] Level 1:colcon.colcon_core.package_identification:_identify(src) by extension 'ignore_ament_install'
[0.319s] Level 1:colcon.colcon_core.package_identification:_identify(src) by extensions ['colcon_pkg']
[0.319s] Level 1:colcon.colcon_core.package_identification:_identify(src) by extension 'colcon_pkg'
[0.319s] Level 1:colcon.colcon_core.package_identification:_identify(src) by extensions ['colcon_meta']
[0.319s] Level 1:colcon.colcon_core.package_identification:_identify(src) by extension 'colcon_meta'
[0.319s] Level 1:colcon.colcon_core.package_identification:_identify(src) by extensions ['ros']
[0.319s] Level 1:colcon.colcon_core.package_identification:_identify(src) by extension 'ros'
[0.319s] Level 1:colcon.colcon_core.package_identification:_identify(src) by extensions ['cmake', 'python']
[0.319s] Level 1:colcon.colcon_core.package_identification:_identify(src) by extension 'cmake'
[0.319s] Level 1:colcon.colcon_core.package_identification:_identify(src) by extension 'python'
[0.319s] Level 1:colcon.colcon_core.package_identification:_identify(src) by extensions ['python_setup_py']
[0.319s] Level 1:colcon.colcon_core.package_identification:_identify(src) by extension 'python_setup_py'
[0.319s] Level 1:colcon.colcon_core.package_identification:_identify(src/gazebo_ros2_control_demos) by extensions ['ignore', 'ignore_ament_install']
[0.319s] Level 1:colcon.colcon_core.package_identification:_identify(src/gazebo_ros2_control_demos) by extension 'ignore'
[0.319s] Level 1:colcon.colcon_core.package_identification:_identify(src/gazebo_ros2_control_demos) by extension 'ignore_ament_install'
[0.319s] Level 1:colcon.colcon_core.package_identification:_identify(src/gazebo_ros2_control_demos) by extensions ['colcon_pkg']
[0.319s] Level 1:colcon.colcon_core.package_identification:_identify(src/gazebo_ros2_control_demos) by extension 'colcon_pkg'
[0.319s] Level 1:colcon.colcon_core.package_identification:_identify(src/gazebo_ros2_control_demos) by extensions ['colcon_meta']
[0.319s] Level 1:colcon.colcon_core.package_identification:_identify(src/gazebo_ros2_control_demos) by extension 'colcon_meta'
[0.319s] Level 1:colcon.colcon_core.package_identification:_identify(src/gazebo_ros2_control_demos) by extensions ['ros']
[0.319s] Level 1:colcon.colcon_core.package_identification:_identify(src/gazebo_ros2_control_demos) by extension 'ros'
[0.322s] DEBUG:colcon.colcon_core.package_identification:Package 'src/gazebo_ros2_control_demos' with type 'ros.ament_cmake' and name 'gazebo_ros2_control_demos'
[0.322s] Level 1:colcon.colcon_core.package_identification:_identify(src/stacker_cartographer) by extensions ['ignore', 'ignore_ament_install']
[0.322s] Level 1:colcon.colcon_core.package_identification:_identify(src/stacker_cartographer) by extension 'ignore'
[0.322s] Level 1:colcon.colcon_core.package_identification:_identify(src/stacker_cartographer) by extension 'ignore_ament_install'
[0.322s] Level 1:colcon.colcon_core.package_identification:_identify(src/stacker_cartographer) by extensions ['colcon_pkg']
[0.322s] Level 1:colcon.colcon_core.package_identification:_identify(src/stacker_cartographer) by extension 'colcon_pkg'
[0.322s] Level 1:colcon.colcon_core.package_identification:_identify(src/stacker_cartographer) by extensions ['colcon_meta']
[0.322s] Level 1:colcon.colcon_core.package_identification:_identify(src/stacker_cartographer) by extension 'colcon_meta'
[0.322s] Level 1:colcon.colcon_core.package_identification:_identify(src/stacker_cartographer) by extensions ['ros']
[0.322s] Level 1:colcon.colcon_core.package_identification:_identify(src/stacker_cartographer) by extension 'ros'
[0.323s] DEBUG:colcon.colcon_core.package_identification:Package 'src/stacker_cartographer' with type 'ros.ament_cmake' and name 'stacker_cartographer'
[0.323s] Level 1:colcon.colcon_core.package_identification:_identify(src/stacker_description) by extensions ['ignore', 'ignore_ament_install']
[0.323s] Level 1:colcon.colcon_core.package_identification:_identify(src/stacker_description) by extension 'ignore'
[0.323s] Level 1:colcon.colcon_core.package_identification:_identify(src/stacker_description) by extension 'ignore_ament_install'
[0.323s] Level 1:colcon.colcon_core.package_identification:_identify(src/stacker_description) by extensions ['colcon_pkg']
[0.323s] Level 1:colcon.colcon_core.package_identification:_identify(src/stacker_description) by extension 'colcon_pkg'
[0.323s] Level 1:colcon.colcon_core.package_identification:_identify(src/stacker_description) by extensions ['colcon_meta']
[0.323s] Level 1:colcon.colcon_core.package_identification:_identify(src/stacker_description) by extension 'colcon_meta'
[0.323s] Level 1:colcon.colcon_core.package_identification:_identify(src/stacker_description) by extensions ['ros']
[0.323s] Level 1:colcon.colcon_core.package_identification:_identify(src/stacker_description) by extension 'ros'
[0.324s] DEBUG:colcon.colcon_core.package_identification:Package 'src/stacker_description' with type 'ros.ament_cmake' and name 'stacker_description'
[0.324s] Level 1:colcon.colcon_core.package_discovery:discover_packages(recursive) using defaults
[0.324s] Level 1:colcon.colcon_core.package_discovery:discover_packages(ignore) discover
[0.324s] Level 1:colcon.colcon_core.package_discovery:discover_packages(ignore) using defaults
[0.324s] Level 1:colcon.colcon_core.package_discovery:discover_packages(path) discover
[0.324s] Level 1:colcon.colcon_core.package_discovery:discover_packages(path) using defaults
[0.346s] Level 1:colcon.colcon_core.package_discovery:discover_packages(prefix_path) check parameters
[0.346s] Level 1:colcon.colcon_core.package_discovery:discover_packages(prefix_path) discover
[0.350s] DEBUG:colcon.colcon_installed_package_information.package_discovery:Found 360 installed packages in /opt/ros/humble
[0.352s] Level 1:colcon.colcon_core.package_discovery:discover_packages(prefix_path) using defaults
[0.399s] Level 5:colcon.colcon_core.verb:set package 'gazebo_ros2_control_demos' build argument 'cmake_args' from command line to 'None'
[0.400s] Level 5:colcon.colcon_core.verb:set package 'gazebo_ros2_control_demos' build argument 'cmake_target' from command line to 'None'
[0.400s] Level 5:colcon.colcon_core.verb:set package 'gazebo_ros2_control_demos' build argument 'cmake_target_skip_unavailable' from command line to 'False'
[0.400s] Level 5:colcon.colcon_core.verb:set package 'gazebo_ros2_control_demos' build argument 'cmake_clean_cache' from command line to 'False'
[0.400s] Level 5:colcon.colcon_core.verb:set package 'gazebo_ros2_control_demos' build argument 'cmake_clean_first' from command line to 'False'
[0.400s] Level 5:colcon.colcon_core.verb:set package 'gazebo_ros2_control_demos' build argument 'cmake_force_configure' from command line to 'False'
[0.400s] Level 5:colcon.colcon_core.verb:set package 'gazebo_ros2_control_demos' build argument 'ament_cmake_args' from command line to 'None'
[0.400s] Level 5:colcon.colcon_core.verb:set package 'gazebo_ros2_control_demos' build argument 'catkin_cmake_args' from command line to 'None'
[0.400s] Level 5:colcon.colcon_core.verb:set package 'gazebo_ros2_control_demos' build argument 'catkin_skip_building_tests' from command line to 'False'
[0.400s] DEBUG:colcon.colcon_core.verb:Building package 'gazebo_ros2_control_demos' with the following arguments: {'ament_cmake_args': None, 'build_base': '/home/humble/ros_control_ws/build/gazebo_ros2_control_demos', 'catkin_cmake_args': None, 'catkin_skip_building_tests': False, 'cmake_args': None, 'cmake_clean_cache': False, 'cmake_clean_first': False, 'cmake_force_configure': False, 'cmake_target': None, 'cmake_target_skip_unavailable': False, 'install_base': '/home/humble/ros_control_ws/install/gazebo_ros2_control_demos', 'merge_install': False, 'path': '/home/humble/ros_control_ws/src/gazebo_ros2_control_demos', 'symlink_install': True, 'test_result_base': None}
[0.400s] Level 5:colcon.colcon_core.verb:set package 'stacker_cartographer' build argument 'cmake_args' from command line to 'None'
[0.400s] Level 5:colcon.colcon_core.verb:set package 'stacker_cartographer' build argument 'cmake_target' from command line to 'None'
[0.400s] Level 5:colcon.colcon_core.verb:set package 'stacker_cartographer' build argument 'cmake_target_skip_unavailable' from command line to 'False'
[0.400s] Level 5:colcon.colcon_core.verb:set package 'stacker_cartographer' build argument 'cmake_clean_cache' from command line to 'False'
[0.400s] Level 5:colcon.colcon_core.verb:set package 'stacker_cartographer' build argument 'cmake_clean_first' from command line to 'False'
[0.401s] Level 5:colcon.colcon_core.verb:set package 'stacker_cartographer' build argument 'cmake_force_configure' from command line to 'False'
[0.401s] Level 5:colcon.colcon_core.verb:set package 'stacker_cartographer' build argument 'ament_cmake_args' from command line to 'None'
[0.401s] Level 5:colcon.colcon_core.verb:set package 'stacker_cartographer' build argument 'catkin_cmake_args' from command line to 'None'
[0.401s] Level 5:colcon.colcon_core.verb:set package 'stacker_cartographer' build argument 'catkin_skip_building_tests' from command line to 'False'
[0.401s] DEBUG:colcon.colcon_core.verb:Building package 'stacker_cartographer' with the following arguments: {'ament_cmake_args': None, 'build_base': '/home/humble/ros_control_ws/build/stacker_cartographer', 'catkin_cmake_args': None, 'catkin_skip_building_tests': False, 'cmake_args': None, 'cmake_clean_cache': False, 'cmake_clean_first': False, 'cmake_force_configure': False, 'cmake_target': None, 'cmake_target_skip_unavailable': False, 'install_base': '/home/humble/ros_control_ws/install/stacker_cartographer', 'merge_install': False, 'path': '/home/humble/ros_control_ws/src/stacker_cartographer', 'symlink_install': True, 'test_result_base': None}
[0.401s] Level 5:colcon.colcon_core.verb:set package 'stacker_description' build argument 'cmake_args' from command line to 'None'
[0.401s] Level 5:colcon.colcon_core.verb:set package 'stacker_description' build argument 'cmake_target' from command line to 'None'
[0.401s] Level 5:colcon.colcon_core.verb:set package 'stacker_description' build argument 'cmake_target_skip_unavailable' from command line to 'False'
[0.401s] Level 5:colcon.colcon_core.verb:set package 'stacker_description' build argument 'cmake_clean_cache' from command line to 'False'
[0.401s] Level 5:colcon.colcon_core.verb:set package 'stacker_description' build argument 'cmake_clean_first' from command line to 'False'
[0.401s] Level 5:colcon.colcon_core.verb:set package 'stacker_description' build argument 'cmake_force_configure' from command line to 'False'
[0.401s] Level 5:colcon.colcon_core.verb:set package 'stacker_description' build argument 'ament_cmake_args' from command line to 'None'
[0.401s] Level 5:colcon.colcon_core.verb:set package 'stacker_description' build argument 'catkin_cmake_args' from command line to 'None'
[0.401s] Level 5:colcon.colcon_core.verb:set package 'stacker_description' build argument 'catkin_skip_building_tests' from command line to 'False'
[0.401s] DEBUG:colcon.colcon_core.verb:Building package 'stacker_description' with the following arguments: {'ament_cmake_args': None, 'build_base': '/home/humble/ros_control_ws/build/stacker_description', 'catkin_cmake_args': None, 'catkin_skip_building_tests': False, 'cmake_args': None, 'cmake_clean_cache': False, 'cmake_clean_first': False, 'cmake_force_configure': False, 'cmake_target': None, 'cmake_target_skip_unavailable': False, 'install_base': '/home/humble/ros_control_ws/install/stacker_description', 'merge_install': False, 'path': '/home/humble/ros_control_ws/src/stacker_description', 'symlink_install': True, 'test_result_base': None}
[0.402s] INFO:colcon.colcon_core.executor:Executing jobs using 'parallel' executor
[0.405s] DEBUG:colcon.colcon_parallel_executor.executor.parallel:run_until_complete
[0.405s] INFO:colcon.colcon_ros.task.ament_cmake.build:Building ROS package in '/home/humble/ros_control_ws/src/gazebo_ros2_control_demos' with build type 'ament_cmake'
[0.405s] INFO:colcon.colcon_cmake.task.cmake.build:Building CMake package in '/home/humble/ros_control_ws/src/gazebo_ros2_control_demos'
[0.411s] INFO:colcon.colcon_core.plugin_system:Skipping extension 'colcon_core.shell.bat': Not used on non-Windows systems
[0.411s] INFO:colcon.colcon_core.shell:Skip shell extension 'powershell' for command environment: Not usable outside of PowerShell
[0.411s] DEBUG:colcon.colcon_core.shell:Skip shell extension 'dsv' for command environment
[0.415s] INFO:colcon.colcon_ros.task.ament_cmake.build:Building ROS package in '/home/humble/ros_control_ws/src/stacker_cartographer' with build type 'ament_cmake'
[0.415s] INFO:colcon.colcon_cmake.task.cmake.build:Building CMake package in '/home/humble/ros_control_ws/src/stacker_cartographer'
[0.415s] INFO:colcon.colcon_core.shell:Skip shell extension 'powershell' for command environment: Not usable outside of PowerShell
[0.415s] DEBUG:colcon.colcon_core.shell:Skip shell extension 'dsv' for command environment
[0.418s] INFO:colcon.colcon_ros.task.ament_cmake.build:Building ROS package in '/home/humble/ros_control_ws/src/stacker_description' with build type 'ament_cmake'
[0.418s] INFO:colcon.colcon_cmake.task.cmake.build:Building CMake package in '/home/humble/ros_control_ws/src/stacker_description'
[0.419s] INFO:colcon.colcon_core.shell:Skip shell extension 'powershell' for command environment: Not usable outside of PowerShell
[0.419s] DEBUG:colcon.colcon_core.shell:Skip shell extension 'dsv' for command environment
[0.453s] DEBUG:colcon.colcon_core.event_handler.log_command:Invoking command in '/home/humble/ros_control_ws/build/gazebo_ros2_control_demos': CMAKE_PREFIX_PATH=/opt/ros/humble /usr/bin/cmake --build /home/humble/ros_control_ws/build/gazebo_ros2_control_demos -- -j16 -l16
[0.455s] DEBUG:colcon.colcon_core.event_handler.log_command:Invoking command in '/home/humble/ros_control_ws/build/stacker_cartographer': CMAKE_PREFIX_PATH=/opt/ros/humble /usr/bin/cmake /home/humble/ros_control_ws/src/stacker_cartographer -DAMENT_CMAKE_SYMLINK_INSTALL=1 -DCMAKE_INSTALL_PREFIX=/home/humble/ros_control_ws/install/stacker_cartographer
[0.459s] DEBUG:colcon.colcon_core.event_handler.log_command:Invoking command in '/home/humble/ros_control_ws/build/stacker_description': CMAKE_PREFIX_PATH=/opt/ros/humble /usr/bin/cmake --build /home/humble/ros_control_ws/build/stacker_description -- -j16 -l16
[0.514s] DEBUG:colcon.colcon_core.event_handler.log_command:Invoked command in '/home/humble/ros_control_ws/build/stacker_description' returned '0': CMAKE_PREFIX_PATH=/opt/ros/humble /usr/bin/cmake --build /home/humble/ros_control_ws/build/stacker_description -- -j16 -l16
[0.539s] DEBUG:colcon.colcon_core.event_handler.log_command:Invoking command in '/home/humble/ros_control_ws/build/stacker_description': CMAKE_PREFIX_PATH=/opt/ros/humble /usr/bin/cmake --install /home/humble/ros_control_ws/build/stacker_description
[0.582s] Level 1:colcon.colcon_core.environment:create_environment_scripts_only(stacker_description)
[0.583s] DEBUG:colcon.colcon_core.event_handler.log_command:Invoked command in '/home/humble/ros_control_ws/build/stacker_description' returned '0': CMAKE_PREFIX_PATH=/opt/ros/humble /usr/bin/cmake --install /home/humble/ros_control_ws/build/stacker_description
[0.594s] Level 1:colcon.colcon_core.environment:checking '/home/humble/ros_control_ws/install/stacker_description' for CMake module files
[0.594s] Level 1:colcon.colcon_core.environment:checking '/home/humble/ros_control_ws/install/stacker_description' for CMake config files
[0.596s] Level 1:colcon.colcon_core.shell:create_environment_hook('stacker_description', 'cmake_prefix_path')
[0.597s] INFO:colcon.colcon_core.shell:Creating environment hook '/home/humble/ros_control_ws/install/stacker_description/share/stacker_description/hook/cmake_prefix_path.ps1'
[0.598s] INFO:colcon.colcon_core.shell:Creating environment descriptor '/home/humble/ros_control_ws/install/stacker_description/share/stacker_description/hook/cmake_prefix_path.dsv'
[0.599s] INFO:colcon.colcon_core.shell:Creating environment hook '/home/humble/ros_control_ws/install/stacker_description/share/stacker_description/hook/cmake_prefix_path.sh'
[0.601s] Level 1:colcon.colcon_core.environment:checking '/home/humble/ros_control_ws/install/stacker_description/bin'
[0.601s] Level 1:colcon.colcon_core.environment:checking '/home/humble/ros_control_ws/install/stacker_description/lib/pkgconfig/stacker_description.pc'
[0.601s] Level 1:colcon.colcon_core.environment:checking '/home/humble/ros_control_ws/install/stacker_description/lib/python3.10/site-packages'
[0.601s] Level 1:colcon.colcon_core.environment:checking '/home/humble/ros_control_ws/install/stacker_description/bin'
[0.603s] INFO:colcon.colcon_core.shell:Creating package script '/home/humble/ros_control_ws/install/stacker_description/share/stacker_description/package.ps1'
[0.604s] INFO:colcon.colcon_core.shell:Creating package descriptor '/home/humble/ros_control_ws/install/stacker_description/share/stacker_description/package.dsv'
[0.605s] INFO:colcon.colcon_core.shell:Creating package script '/home/humble/ros_control_ws/install/stacker_description/share/stacker_description/package.sh'
[0.606s] INFO:colcon.colcon_core.shell:Creating package script '/home/humble/ros_control_ws/install/stacker_description/share/stacker_description/package.bash'
[0.607s] INFO:colcon.colcon_core.shell:Creating package script '/home/humble/ros_control_ws/install/stacker_description/share/stacker_description/package.zsh'
[0.608s] Level 1:colcon.colcon_core.environment:create_file_with_runtime_dependencies(/home/humble/ros_control_ws/install/stacker_description/share/colcon-core/packages/stacker_description)
[0.612s] DEBUG:colcon.colcon_core.event_handler.log_command:Invoked command in '/home/humble/ros_control_ws/build/gazebo_ros2_control_demos' returned '0': CMAKE_PREFIX_PATH=/opt/ros/humble /usr/bin/cmake --build /home/humble/ros_control_ws/build/gazebo_ros2_control_demos -- -j16 -l16
[0.625s] Level 1:colcon.colcon_core.environment:create_environment_scripts_only(stacker_description)
[0.626s] Level 1:colcon.colcon_core.environment:checking '/home/humble/ros_control_ws/install/stacker_description' for CMake module files
[0.627s] Level 1:colcon.colcon_core.environment:checking '/home/humble/ros_control_ws/install/stacker_description' for CMake config files
[0.627s] Level 1:colcon.colcon_core.shell:create_environment_hook('stacker_description', 'cmake_prefix_path')
[0.628s] INFO:colcon.colcon_core.shell:Creating environment hook '/home/humble/ros_control_ws/install/stacker_description/share/stacker_description/hook/cmake_prefix_path.ps1'
[0.628s] INFO:colcon.colcon_core.shell:Creating environment descriptor '/home/humble/ros_control_ws/install/stacker_description/share/stacker_description/hook/cmake_prefix_path.dsv'
[0.629s] INFO:colcon.colcon_core.shell:Creating environment hook '/home/humble/ros_control_ws/install/stacker_description/share/stacker_description/hook/cmake_prefix_path.sh'
[0.629s] Level 1:colcon.colcon_core.environment:checking '/home/humble/ros_control_ws/install/stacker_description/bin'
[0.629s] Level 1:colcon.colcon_core.environment:checking '/home/humble/ros_control_ws/install/stacker_description/lib/pkgconfig/stacker_description.pc'
[0.630s] Level 1:colcon.colcon_core.environment:checking '/home/humble/ros_control_ws/install/stacker_description/lib/python3.10/site-packages'
[0.630s] Level 1:colcon.colcon_core.environment:checking '/home/humble/ros_control_ws/install/stacker_description/bin'
[0.631s] INFO:colcon.colcon_core.shell:Creating package script '/home/humble/ros_control_ws/install/stacker_description/share/stacker_description/package.ps1'
[0.631s] INFO:colcon.colcon_core.shell:Creating package descriptor '/home/humble/ros_control_ws/install/stacker_description/share/stacker_description/package.dsv'
[0.631s] INFO:colcon.colcon_core.shell:Creating package script '/home/humble/ros_control_ws/install/stacker_description/share/stacker_description/package.sh'
[0.632s] INFO:colcon.colcon_core.shell:Creating package script '/home/humble/ros_control_ws/install/stacker_description/share/stacker_description/package.bash'
[0.632s] INFO:colcon.colcon_core.shell:Creating package script '/home/humble/ros_control_ws/install/stacker_description/share/stacker_description/package.zsh'
[0.632s] Level 1:colcon.colcon_core.environment:create_file_with_runtime_dependencies(/home/humble/ros_control_ws/install/stacker_description/share/colcon-core/packages/stacker_description)
[0.636s] DEBUG:colcon.colcon_core.event_handler.log_command:Invoking command in '/home/humble/ros_control_ws/build/gazebo_ros2_control_demos': CMAKE_PREFIX_PATH=/opt/ros/humble /usr/bin/cmake --install /home/humble/ros_control_ws/build/gazebo_ros2_control_demos
[0.663s] Level 1:colcon.colcon_core.environment:create_environment_scripts_only(gazebo_ros2_control_demos)
[0.663s] DEBUG:colcon.colcon_core.event_handler.log_command:Invoked command in '/home/humble/ros_control_ws/build/gazebo_ros2_control_demos' returned '0': CMAKE_PREFIX_PATH=/opt/ros/humble /usr/bin/cmake --install /home/humble/ros_control_ws/build/gazebo_ros2_control_demos
[0.665s] Level 1:colcon.colcon_core.environment:checking '/home/humble/ros_control_ws/install/gazebo_ros2_control_demos' for CMake module files
[0.666s] Level 1:colcon.colcon_core.environment:checking '/home/humble/ros_control_ws/install/gazebo_ros2_control_demos' for CMake config files
[0.666s] Level 1:colcon.colcon_core.shell:create_environment_hook('gazebo_ros2_control_demos', 'cmake_prefix_path')
[0.667s] INFO:colcon.colcon_core.shell:Creating environment hook '/home/humble/ros_control_ws/install/gazebo_ros2_control_demos/share/gazebo_ros2_control_demos/hook/cmake_prefix_path.ps1'
[0.668s] INFO:colcon.colcon_core.shell:Creating environment descriptor '/home/humble/ros_control_ws/install/gazebo_ros2_control_demos/share/gazebo_ros2_control_demos/hook/cmake_prefix_path.dsv'
[0.668s] INFO:colcon.colcon_core.shell:Creating environment hook '/home/humble/ros_control_ws/install/gazebo_ros2_control_demos/share/gazebo_ros2_control_demos/hook/cmake_prefix_path.sh'
[0.669s] Level 1:colcon.colcon_core.environment:checking '/home/humble/ros_control_ws/install/gazebo_ros2_control_demos/lib'
[0.669s] Level 1:colcon.colcon_core.environment:checking '/home/humble/ros_control_ws/install/gazebo_ros2_control_demos/bin'
[0.669s] Level 1:colcon.colcon_core.environment:checking '/home/humble/ros_control_ws/install/gazebo_ros2_control_demos/lib/pkgconfig/gazebo_ros2_control_demos.pc'
[0.669s] Level 1:colcon.colcon_core.environment:checking '/home/humble/ros_control_ws/install/gazebo_ros2_control_demos/lib/python3.10/site-packages'
[0.669s] Level 1:colcon.colcon_core.environment:checking '/home/humble/ros_control_ws/install/gazebo_ros2_control_demos/bin'
[0.670s] INFO:colcon.colcon_core.shell:Creating package script '/home/humble/ros_control_ws/install/gazebo_ros2_control_demos/share/gazebo_ros2_control_demos/package.ps1'
[0.684s] INFO:colcon.colcon_core.shell:Creating package descriptor '/home/humble/ros_control_ws/install/gazebo_ros2_control_demos/share/gazebo_ros2_control_demos/package.dsv'
[0.685s] INFO:colcon.colcon_core.shell:Creating package script '/home/humble/ros_control_ws/install/gazebo_ros2_control_demos/share/gazebo_ros2_control_demos/package.sh'
[0.685s] INFO:colcon.colcon_core.shell:Creating package script '/home/humble/ros_control_ws/install/gazebo_ros2_control_demos/share/gazebo_ros2_control_demos/package.bash'
[0.686s] INFO:colcon.colcon_core.shell:Creating package script '/home/humble/ros_control_ws/install/gazebo_ros2_control_demos/share/gazebo_ros2_control_demos/package.zsh'
[0.686s] Level 1:colcon.colcon_core.environment:create_file_with_runtime_dependencies(/home/humble/ros_control_ws/install/gazebo_ros2_control_demos/share/colcon-core/packages/gazebo_ros2_control_demos)
[0.712s] Level 1:colcon.colcon_core.environment:create_environment_scripts_only(gazebo_ros2_control_demos)
[0.713s] Level 1:colcon.colcon_core.environment:checking '/home/humble/ros_control_ws/install/gazebo_ros2_control_demos' for CMake module files
[0.714s] Level 1:colcon.colcon_core.environment:checking '/home/humble/ros_control_ws/install/gazebo_ros2_control_demos' for CMake config files
[0.714s] Level 1:colcon.colcon_core.shell:create_environment_hook('gazebo_ros2_control_demos', 'cmake_prefix_path')
[0.715s] INFO:colcon.colcon_core.shell:Creating environment hook '/home/humble/ros_control_ws/install/gazebo_ros2_control_demos/share/gazebo_ros2_control_demos/hook/cmake_prefix_path.ps1'
[0.715s] INFO:colcon.colcon_core.shell:Creating environment descriptor '/home/humble/ros_control_ws/install/gazebo_ros2_control_demos/share/gazebo_ros2_control_demos/hook/cmake_prefix_path.dsv'
[0.716s] INFO:colcon.colcon_core.shell:Creating environment hook '/home/humble/ros_control_ws/install/gazebo_ros2_control_demos/share/gazebo_ros2_control_demos/hook/cmake_prefix_path.sh'
[0.716s] Level 1:colcon.colcon_core.environment:checking '/home/humble/ros_control_ws/install/gazebo_ros2_control_demos/lib'
[0.716s] Level 1:colcon.colcon_core.environment:checking '/home/humble/ros_control_ws/install/gazebo_ros2_control_demos/bin'
[0.716s] Level 1:colcon.colcon_core.environment:checking '/home/humble/ros_control_ws/install/gazebo_ros2_control_demos/lib/pkgconfig/gazebo_ros2_control_demos.pc'
[0.716s] Level 1:colcon.colcon_core.environment:checking '/home/humble/ros_control_ws/install/gazebo_ros2_control_demos/lib/python3.10/site-packages'
[0.716s] Level 1:colcon.colcon_core.environment:checking '/home/humble/ros_control_ws/install/gazebo_ros2_control_demos/bin'
[0.717s] INFO:colcon.colcon_core.shell:Creating package script '/home/humble/ros_control_ws/install/gazebo_ros2_control_demos/share/gazebo_ros2_control_demos/package.ps1'
[0.718s] INFO:colcon.colcon_core.shell:Creating package descriptor '/home/humble/ros_control_ws/install/gazebo_ros2_control_demos/share/gazebo_ros2_control_demos/package.dsv'
[0.718s] INFO:colcon.colcon_core.shell:Creating package script '/home/humble/ros_control_ws/install/gazebo_ros2_control_demos/share/gazebo_ros2_control_demos/package.sh'
[0.719s] INFO:colcon.colcon_core.shell:Creating package script '/home/humble/ros_control_ws/install/gazebo_ros2_control_demos/share/gazebo_ros2_control_demos/package.bash'
[0.734s] INFO:colcon.colcon_core.shell:Creating package script '/home/humble/ros_control_ws/install/gazebo_ros2_control_demos/share/gazebo_ros2_control_demos/package.zsh'
[0.735s] Level 1:colcon.colcon_core.environment:create_file_with_runtime_dependencies(/home/humble/ros_control_ws/install/gazebo_ros2_control_demos/share/colcon-core/packages/gazebo_ros2_control_demos)
[1.069s] DEBUG:colcon.colcon_core.event_handler.log_command:Invoked command in '/home/humble/ros_control_ws/build/stacker_cartographer' returned '0': CMAKE_PREFIX_PATH=/opt/ros/humble /usr/bin/cmake /home/humble/ros_control_ws/src/stacker_cartographer -DAMENT_CMAKE_SYMLINK_INSTALL=1 -DCMAKE_INSTALL_PREFIX=/home/humble/ros_control_ws/install/stacker_cartographer
[1.070s] DEBUG:colcon.colcon_core.event_handler.log_command:Invoking command in '/home/humble/ros_control_ws/build/stacker_cartographer': CMAKE_PREFIX_PATH=/opt/ros/humble /usr/bin/cmake --build /home/humble/ros_control_ws/build/stacker_cartographer -- -j16 -l16
[1.096s] DEBUG:colcon.colcon_core.event_handler.log_command:Invoked command in '/home/humble/ros_control_ws/build/stacker_cartographer' returned '0': CMAKE_PREFIX_PATH=/opt/ros/humble /usr/bin/cmake --build /home/humble/ros_control_ws/build/stacker_cartographer -- -j16 -l16
[1.120s] DEBUG:colcon.colcon_core.event_handler.log_command:Invoking command in '/home/humble/ros_control_ws/build/stacker_cartographer': CMAKE_PREFIX_PATH=/opt/ros/humble /usr/bin/cmake --install /home/humble/ros_control_ws/build/stacker_cartographer
[1.211s] Level 1:colcon.colcon_core.environment:create_environment_scripts_only(stacker_cartographer)
[1.211s] DEBUG:colcon.colcon_core.event_handler.log_command:Invoked command in '/home/humble/ros_control_ws/build/stacker_cartographer' returned '0': CMAKE_PREFIX_PATH=/opt/ros/humble /usr/bin/cmake --install /home/humble/ros_control_ws/build/stacker_cartographer
[1.212s] Level 1:colcon.colcon_core.environment:checking '/home/humble/ros_control_ws/install/stacker_cartographer' for CMake module files
[1.213s] Level 1:colcon.colcon_core.environment:checking '/home/humble/ros_control_ws/install/stacker_cartographer' for CMake config files
[1.213s] Level 1:colcon.colcon_core.shell:create_environment_hook('stacker_cartographer', 'cmake_prefix_path')
[1.214s] INFO:colcon.colcon_core.shell:Creating environment hook '/home/humble/ros_control_ws/install/stacker_cartographer/share/stacker_cartographer/hook/cmake_prefix_path.ps1'
[1.214s] INFO:colcon.colcon_core.shell:Creating environment descriptor '/home/humble/ros_control_ws/install/stacker_cartographer/share/stacker_cartographer/hook/cmake_prefix_path.dsv'
[1.214s] INFO:colcon.colcon_core.shell:Creating environment hook '/home/humble/ros_control_ws/install/stacker_cartographer/share/stacker_cartographer/hook/cmake_prefix_path.sh'
[1.214s] Level 1:colcon.colcon_core.environment:checking '/home/humble/ros_control_ws/install/stacker_cartographer/bin'
[1.215s] Level 1:colcon.colcon_core.environment:checking '/home/humble/ros_control_ws/install/stacker_cartographer/lib/pkgconfig/stacker_cartographer.pc'
[1.215s] Level 1:colcon.colcon_core.environment:checking '/home/humble/ros_control_ws/install/stacker_cartographer/lib/python3.10/site-packages'
[1.215s] Level 1:colcon.colcon_core.environment:checking '/home/humble/ros_control_ws/install/stacker_cartographer/bin'
[1.216s] INFO:colcon.colcon_core.shell:Creating package script '/home/humble/ros_control_ws/install/stacker_cartographer/share/stacker_cartographer/package.ps1'
[1.216s] INFO:colcon.colcon_core.shell:Creating package descriptor '/home/humble/ros_control_ws/install/stacker_cartographer/share/stacker_cartographer/package.dsv'
[1.216s] INFO:colcon.colcon_core.shell:Creating package script '/home/humble/ros_control_ws/install/stacker_cartographer/share/stacker_cartographer/package.sh'
[1.216s] INFO:colcon.colcon_core.shell:Creating package script '/home/humble/ros_control_ws/install/stacker_cartographer/share/stacker_cartographer/package.bash'
[1.216s] INFO:colcon.colcon_core.shell:Creating package script '/home/humble/ros_control_ws/install/stacker_cartographer/share/stacker_cartographer/package.zsh'
[1.217s] Level 1:colcon.colcon_core.environment:create_file_with_runtime_dependencies(/home/humble/ros_control_ws/install/stacker_cartographer/share/colcon-core/packages/stacker_cartographer)
[1.229s] Level 1:colcon.colcon_core.environment:create_environment_scripts_only(stacker_cartographer)
[1.230s] Level 1:colcon.colcon_core.environment:checking '/home/humble/ros_control_ws/install/stacker_cartographer' for CMake module files
[1.230s] Level 1:colcon.colcon_core.environment:checking '/home/humble/ros_control_ws/install/stacker_cartographer' for CMake config files
[1.230s] Level 1:colcon.colcon_core.shell:create_environment_hook('stacker_cartographer', 'cmake_prefix_path')
[1.231s] INFO:colcon.colcon_core.shell:Creating environment hook '/home/humble/ros_control_ws/install/stacker_cartographer/share/stacker_cartographer/hook/cmake_prefix_path.ps1'
[1.231s] INFO:colcon.colcon_core.shell:Creating environment descriptor '/home/humble/ros_control_ws/install/stacker_cartographer/share/stacker_cartographer/hook/cmake_prefix_path.dsv'
[1.232s] INFO:colcon.colcon_core.shell:Creating environment hook '/home/humble/ros_control_ws/install/stacker_cartographer/share/stacker_cartographer/hook/cmake_prefix_path.sh'
[1.232s] Level 1:colcon.colcon_core.environment:checking '/home/humble/ros_control_ws/install/stacker_cartographer/bin'
[1.232s] Level 1:colcon.colcon_core.environment:checking '/home/humble/ros_control_ws/install/stacker_cartographer/lib/pkgconfig/stacker_cartographer.pc'
[1.232s] Level 1:colcon.colcon_core.environment:checking '/home/humble/ros_control_ws/install/stacker_cartographer/lib/python3.10/site-packages'
[1.232s] Level 1:colcon.colcon_core.environment:checking '/home/humble/ros_control_ws/install/stacker_cartographer/bin'
[1.233s] INFO:colcon.colcon_core.shell:Creating package script '/home/humble/ros_control_ws/install/stacker_cartographer/share/stacker_cartographer/package.ps1'
[1.234s] INFO:colcon.colcon_core.shell:Creating package descriptor '/home/humble/ros_control_ws/install/stacker_cartographer/share/stacker_cartographer/package.dsv'
[1.234s] INFO:colcon.colcon_core.shell:Creating package script '/home/humble/ros_control_ws/install/stacker_cartographer/share/stacker_cartographer/package.sh'
[1.234s] INFO:colcon.colcon_core.shell:Creating package script '/home/humble/ros_control_ws/install/stacker_cartographer/share/stacker_cartographer/package.bash'
[1.234s] INFO:colcon.colcon_core.shell:Creating package script '/home/humble/ros_control_ws/install/stacker_cartographer/share/stacker_cartographer/package.zsh'
[1.235s] Level 1:colcon.colcon_core.environment:create_file_with_runtime_dependencies(/home/humble/ros_control_ws/install/stacker_cartographer/share/colcon-core/packages/stacker_cartographer)
[1.235s] DEBUG:colcon.colcon_parallel_executor.executor.parallel:closing loop
[1.235s] DEBUG:colcon.colcon_parallel_executor.executor.parallel:loop closed
[1.235s] DEBUG:colcon.colcon_parallel_executor.executor.parallel:run_until_complete finished with '0'
[1.235s] DEBUG:colcon.colcon_core.event_reactor:joining thread
[1.241s] INFO:colcon.colcon_core.plugin_system:Skipping extension 'colcon_notification.desktop_notification.terminal_notifier': Not used on non-Darwin systems
[1.241s] INFO:colcon.colcon_core.plugin_system:Skipping extension 'colcon_notification.desktop_notification.win32': Not used on non-Windows systems
[1.241s] INFO:colcon.colcon_notification.desktop_notification:Sending desktop notification using 'notify2'
[1.263s] DEBUG:colcon.colcon_core.event_reactor:joined thread
[1.264s] INFO:colcon.colcon_core.shell:Creating prefix script '/home/humble/ros_control_ws/install/local_setup.ps1'
[1.266s] INFO:colcon.colcon_core.shell:Creating prefix util module '/home/humble/ros_control_ws/install/_local_setup_util_ps1.py'
[1.270s] INFO:colcon.colcon_core.shell:Creating prefix chain script '/home/humble/ros_control_ws/install/setup.ps1'
[1.295s] INFO:colcon.colcon_core.shell:Creating prefix script '/home/humble/ros_control_ws/install/local_setup.sh'
[1.295s] INFO:colcon.colcon_core.shell:Creating prefix util module '/home/humble/ros_control_ws/install/_local_setup_util_sh.py'
[1.296s] INFO:colcon.colcon_core.shell:Creating prefix chain script '/home/humble/ros_control_ws/install/setup.sh'
[1.297s] INFO:colcon.colcon_core.shell:Creating prefix script '/home/humble/ros_control_ws/install/local_setup.bash'
[1.298s] INFO:colcon.colcon_core.shell:Creating prefix chain script '/home/humble/ros_control_ws/install/setup.bash'
[1.299s] INFO:colcon.colcon_core.shell:Creating prefix script '/home/humble/ros_control_ws/install/local_setup.zsh'
[1.300s] INFO:colcon.colcon_core.shell:Creating prefix chain script '/home/humble/ros_control_ws/install/setup.zsh'
