-- Install configuration: ""
-- Execute custom install script
-- Up-to-date symlink: /home/humble/ros_control_ws/install/stacker_nav2/share/stacker_nav2/launch/stacker_nav2.launch.py
-- Symlinking: /home/humble/ros_control_ws/install/stacker_nav2/share/stacker_nav2/map/map.pgm
-- Symlinking: /home/humble/ros_control_ws/install/stacker_nav2/share/stacker_nav2/map/map.yaml
-- Up-to-date symlink: /home/humble/ros_control_ws/install/stacker_nav2/share/stacker_nav2/map/my_map.pgm
-- Up-to-date symlink: /home/humble/ros_control_ws/install/stacker_nav2/share/stacker_nav2/map/my_map.yaml
-- Up-to-date symlink: /home/humble/ros_control_ws/install/stacker_nav2/share/stacker_nav2/config/nav2_params.yaml
-- Up-to-date symlink: /home/humble/ros_control_ws/install/stacker_nav2/share/ament_index/resource_index/package_run_dependencies/stacker_nav2
-- Up-to-date symlink: /home/humble/ros_control_ws/install/stacker_nav2/share/ament_index/resource_index/parent_prefix_path/stacker_nav2
-- Up-to-date symlink: /home/humble/ros_control_ws/install/stacker_nav2/share/stacker_nav2/environment/ament_prefix_path.sh
-- Up-to-date symlink: /home/humble/ros_control_ws/install/stacker_nav2/share/stacker_nav2/environment/ament_prefix_path.dsv
-- Up-to-date symlink: /home/humble/ros_control_ws/install/stacker_nav2/share/stacker_nav2/environment/path.sh
-- Up-to-date symlink: /home/humble/ros_control_ws/install/stacker_nav2/share/stacker_nav2/environment/path.dsv
-- Up-to-date symlink: /home/humble/ros_control_ws/install/stacker_nav2/share/stacker_nav2/local_setup.bash
-- Up-to-date symlink: /home/humble/ros_control_ws/install/stacker_nav2/share/stacker_nav2/local_setup.sh
-- Up-to-date symlink: /home/humble/ros_control_ws/install/stacker_nav2/share/stacker_nav2/local_setup.zsh
-- Up-to-date symlink: /home/humble/ros_control_ws/install/stacker_nav2/share/stacker_nav2/local_setup.dsv
-- Symlinking: /home/humble/ros_control_ws/install/stacker_nav2/share/stacker_nav2/package.dsv
-- Up-to-date symlink: /home/humble/ros_control_ws/install/stacker_nav2/share/ament_index/resource_index/packages/stacker_nav2
-- Up-to-date symlink: /home/humble/ros_control_ws/install/stacker_nav2/share/stacker_nav2/cmake/stacker_nav2Config.cmake
-- Up-to-date symlink: /home/humble/ros_control_ws/install/stacker_nav2/share/stacker_nav2/cmake/stacker_nav2Config-version.cmake
-- Up-to-date symlink: /home/humble/ros_control_ws/install/stacker_nav2/share/stacker_nav2/package.xml
