[0.027s] Invoking command in '/home/humble/ros_control_ws/build/stacker_cartographer': CMAKE_PREFIX_PATH=${CMAKE_PREFIX_PATH}:/opt/ros/humble /usr/bin/cmake --build /home/humble/ros_control_ws/build/stacker_cartographer -- -j16 -l16
[0.056s] Invoked command in '/home/humble/ros_control_ws/build/stacker_cartographer' returned '0': CMAKE_PREFIX_PATH=${CMAKE_PREFIX_PATH}:/opt/ros/humble /usr/bin/cmake --build /home/humble/ros_control_ws/build/stacker_cartographer -- -j16 -l16
[0.075s] Invoking command in '/home/humble/ros_control_ws/build/stacker_cartographer': CMAKE_PREFIX_PATH=${CMAKE_PREFIX_PATH}:/opt/ros/humble /usr/bin/cmake --install /home/humble/ros_control_ws/build/stacker_cartographer
[0.080s] -- Install configuration: ""
[0.081s] -- Execute custom install script
[0.084s] -- Up-to-date symlink: /home/humble/ros_control_ws/install/stacker_cartographer/share/stacker_cartographer/config/cart_slam_2d.lua
[0.084s] -- Up-to-date symlink: /home/humble/ros_control_ws/install/stacker_cartographer/share/stacker_cartographer/launch/cartographer.launch.py
[0.084s] -- Up-to-date symlink: /home/humble/ros_control_ws/install/stacker_cartographer/share/ament_index/resource_index/package_run_dependencies/stacker_cartographer
[0.084s] -- Up-to-date symlink: /home/humble/ros_control_ws/install/stacker_cartographer/share/ament_index/resource_index/parent_prefix_path/stacker_cartographer
[0.086s] -- Up-to-date symlink: /home/humble/ros_control_ws/install/stacker_cartographer/share/stacker_cartographer/environment/ament_prefix_path.sh
[0.086s] -- Up-to-date symlink: /home/humble/ros_control_ws/install/stacker_cartographer/share/stacker_cartographer/environment/ament_prefix_path.dsv
[0.086s] -- Up-to-date symlink: /home/humble/ros_control_ws/install/stacker_cartographer/share/stacker_cartographer/environment/path.sh
[0.087s] -- Up-to-date symlink: /home/humble/ros_control_ws/install/stacker_cartographer/share/stacker_cartographer/environment/path.dsv
[0.088s] -- Up-to-date symlink: /home/humble/ros_control_ws/install/stacker_cartographer/share/stacker_cartographer/local_setup.bash
[0.088s] -- Up-to-date symlink: /home/humble/ros_control_ws/install/stacker_cartographer/share/stacker_cartographer/local_setup.sh
[0.088s] -- Up-to-date symlink: /home/humble/ros_control_ws/install/stacker_cartographer/share/stacker_cartographer/local_setup.zsh
[0.089s] -- Up-to-date symlink: /home/humble/ros_control_ws/install/stacker_cartographer/share/stacker_cartographer/local_setup.dsv
[0.089s] -- Symlinking: /home/humble/ros_control_ws/install/stacker_cartographer/share/stacker_cartographer/package.dsv
[0.095s] -- Up-to-date symlink: /home/humble/ros_control_ws/install/stacker_cartographer/share/ament_index/resource_index/packages/stacker_cartographer
[0.095s] -- Up-to-date symlink: /home/humble/ros_control_ws/install/stacker_cartographer/share/stacker_cartographer/cmake/stacker_cartographerConfig.cmake
[0.096s] -- Up-to-date symlink: /home/humble/ros_control_ws/install/stacker_cartographer/share/stacker_cartographer/cmake/stacker_cartographerConfig-version.cmake
[0.096s] -- Up-to-date symlink: /home/humble/ros_control_ws/install/stacker_cartographer/share/stacker_cartographer/package.xml
[0.097s] Invoked command in '/home/humble/ros_control_ws/build/stacker_cartographer' returned '0': CMAKE_PREFIX_PATH=${CMAKE_PREFIX_PATH}:/opt/ros/humble /usr/bin/cmake --install /home/humble/ros_control_ws/build/stacker_cartographer
