[0.010s] Invoking command in '/home/humble/ros_control_ws/build/rf2o_laser_odometry': CMAKE_PREFIX_PATH=/opt/ros/humble /usr/bin/cmake --build /home/humble/ros_control_ws/build/rf2o_laser_odometry -- -j16 -l16
[0.046s] [35m[1mConsolidate compiler generated dependencies of target rf2o_laser_odometry[0m
[0.047s] [35m[1mConsolidate compiler generated dependencies of target rf2o_laser_odometry_node[0m
[0.059s] [ 20%] [32mBuilding CXX object CMakeFiles/rf2o_laser_odometry.dir/src/CLaserOdometry2D.cpp.o[0m
[0.062s] [ 40%] [32mBuilding CXX object CMakeFiles/rf2o_laser_odometry_node.dir/src/CLaserOdometry2D.cpp.o[0m
[18.553s] [ 60%] [32m[1mLinking CXX executable rf2o_laser_odometry_node[0m
[18.569s] [ 80%] [32m[1mLinking CXX static library librf2o_laser_odometry.a[0m
[18.758s] [ 80%] Built target rf2o_laser_odometry
[19.713s] [100%] Built target rf2o_laser_odometry_node
[19.722s] Invoked command in '/home/humble/ros_control_ws/build/rf2o_laser_odometry' returned '0': CMAKE_PREFIX_PATH=/opt/ros/humble /usr/bin/cmake --build /home/humble/ros_control_ws/build/rf2o_laser_odometry -- -j16 -l16
[19.746s] Invoking command in '/home/humble/ros_control_ws/build/rf2o_laser_odometry': CMAKE_PREFIX_PATH=/opt/ros/humble /usr/bin/cmake --install /home/humble/ros_control_ws/build/rf2o_laser_odometry
[19.751s] -- Install configuration: ""
[19.751s] -- Installing: /home/humble/ros_control_ws/install/rf2o_laser_odometry/lib/rf2o_laser_odometry/rf2o_laser_odometry_node
[19.757s] -- Set runtime path of "/home/humble/ros_control_ws/install/rf2o_laser_odometry/lib/rf2o_laser_odometry/rf2o_laser_odometry_node" to ""
[19.757s] -- Installing: /home/humble/ros_control_ws/install/rf2o_laser_odometry/share/rf2o_laser_odometry/launch
[19.758s] -- Installing: /home/humble/ros_control_ws/install/rf2o_laser_odometry/share/rf2o_laser_odometry/launch/rf2o_laser_odometry.launch.py
[19.758s] -- Installing: /home/humble/ros_control_ws/install/rf2o_laser_odometry/share/ament_index/resource_index/package_run_dependencies/rf2o_laser_odometry
[19.758s] -- Installing: /home/humble/ros_control_ws/install/rf2o_laser_odometry/share/ament_index/resource_index/parent_prefix_path/rf2o_laser_odometry
[19.758s] -- Installing: /home/humble/ros_control_ws/install/rf2o_laser_odometry/share/rf2o_laser_odometry/environment/ament_prefix_path.sh
[19.759s] -- Installing: /home/humble/ros_control_ws/install/rf2o_laser_odometry/share/rf2o_laser_odometry/environment/ament_prefix_path.dsv
[19.759s] -- Installing: /home/humble/ros_control_ws/install/rf2o_laser_odometry/share/rf2o_laser_odometry/environment/path.sh
[19.759s] -- Installing: /home/humble/ros_control_ws/install/rf2o_laser_odometry/share/rf2o_laser_odometry/environment/path.dsv
[19.760s] -- Installing: /home/humble/ros_control_ws/install/rf2o_laser_odometry/share/rf2o_laser_odometry/local_setup.bash
[19.760s] -- Installing: /home/humble/ros_control_ws/install/rf2o_laser_odometry/share/rf2o_laser_odometry/local_setup.sh
[19.760s] -- Installing: /home/humble/ros_control_ws/install/rf2o_laser_odometry/share/rf2o_laser_odometry/local_setup.zsh
[19.761s] -- Installing: /home/humble/ros_control_ws/install/rf2o_laser_odometry/share/rf2o_laser_odometry/local_setup.dsv
[19.761s] -- Installing: /home/humble/ros_control_ws/install/rf2o_laser_odometry/share/rf2o_laser_odometry/package.dsv
[19.761s] -- Installing: /home/humble/ros_control_ws/install/rf2o_laser_odometry/share/ament_index/resource_index/packages/rf2o_laser_odometry
[19.761s] -- Installing: /home/humble/ros_control_ws/install/rf2o_laser_odometry/share/rf2o_laser_odometry/cmake/rf2o_laser_odometryConfig.cmake
[19.761s] -- Installing: /home/humble/ros_control_ws/install/rf2o_laser_odometry/share/rf2o_laser_odometry/cmake/rf2o_laser_odometryConfig-version.cmake
[19.762s] -- Installing: /home/humble/ros_control_ws/install/rf2o_laser_odometry/share/rf2o_laser_odometry/package.xml
[19.763s] Invoked command in '/home/humble/ros_control_ws/build/rf2o_laser_odometry' returned '0': CMAKE_PREFIX_PATH=/opt/ros/humble /usr/bin/cmake --install /home/humble/ros_control_ws/build/rf2o_laser_odometry
