[0.007s] Invoking command in '/home/humble/ros_control_ws/build/stacker_description': CMAKE_PREFIX_PATH=/opt/ros/humble /usr/bin/cmake /home/humble/ros_control_ws/src/stacker_description -DAMENT_CMAKE_SYMLINK_INSTALL=1 -DCMAKE_INSTALL_PREFIX=/home/humble/ros_control_ws/install/stacker_description
[0.090s] -- The C compiler identification is GNU 11.3.0
[0.170s] -- The CXX compiler identification is GNU 11.3.0
[0.179s] -- Detecting C compiler ABI info
[0.225s] -- Detecting C compiler ABI info - done
[0.229s] -- Check for working C compiler: /usr/bin/cc - skipped
[0.230s] -- Detecting C compile features
[0.230s] -- Detecting C compile features - done
[0.233s] -- Detecting CXX compiler ABI info
[0.292s] -- Detecting CXX compiler ABI info - done
[0.298s] -- Check for working CXX compiler: /usr/bin/c++ - skipped
[0.298s] -- Detecting CXX compile features
[0.298s] -- Detecting CXX compile features - done
[0.301s] -- Found ament_cmake: 1.3.3 (/opt/ros/humble/share/ament_cmake/cmake)
[0.427s] -- Found Python3: /usr/bin/python3.10 (found version "3.10.6") found components: Interpreter 
[0.475s] -- Override CMake install command with custom implementation using symlinks instead of copying resources
[0.527s] -- Found control_msgs: 4.1.0 (/opt/ros/humble/share/control_msgs/cmake)
[0.581s] -- Found rosidl_generator_c: 3.1.4 (/opt/ros/humble/share/rosidl_generator_c/cmake)
[0.586s] -- Found rosidl_adapter: 3.1.4 (/opt/ros/humble/share/rosidl_adapter/cmake)
[0.596s] -- Found rosidl_generator_cpp: 3.1.4 (/opt/ros/humble/share/rosidl_generator_cpp/cmake)
[0.610s] -- Using all available rosidl_typesupport_c: rosidl_typesupport_fastrtps_c;rosidl_typesupport_introspection_c
[0.630s] -- Using all available rosidl_typesupport_cpp: rosidl_typesupport_fastrtps_cpp;rosidl_typesupport_introspection_cpp
[1.127s] -- Found rclcpp: 16.0.2 (/opt/ros/humble/share/rclcpp/cmake)
[1.190s] -- Found rmw_implementation_cmake: 6.1.1 (/opt/ros/humble/share/rmw_implementation_cmake/cmake)
[1.193s] -- Found rmw_fastrtps_cpp: 6.2.2 (/opt/ros/humble/share/rmw_fastrtps_cpp/cmake)
[1.274s] -- Found OpenSSL: /usr/lib/x86_64-linux-gnu/libcrypto.so (found version "3.0.2")  
[1.294s] -- Found FastRTPS: /opt/ros/humble/include  
[1.330s] -- Using RMW implementation 'rmw_fastrtps_cpp' as default
[1.341s] -- Looking for pthread.h
[1.405s] -- Looking for pthread.h - found
[1.405s] -- Performing Test CMAKE_HAVE_LIBC_PTHREAD
[1.459s] -- Performing Test CMAKE_HAVE_LIBC_PTHREAD - Success
[1.459s] -- Found Threads: TRUE  
[1.593s] -- Found rclcpp_action: 16.0.2 (/opt/ros/humble/share/rclcpp_action/cmake)
[1.620s] -- Found ament_lint_auto: 0.12.4 (/opt/ros/humble/share/ament_lint_auto/cmake)
[1.694s] -- Added test 'copyright' to check source files copyright and LICENSE
[1.696s] -- Added test 'flake8' to check Python code syntax and style conventions
[1.697s] -- Added test 'lint_cmake' to check CMake code style
[1.697s] -- Added test 'pep257' to check Python code against some of the docstring style conventions in PEP 257
[1.699s] -- Added test 'xmllint' to check XML markup files
[1.700s] -- Configuring done
[1.703s] -- Generating done
[1.704s] -- Build files have been written to: /home/humble/ros_control_ws/build/stacker_description
[1.714s] Invoked command in '/home/humble/ros_control_ws/build/stacker_description' returned '0': CMAKE_PREFIX_PATH=/opt/ros/humble /usr/bin/cmake /home/humble/ros_control_ws/src/stacker_description -DAMENT_CMAKE_SYMLINK_INSTALL=1 -DCMAKE_INSTALL_PREFIX=/home/humble/ros_control_ws/install/stacker_description
[1.715s] Invoking command in '/home/humble/ros_control_ws/build/stacker_description': CMAKE_PREFIX_PATH=/opt/ros/humble /usr/bin/cmake --build /home/humble/ros_control_ws/build/stacker_description -- -j16 -l16
[1.742s] Invoked command in '/home/humble/ros_control_ws/build/stacker_description' returned '0': CMAKE_PREFIX_PATH=/opt/ros/humble /usr/bin/cmake --build /home/humble/ros_control_ws/build/stacker_description -- -j16 -l16
[1.768s] Invoking command in '/home/humble/ros_control_ws/build/stacker_description': CMAKE_PREFIX_PATH=/opt/ros/humble /usr/bin/cmake --install /home/humble/ros_control_ws/build/stacker_description
[1.773s] -- Install configuration: ""
[1.774s] -- Execute custom install script
[1.774s] -- Symlinking: /home/humble/ros_control_ws/install/stacker_description/share/stacker_description/launch/display.launch.py
[1.782s] -- Symlinking: /home/humble/ros_control_ws/install/stacker_description/share/stacker_description/launch/display_simple.launch.py
[1.788s] -- Symlinking: /home/humble/ros_control_ws/install/stacker_description/share/stacker_description/launch/gazebo.launch.py
[1.794s] -- Symlinking: /home/humble/ros_control_ws/install/stacker_description/share/stacker_description/launch/gazebo.launch_bp.py
[1.800s] -- Symlinking: /home/humble/ros_control_ws/install/stacker_description/share/stacker_description/launch/scan_map.launch.py
[1.806s] -- Symlinking: /home/humble/ros_control_ws/install/stacker_description/share/stacker_description/launch/stacker_drive.launch.py
[1.812s] -- Symlinking: /home/humble/ros_control_ws/install/stacker_description/share/stacker_description/meshes/base_link.dae
[1.817s] -- Symlinking: /home/humble/ros_control_ws/install/stacker_description/share/stacker_description/meshes/base_link.stl
[1.823s] -- Symlinking: /home/humble/ros_control_ws/install/stacker_description/share/stacker_description/meshes/fox_wheel_1_1.dae
[1.830s] -- Symlinking: /home/humble/ros_control_ws/install/stacker_description/share/stacker_description/meshes/fox_wheel_1_1.stl
[1.837s] -- Symlinking: /home/humble/ros_control_ws/install/stacker_description/share/stacker_description/meshes/fox_wheel_2_1.dae
[1.846s] -- Symlinking: /home/humble/ros_control_ws/install/stacker_description/share/stacker_description/meshes/fox_wheel_2_1.stl
[1.855s] -- Symlinking: /home/humble/ros_control_ws/install/stacker_description/share/stacker_description/meshes/steering_joint_1.dae
[1.863s] -- Symlinking: /home/humble/ros_control_ws/install/stacker_description/share/stacker_description/meshes/steering_joint_1.stl
[1.871s] -- Symlinking: /home/humble/ros_control_ws/install/stacker_description/share/stacker_description/meshes/wheel_1.dae
[1.878s] -- Symlinking: /home/humble/ros_control_ws/install/stacker_description/share/stacker_description/meshes/wheel_1.stl
[1.887s] -- Symlinking: /home/humble/ros_control_ws/install/stacker_description/share/stacker_description/rviz/urdf.rviz
[1.895s] -- Symlinking: /home/humble/ros_control_ws/install/stacker_description/share/stacker_description/urdf/Stacker.gazebo
[1.901s] -- Symlinking: /home/humble/ros_control_ws/install/stacker_description/share/stacker_description/urdf/Stacker.trans
[1.907s] -- Symlinking: /home/humble/ros_control_ws/install/stacker_description/share/stacker_description/urdf/Stacker.xacro
[1.913s] -- Symlinking: /home/humble/ros_control_ws/install/stacker_description/share/stacker_description/urdf/Stacker_bp.xacro
[1.919s] -- Symlinking: /home/humble/ros_control_ws/install/stacker_description/share/stacker_description/urdf/Stacker_simple.xacro.urdf
[1.927s] -- Symlinking: /home/humble/ros_control_ws/install/stacker_description/share/stacker_description/urdf/Stacker_src.xacro
[1.935s] -- Symlinking: /home/humble/ros_control_ws/install/stacker_description/share/stacker_description/urdf/car.urdf.xacro
[1.942s] -- Symlinking: /home/humble/ros_control_ws/install/stacker_description/share/stacker_description/urdf/materials.xacro
[1.950s] -- Symlinking: /home/humble/ros_control_ws/install/stacker_description/share/stacker_description/urdf/test_tricycle_drive.xacro.urdf
[1.958s] -- Symlinking: /home/humble/ros_control_ws/install/stacker_description/share/stacker_description/config/cart_slam_2d.lua
[1.966s] -- Symlinking: /home/humble/ros_control_ws/install/stacker_description/share/stacker_description/config/config.rviz
[1.973s] -- Symlinking: /home/humble/ros_control_ws/install/stacker_description/share/stacker_description/config/stacker_drive_controller.yaml
[1.981s] -- Symlinking: /home/humble/ros_control_ws/install/stacker_description/share/ament_index/resource_index/package_run_dependencies/stacker_description
[1.987s] -- Symlinking: /home/humble/ros_control_ws/install/stacker_description/share/ament_index/resource_index/parent_prefix_path/stacker_description
[1.993s] -- Symlinking: /home/humble/ros_control_ws/install/stacker_description/share/stacker_description/environment/ament_prefix_path.sh
[1.999s] -- Symlinking: /home/humble/ros_control_ws/install/stacker_description/share/stacker_description/environment/ament_prefix_path.dsv
[2.004s] -- Symlinking: /home/humble/ros_control_ws/install/stacker_description/share/stacker_description/environment/path.sh
[2.010s] -- Symlinking: /home/humble/ros_control_ws/install/stacker_description/share/stacker_description/environment/path.dsv
[2.016s] -- Symlinking: /home/humble/ros_control_ws/install/stacker_description/share/stacker_description/local_setup.bash
[2.022s] -- Symlinking: /home/humble/ros_control_ws/install/stacker_description/share/stacker_description/local_setup.sh
[2.028s] -- Symlinking: /home/humble/ros_control_ws/install/stacker_description/share/stacker_description/local_setup.zsh
[2.035s] -- Symlinking: /home/humble/ros_control_ws/install/stacker_description/share/stacker_description/local_setup.dsv
[2.042s] -- Symlinking: /home/humble/ros_control_ws/install/stacker_description/share/stacker_description/package.dsv
[2.050s] -- Symlinking: /home/humble/ros_control_ws/install/stacker_description/share/ament_index/resource_index/packages/stacker_description
[2.059s] -- Symlinking: /home/humble/ros_control_ws/install/stacker_description/share/stacker_description/cmake/stacker_descriptionConfig.cmake
[2.069s] -- Symlinking: /home/humble/ros_control_ws/install/stacker_description/share/stacker_description/cmake/stacker_descriptionConfig-version.cmake
[2.078s] -- Symlinking: /home/humble/ros_control_ws/install/stacker_description/share/stacker_description/package.xml
[2.090s] Invoked command in '/home/humble/ros_control_ws/build/stacker_description' returned '0': CMAKE_PREFIX_PATH=/opt/ros/humble /usr/bin/cmake --install /home/humble/ros_control_ws/build/stacker_description
