[0.024s] Invoking command in '/home/humble/ros_control_ws/build/gazebo_ros2_control_demos': CMAKE_PREFIX_PATH=/opt/ros/humble /usr/bin/cmake --build /home/humble/ros_control_ws/build/gazebo_ros2_control_demos -- -j16 -l16
[0.170s] [ 16%] Built target example_diff_drive
[0.172s] [ 66%] Built target example_gripper
[0.172s] [ 66%] Built target example_effort
[0.172s] [ 66%] Built target example_velocity
[0.172s] [ 83%] Built target example_tricycle_drive
[0.179s] [100%] Built target example_position
[0.205s] Invoked command in '/home/humble/ros_control_ws/build/gazebo_ros2_control_demos' returned '0': CMAKE_PREFIX_PATH=/opt/ros/humble /usr/bin/cmake --build /home/humble/ros_control_ws/build/gazebo_ros2_control_demos -- -j16 -l16
[0.230s] Invoking command in '/home/humble/ros_control_ws/build/gazebo_ros2_control_demos': CMAKE_PREFIX_PATH=/opt/ros/humble /usr/bin/cmake --install /home/humble/ros_control_ws/build/gazebo_ros2_control_demos
[0.236s] -- Install configuration: ""
[0.237s] -- Execute custom install script
[0.238s] -- Up-to-date symlink: /home/humble/ros_control_ws/install/gazebo_ros2_control_demos/share/gazebo_ros2_control_demos//launch/cart_example_effort.launch.py
[0.238s] -- Up-to-date symlink: /home/humble/ros_control_ws/install/gazebo_ros2_control_demos/share/gazebo_ros2_control_demos//launch/cart_example_position.launch.py
[0.239s] -- Up-to-date symlink: /home/humble/ros_control_ws/install/gazebo_ros2_control_demos/share/gazebo_ros2_control_demos//launch/cart_example_velocity.launch.py
[0.239s] -- Up-to-date symlink: /home/humble/ros_control_ws/install/gazebo_ros2_control_demos/share/gazebo_ros2_control_demos//launch/diff_drive.launch.py
[0.239s] -- Up-to-date symlink: /home/humble/ros_control_ws/install/gazebo_ros2_control_demos/share/gazebo_ros2_control_demos//launch/gripper_mimic_joint_example.launch.py
[0.239s] -- Up-to-date symlink: /home/humble/ros_control_ws/install/gazebo_ros2_control_demos/share/gazebo_ros2_control_demos//launch/tricycle_drive.launch.py
[0.240s] -- Up-to-date symlink: /home/humble/ros_control_ws/install/gazebo_ros2_control_demos/share/gazebo_ros2_control_demos//config/cartpole_controller.yaml
[0.240s] -- Up-to-date symlink: /home/humble/ros_control_ws/install/gazebo_ros2_control_demos/share/gazebo_ros2_control_demos//config/cartpole_controller_effort.yaml
[0.240s] -- Up-to-date symlink: /home/humble/ros_control_ws/install/gazebo_ros2_control_demos/share/gazebo_ros2_control_demos//config/cartpole_controller_velocity.yaml
[0.240s] -- Up-to-date symlink: /home/humble/ros_control_ws/install/gazebo_ros2_control_demos/share/gazebo_ros2_control_demos//config/config.rviz
[0.240s] -- Up-to-date symlink: /home/humble/ros_control_ws/install/gazebo_ros2_control_demos/share/gazebo_ros2_control_demos//config/diff_drive_controller.yaml
[0.241s] -- Up-to-date symlink: /home/humble/ros_control_ws/install/gazebo_ros2_control_demos/share/gazebo_ros2_control_demos//config/gripper_controller.yaml
[0.241s] -- Up-to-date symlink: /home/humble/ros_control_ws/install/gazebo_ros2_control_demos/share/gazebo_ros2_control_demos//config/tricycle_drive_controller.yaml
[0.242s] -- Up-to-date symlink: /home/humble/ros_control_ws/install/gazebo_ros2_control_demos/share/gazebo_ros2_control_demos//urdf/test_cart_effort.xacro.urdf
[0.242s] -- Up-to-date symlink: /home/humble/ros_control_ws/install/gazebo_ros2_control_demos/share/gazebo_ros2_control_demos//urdf/test_cart_position.xacro.urdf
[0.242s] -- Up-to-date symlink: /home/humble/ros_control_ws/install/gazebo_ros2_control_demos/share/gazebo_ros2_control_demos//urdf/test_cart_velocity.xacro.urdf
[0.242s] -- Up-to-date symlink: /home/humble/ros_control_ws/install/gazebo_ros2_control_demos/share/gazebo_ros2_control_demos//urdf/test_diff_drive.xacro.urdf
[0.242s] -- Up-to-date symlink: /home/humble/ros_control_ws/install/gazebo_ros2_control_demos/share/gazebo_ros2_control_demos//urdf/test_gripper_mimic_joint.xacro.urdf
[0.243s] -- Up-to-date symlink: /home/humble/ros_control_ws/install/gazebo_ros2_control_demos/share/gazebo_ros2_control_demos//urdf/test_tricycle_drive.xacro.urdf
[0.243s] -- Up-to-date symlink: /home/humble/ros_control_ws/install/gazebo_ros2_control_demos/lib/gazebo_ros2_control_demos/example_position
[0.244s] -- Up-to-date symlink: /home/humble/ros_control_ws/install/gazebo_ros2_control_demos/lib/gazebo_ros2_control_demos/example_velocity
[0.244s] -- Up-to-date symlink: /home/humble/ros_control_ws/install/gazebo_ros2_control_demos/lib/gazebo_ros2_control_demos/example_effort
[0.244s] -- Up-to-date symlink: /home/humble/ros_control_ws/install/gazebo_ros2_control_demos/lib/gazebo_ros2_control_demos/example_diff_drive
[0.244s] -- Up-to-date symlink: /home/humble/ros_control_ws/install/gazebo_ros2_control_demos/lib/gazebo_ros2_control_demos/example_tricycle_drive
[0.244s] -- Up-to-date symlink: /home/humble/ros_control_ws/install/gazebo_ros2_control_demos/lib/gazebo_ros2_control_demos/example_gripper
[0.245s] -- Up-to-date symlink: /home/humble/ros_control_ws/install/gazebo_ros2_control_demos/share/ament_index/resource_index/package_run_dependencies/gazebo_ros2_control_demos
[0.246s] -- Up-to-date symlink: /home/humble/ros_control_ws/install/gazebo_ros2_control_demos/share/ament_index/resource_index/parent_prefix_path/gazebo_ros2_control_demos
[0.246s] -- Up-to-date symlink: /home/humble/ros_control_ws/install/gazebo_ros2_control_demos/share/gazebo_ros2_control_demos/environment/ament_prefix_path.sh
[0.246s] -- Up-to-date symlink: /home/humble/ros_control_ws/install/gazebo_ros2_control_demos/share/gazebo_ros2_control_demos/environment/ament_prefix_path.dsv
[0.246s] -- Up-to-date symlink: /home/humble/ros_control_ws/install/gazebo_ros2_control_demos/share/gazebo_ros2_control_demos/environment/path.sh
[0.246s] -- Up-to-date symlink: /home/humble/ros_control_ws/install/gazebo_ros2_control_demos/share/gazebo_ros2_control_demos/environment/path.dsv
[0.247s] -- Up-to-date symlink: /home/humble/ros_control_ws/install/gazebo_ros2_control_demos/share/gazebo_ros2_control_demos/local_setup.bash
[0.247s] -- Up-to-date symlink: /home/humble/ros_control_ws/install/gazebo_ros2_control_demos/share/gazebo_ros2_control_demos/local_setup.sh
[0.247s] -- Up-to-date symlink: /home/humble/ros_control_ws/install/gazebo_ros2_control_demos/share/gazebo_ros2_control_demos/local_setup.zsh
[0.247s] -- Up-to-date symlink: /home/humble/ros_control_ws/install/gazebo_ros2_control_demos/share/gazebo_ros2_control_demos/local_setup.dsv
[0.247s] -- Symlinking: /home/humble/ros_control_ws/install/gazebo_ros2_control_demos/share/gazebo_ros2_control_demos/package.dsv
[0.254s] -- Up-to-date symlink: /home/humble/ros_control_ws/install/gazebo_ros2_control_demos/share/ament_index/resource_index/packages/gazebo_ros2_control_demos
[0.254s] -- Up-to-date symlink: /home/humble/ros_control_ws/install/gazebo_ros2_control_demos/share/gazebo_ros2_control_demos/cmake/gazebo_ros2_control_demosConfig.cmake
[0.254s] -- Up-to-date symlink: /home/humble/ros_control_ws/install/gazebo_ros2_control_demos/share/gazebo_ros2_control_demos/cmake/gazebo_ros2_control_demosConfig-version.cmake
[0.254s] -- Up-to-date symlink: /home/humble/ros_control_ws/install/gazebo_ros2_control_demos/share/gazebo_ros2_control_demos/package.xml
[0.256s] Invoked command in '/home/humble/ros_control_ws/build/gazebo_ros2_control_demos' returned '0': CMAKE_PREFIX_PATH=/opt/ros/humble /usr/bin/cmake --install /home/humble/ros_control_ws/build/gazebo_ros2_control_demos
