[0.010s] Invoking command in '/home/humble/ros_control_ws/build/rf2o_laser_odometry': CMAKE_PREFIX_PATH=/opt/ros/humble /usr/bin/cmake --build /home/humble/ros_control_ws/build/rf2o_laser_odometry -- -j16 -l16
[0.042s] [35m[1mConsolidate compiler generated dependencies of target rf2o_laser_odometry[0m
[0.042s] [35m[1mConsolidate compiler generated dependencies of target rf2o_laser_odometry_node[0m
[0.056s] [ 20%] [32mBuilding CXX object CMakeFiles/rf2o_laser_odometry.dir/src/CLaserOdometry2D.cpp.o[0m
[0.058s] [ 40%] [32mBuilding CXX object CMakeFiles/rf2o_laser_odometry_node.dir/src/CLaserOdometry2D.cpp.o[0m
[2.724s] [01m[K/home/humble/ros_control_ws/src/rf2o_laser_odometry/src/CLaserOdometry2D.cpp:[m[K In member function ‘[01m[Kvoid rf2o::CLaserOdometry2D::performWarping()[m[K’:
[2.724s] [01m[K/home/humble/ros_control_ws/src/rf2o_laser_odometry/src/CLaserOdometry2D.cpp:772:51:[m[K [01;31m[Kerror: [m[Kno match for ‘[01m[Koperator+=[m[K’ (operand types are ‘[01m[KEigen::internal::enable_if<true, Eigen::IndexedView<Eigen::Matrix<float, -1, -1>, double, Eigen::internal::SingleRange> >::type[m[K’ {aka ‘[01m[KEigen::IndexedView<Eigen::Matrix<float, -1, -1>, double, Eigen::internal::SingleRange>[m[K’} and ‘[01m[Kdouble[m[K’)
[2.724s]   772 |           [01;31m[Krange_warped[image_level](round(uwarp)) += range_w[m[K;
[2.724s]       |           [01;31m[K~~~~~~~~~~~~~~~~~~~~~~~~~~~~~~~~~~~~~~~~^~~~~~~~~~[m[K
[2.724s] In file included from [01m[K/usr/include/eigen3/Eigen/Core:273[m[K,
[2.724s]                  from [01m[K/usr/include/eigen3/Eigen/Dense:1[m[K,
[2.724s]                  from [01m[K/home/humble/ros_control_ws/src/rf2o_laser_odometry/include/rf2o_laser_odometry/CLaserOdometry2D.h:33[m[K,
[2.724s]                  from [01m[K/home/humble/ros_control_ws/src/rf2o_laser_odometry/src/CLaserOdometry2D.cpp:18[m[K:
[2.724s] [01m[K/usr/include/eigen3/Eigen/src/Core/MatrixBase.h:158:14:[m[K [01;36m[Knote: [m[Kcandidate: ‘[01m[Ktemplate<class OtherDerived> Derived& Eigen::MatrixBase<Derived>::operator+=(const Eigen::MatrixBase<OtherDerived>&) [with OtherDerived = OtherDerived; Derived = Eigen::IndexedView<Eigen::Matrix<float, -1, -1>, double, Eigen::internal::SingleRange>][m[K’
[2.724s]   158 |     Derived& [01;36m[Koperator[m[K+=(const MatrixBase<OtherDerived>& other);
[2.724s]       |              [01;36m[K^~~~~~~~[m[K
[2.724s] [01m[K/usr/include/eigen3/Eigen/src/Core/MatrixBase.h:158:14:[m[K [01;36m[Knote: [m[K  template argument deduction/substitution failed:
[2.724s] [01m[K/home/humble/ros_control_ws/src/rf2o_laser_odometry/src/CLaserOdometry2D.cpp:772:54:[m[K [01;36m[Knote: [m[K  mismatched types ‘[01m[Kconst Eigen::MatrixBase<Derived>[m[K’ and ‘[01m[Kdouble[m[K’
[2.724s]   772 |           range_warped[image_level](round(uwarp)) += [01;36m[Krange_w[m[K;
[2.724s]       |                                                      [01;36m[K^~~~~~~[m[K
[2.724s] In file included from [01m[K/usr/include/eigen3/Eigen/Core:273[m[K,
[2.724s]                  from [01m[K/usr/include/eigen3/Eigen/Dense:1[m[K,
[2.724s]                  from [01m[K/home/humble/ros_control_ws/src/rf2o_laser_odometry/include/rf2o_laser_odometry/CLaserOdometry2D.h:33[m[K,
[2.724s]                  from [01m[K/home/humble/ros_control_ws/src/rf2o_laser_odometry/src/CLaserOdometry2D.cpp:18[m[K:
[2.724s] [01m[K/usr/include/eigen3/Eigen/src/Core/MatrixBase.h:493:46:[m[K [01;36m[Knote: [m[Kcandidate: ‘[01m[Ktemplate<class OtherDerived> Derived& Eigen::MatrixBase<Derived>::operator+=(const Eigen::ArrayBase<OtherDerived>&) [with OtherDerived = OtherDerived; Derived = Eigen::IndexedView<Eigen::Matrix<float, -1, -1>, double, Eigen::internal::SingleRange>][m[K’
[2.724s]   493 |     template<typename OtherDerived> Derived& [01;36m[Koperator[m[K+=(const ArrayBase<OtherDerived>& )
[2.725s]       |                                              [01;36m[K^~~~~~~~[m[K
[2.725s] [01m[K/usr/include/eigen3/Eigen/src/Core/MatrixBase.h:493:46:[m[K [01;36m[Knote: [m[K  template argument deduction/substitution failed:
[2.725s] [01m[K/home/humble/ros_control_ws/src/rf2o_laser_odometry/src/CLaserOdometry2D.cpp:772:54:[m[K [01;36m[Knote: [m[K  mismatched types ‘[01m[Kconst Eigen::ArrayBase<Derived>[m[K’ and ‘[01m[Kdouble[m[K’
[2.725s]   772 |           range_warped[image_level](round(uwarp)) += [01;36m[Krange_w[m[K;
[2.725s]       |                                                      [01;36m[K^~~~~~~[m[K
[2.725s] In file included from [01m[K/usr/include/eigen3/Eigen/Core:272[m[K,
[2.725s]                  from [01m[K/usr/include/eigen3/Eigen/Dense:1[m[K,
[2.725s]                  from [01m[K/home/humble/ros_control_ws/src/rf2o_laser_odometry/include/rf2o_laser_odometry/CLaserOdometry2D.h:33[m[K,
[2.725s]                  from [01m[K/home/humble/ros_control_ws/src/rf2o_laser_odometry/src/CLaserOdometry2D.cpp:18[m[K:
[2.725s] [01m[K/usr/include/eigen3/Eigen/src/Core/DenseBase.h:294:14:[m[K [01;36m[Knote: [m[Kcandidate: ‘[01m[Ktemplate<class OtherDerived> Derived& Eigen::DenseBase<Derived>::operator+=(const Eigen::EigenBase<OtherDerived>&) [with OtherDerived = OtherDerived; Derived = Eigen::IndexedView<Eigen::Matrix<float, -1, -1>, double, Eigen::internal::SingleRange>][m[K’
[2.725s]   294 |     Derived& [01;36m[Koperator[m[K+=(const EigenBase<OtherDerived> &other);
[2.725s]       |              [01;36m[K^~~~~~~~[m[K
[2.725s] [01m[K/usr/include/eigen3/Eigen/src/Core/DenseBase.h:294:14:[m[K [01;36m[Knote: [m[K  template argument deduction/substitution failed:
[2.725s] [01m[K/home/humble/ros_control_ws/src/rf2o_laser_odometry/src/CLaserOdometry2D.cpp:772:54:[m[K [01;36m[Knote: [m[K  mismatched types ‘[01m[Kconst Eigen::EigenBase<Derived>[m[K’ and ‘[01m[Kdouble[m[K’
[2.725s]   772 |           range_warped[image_level](round(uwarp)) += [01;36m[Krange_w[m[K;
[2.725s]       |                                                      [01;36m[K^~~~~~~[m[K
[2.731s] [01m[K/home/humble/ros_control_ws/src/rf2o_laser_odometry/src/CLaserOdometry2D.cpp:773:35:[m[K [01;31m[Kerror: [m[Kno match for ‘[01m[Koperator+=[m[K’ (operand types are ‘[01m[KEigen::internal::enable_if<true, Eigen::IndexedView<Eigen::Matrix<float, -1, -1>, float, Eigen::internal::SingleRange> >::type[m[K’ {aka ‘[01m[KEigen::IndexedView<Eigen::Matrix<float, -1, -1>, float, Eigen::internal::SingleRange>[m[K’} and ‘[01m[Kfloat[m[K’)
[2.731s]   773 |           [01;31m[Kwacu(std::round(uwarp)) += 1.f[m[K;
[2.731s]       |           [01;31m[K~~~~~~~~~~~~~~~~~~~~~~~~^~~~~~[m[K
[2.731s] In file included from [01m[K/usr/include/eigen3/Eigen/Core:273[m[K,
[2.731s]                  from [01m[K/usr/include/eigen3/Eigen/Dense:1[m[K,
[2.732s]                  from [01m[K/home/humble/ros_control_ws/src/rf2o_laser_odometry/include/rf2o_laser_odometry/CLaserOdometry2D.h:33[m[K,
[2.732s]                  from [01m[K/home/humble/ros_control_ws/src/rf2o_laser_odometry/src/CLaserOdometry2D.cpp:18[m[K:
[2.732s] [01m[K/usr/include/eigen3/Eigen/src/Core/MatrixBase.h:158:14:[m[K [01;36m[Knote: [m[Kcandidate: ‘[01m[Ktemplate<class OtherDerived> Derived& Eigen::MatrixBase<Derived>::operator+=(const Eigen::MatrixBase<OtherDerived>&) [with OtherDerived = OtherDerived; Derived = Eigen::IndexedView<Eigen::Matrix<float, -1, -1>, float, Eigen::internal::SingleRange>][m[K’
[2.732s]   158 |     Derived& [01;36m[Koperator[m[K+=(const MatrixBase<OtherDerived>& other);
[2.732s]       |              [01;36m[K^~~~~~~~[m[K
[2.732s] [01m[K/usr/include/eigen3/Eigen/src/Core/MatrixBase.h:158:14:[m[K [01;36m[Knote: [m[K  template argument deduction/substitution failed:
[2.732s] [01m[K/home/humble/ros_control_ws/src/rf2o_laser_odometry/src/CLaserOdometry2D.cpp:773:38:[m[K [01;36m[Knote: [m[K  mismatched types ‘[01m[Kconst Eigen::MatrixBase<Derived>[m[K’ and ‘[01m[Kfloat[m[K’
[2.732s]   773 |           wacu(std::round(uwarp)) += [01;36m[K1.f[m[K;
[2.732s]       |                                      [01;36m[K^~~[m[K
[2.732s] In file included from [01m[K/usr/include/eigen3/Eigen/Core:273[m[K,
[2.732s]                  from [01m[K/usr/include/eigen3/Eigen/Dense:1[m[K,
[2.732s]                  from [01m[K/home/humble/ros_control_ws/src/rf2o_laser_odometry/include/rf2o_laser_odometry/CLaserOdometry2D.h:33[m[K,
[2.732s]                  from [01m[K/home/humble/ros_control_ws/src/rf2o_laser_odometry/src/CLaserOdometry2D.cpp:18[m[K:
[2.732s] [01m[K/usr/include/eigen3/Eigen/src/Core/MatrixBase.h:493:46:[m[K [01;36m[Knote: [m[Kcandidate: ‘[01m[Ktemplate<class OtherDerived> Derived& Eigen::MatrixBase<Derived>::operator+=(const Eigen::ArrayBase<OtherDerived>&) [with OtherDerived = OtherDerived; Derived = Eigen::IndexedView<Eigen::Matrix<float, -1, -1>, float, Eigen::internal::SingleRange>][m[K’
[2.732s]   493 |     template<typename OtherDerived> Derived& [01;36m[Koperator[m[K+=(const ArrayBase<OtherDerived>& )
[2.732s]       |                                              [01;36m[K^~~~~~~~[m[K
[2.732s] [01m[K/usr/include/eigen3/Eigen/src/Core/MatrixBase.h:493:46:[m[K [01;36m[Knote: [m[K  template argument deduction/substitution failed:
[2.732s] [01m[K/home/humble/ros_control_ws/src/rf2o_laser_odometry/src/CLaserOdometry2D.cpp:773:38:[m[K [01;36m[Knote: [m[K  mismatched types ‘[01m[Kconst Eigen::ArrayBase<Derived>[m[K’ and ‘[01m[Kfloat[m[K’
[2.732s]   773 |           wacu(std::round(uwarp)) += [01;36m[K1.f[m[K;
[2.732s]       |                                      [01;36m[K^~~[m[K
[2.732s] In file included from [01m[K/usr/include/eigen3/Eigen/Core:272[m[K,
[2.732s]                  from [01m[K/usr/include/eigen3/Eigen/Dense:1[m[K,
[2.732s]                  from [01m[K/home/humble/ros_control_ws/src/rf2o_laser_odometry/include/rf2o_laser_odometry/CLaserOdometry2D.h:33[m[K,
[2.732s]                  from [01m[K/home/humble/ros_control_ws/src/rf2o_laser_odometry/src/CLaserOdometry2D.cpp:18[m[K:
[2.732s] [01m[K/usr/include/eigen3/Eigen/src/Core/DenseBase.h:294:14:[m[K [01;36m[Knote: [m[Kcandidate: ‘[01m[Ktemplate<class OtherDerived> Derived& Eigen::DenseBase<Derived>::operator+=(const Eigen::EigenBase<OtherDerived>&) [with OtherDerived = OtherDerived; Derived = Eigen::IndexedView<Eigen::Matrix<float, -1, -1>, float, Eigen::internal::SingleRange>][m[K’
[2.732s]   294 |     Derived& [01;36m[Koperator[m[K+=(const EigenBase<OtherDerived> &other);
[2.732s]       |              [01;36m[K^~~~~~~~[m[K
[2.732s] [01m[K/usr/include/eigen3/Eigen/src/Core/DenseBase.h:294:14:[m[K [01;36m[Knote: [m[K  template argument deduction/substitution failed:
[2.732s] [01m[K/home/humble/ros_control_ws/src/rf2o_laser_odometry/src/CLaserOdometry2D.cpp:773:38:[m[K [01;36m[Knote: [m[K  mismatched types ‘[01m[Kconst Eigen::EigenBase<Derived>[m[K’ and ‘[01m[Kfloat[m[K’
[2.733s]   773 |           wacu(std::round(uwarp)) += [01;36m[K1.f[m[K;
[2.733s]       |                                      [01;36m[K^~~[m[K
[2.733s] [01m[K/home/humble/ros_control_ws/src/rf2o_laser_odometry/src/CLaserOdometry2D.cpp:[m[K In member function ‘[01m[Kvoid rf2o::CLaserOdometry2D::performWarping()[m[K’:
[2.733s] [01m[K/home/humble/ros_control_ws/src/rf2o_laser_odometry/src/CLaserOdometry2D.cpp:772:51:[m[K [01;31m[Kerror: [m[Kno match for ‘[01m[Koperator+=[m[K’ (operand types are ‘[01m[KEigen::internal::enable_if<true, Eigen::IndexedView<Eigen::Matrix<float, -1, -1>, double, Eigen::internal::SingleRange> >::type[m[K’ {aka ‘[01m[KEigen::IndexedView<Eigen::Matrix<float, -1, -1>, double, Eigen::internal::SingleRange>[m[K’} and ‘[01m[Kdouble[m[K’)
[2.733s]   772 |           [01;31m[Krange_warped[image_level](round(uwarp)) += range_w[m[K;
[2.733s]       |           [01;31m[K~~~~~~~~~~~~~~~~~~~~~~~~~~~~~~~~~~~~~~~~^~~~~~~~~~[m[K
[2.733s] In file included from [01m[K/usr/include/eigen3/Eigen/Core:273[m[K,
[2.733s]                  from [01m[K/usr/include/eigen3/Eigen/Dense:1[m[K,
[2.733s]                  from [01m[K/home/humble/ros_control_ws/src/rf2o_laser_odometry/include/rf2o_laser_odometry/CLaserOdometry2D.h:33[m[K,
[2.733s]                  from [01m[K/home/humble/ros_control_ws/src/rf2o_laser_odometry/src/CLaserOdometry2D.cpp:18[m[K:
[2.733s] [01m[K/usr/include/eigen3/Eigen/src/Core/MatrixBase.h:158:14:[m[K [01;36m[Knote: [m[Kcandidate: ‘[01m[Ktemplate<class OtherDerived> Derived& Eigen::MatrixBase<Derived>::operator+=(const Eigen::MatrixBase<OtherDerived>&) [with OtherDerived = OtherDerived; Derived = Eigen::IndexedView<Eigen::Matrix<float, -1, -1>, double, Eigen::internal::SingleRange>][m[K’
[2.733s]   158 |     Derived& [01;36m[Koperator[m[K+=(const MatrixBase<OtherDerived>& other);
[2.733s]       |              [01;36m[K^~~~~~~~[m[K
[2.733s] [01m[K/usr/include/eigen3/Eigen/src/Core/MatrixBase.h:158:14:[m[K [01;36m[Knote: [m[K  template argument deduction/substitution failed:
[2.733s] [01m[K/home/humble/ros_control_ws/src/rf2o_laser_odometry/src/CLaserOdometry2D.cpp:772:54:[m[K [01;36m[Knote: [m[K  mismatched types ‘[01m[Kconst Eigen::MatrixBase<Derived>[m[K’ and ‘[01m[Kdouble[m[K’
[2.733s]   772 |           range_warped[image_level](round(uwarp)) += [01;36m[Krange_w[m[K;
[2.733s]       |                                                      [01;36m[K^~~~~~~[m[K
[2.733s] In file included from [01m[K/usr/include/eigen3/Eigen/Core:273[m[K,
[2.733s]                  from [01m[K/usr/include/eigen3/Eigen/Dense:1[m[K,
[2.733s]                  from [01m[K/home/humble/ros_control_ws/src/rf2o_laser_odometry/include/rf2o_laser_odometry/CLaserOdometry2D.h:33[m[K,
[2.733s]                  from [01m[K/home/humble/ros_control_ws/src/rf2o_laser_odometry/src/CLaserOdometry2D.cpp:18[m[K:
[2.733s] [01m[K/usr/include/eigen3/Eigen/src/Core/MatrixBase.h:493:46:[m[K [01;36m[Knote: [m[Kcandidate: ‘[01m[Ktemplate<class OtherDerived> Derived& Eigen::MatrixBase<Derived>::operator+=(const Eigen::ArrayBase<OtherDerived>&) [with OtherDerived = OtherDerived; Derived = Eigen::IndexedView<Eigen::Matrix<float, -1, -1>, double, Eigen::internal::SingleRange>][m[K’
[2.733s]   493 |     template<typename OtherDerived> Derived& [01;36m[Koperator[m[K+=(const ArrayBase<OtherDerived>& )
[2.733s]       |                                              [01;36m[K^~~~~~~~[m[K
[2.734s] [01m[K/usr/include/eigen3/Eigen/src/Core/MatrixBase.h:493:46:[m[K [01;36m[Knote: [m[K  template argument deduction/substitution failed:
[2.734s] [01m[K/home/humble/ros_control_ws/src/rf2o_laser_odometry/src/CLaserOdometry2D.cpp:772:54:[m[K [01;36m[Knote: [m[K  mismatched types ‘[01m[Kconst Eigen::ArrayBase<Derived>[m[K’ and ‘[01m[Kdouble[m[K’
[2.734s]   772 |           range_warped[image_level](round(uwarp)) += [01;36m[Krange_w[m[K;
[2.734s]       |                                                      [01;36m[K^~~~~~~[m[K
[2.734s] In file included from [01m[K/usr/include/eigen3/Eigen/Core:272[m[K,
[2.734s]                  from [01m[K/usr/include/eigen3/Eigen/Dense:1[m[K,
[2.734s]                  from [01m[K/home/humble/ros_control_ws/src/rf2o_laser_odometry/include/rf2o_laser_odometry/CLaserOdometry2D.h:33[m[K,
[2.734s]                  from [01m[K/home/humble/ros_control_ws/src/rf2o_laser_odometry/src/CLaserOdometry2D.cpp:18[m[K:
[2.734s] [01m[K/usr/include/eigen3/Eigen/src/Core/DenseBase.h:294:14:[m[K [01;36m[Knote: [m[Kcandidate: ‘[01m[Ktemplate<class OtherDerived> Derived& Eigen::DenseBase<Derived>::operator+=(const Eigen::EigenBase<OtherDerived>&) [with OtherDerived = OtherDerived; Derived = Eigen::IndexedView<Eigen::Matrix<float, -1, -1>, double, Eigen::internal::SingleRange>][m[K’
[2.734s]   294 |     Derived& [01;36m[Koperator[m[K+=(const EigenBase<OtherDerived> &other);
[2.734s]       |              [01;36m[K^~~~~~~~[m[K
[2.734s] [01m[K/usr/include/eigen3/Eigen/src/Core/DenseBase.h:294:14:[m[K [01;36m[Knote: [m[K  template argument deduction/substitution failed:
[2.734s] [01m[K/home/humble/ros_control_ws/src/rf2o_laser_odometry/src/CLaserOdometry2D.cpp:772:54:[m[K [01;36m[Knote: [m[K  mismatched types ‘[01m[Kconst Eigen::EigenBase<Derived>[m[K’ and ‘[01m[Kdouble[m[K’
[2.734s]   772 |           range_warped[image_level](round(uwarp)) += [01;36m[Krange_w[m[K;
[2.734s]       |                                                      [01;36m[K^~~~~~~[m[K
[2.743s] [01m[K/home/humble/ros_control_ws/src/rf2o_laser_odometry/src/CLaserOdometry2D.cpp:773:35:[m[K [01;31m[Kerror: [m[Kno match for ‘[01m[Koperator+=[m[K’ (operand types are ‘[01m[KEigen::internal::enable_if<true, Eigen::IndexedView<Eigen::Matrix<float, -1, -1>, float, Eigen::internal::SingleRange> >::type[m[K’ {aka ‘[01m[KEigen::IndexedView<Eigen::Matrix<float, -1, -1>, float, Eigen::internal::SingleRange>[m[K’} and ‘[01m[Kfloat[m[K’)
[2.743s]   773 |           [01;31m[Kwacu(std::round(uwarp)) += 1.f[m[K;
[2.743s]       |           [01;31m[K~~~~~~~~~~~~~~~~~~~~~~~~^~~~~~[m[K
[2.743s] In file included from [01m[K/usr/include/eigen3/Eigen/Core:273[m[K,
[2.744s]                  from [01m[K/usr/include/eigen3/Eigen/Dense:1[m[K,
[2.744s]                  from [01m[K/home/humble/ros_control_ws/src/rf2o_laser_odometry/include/rf2o_laser_odometry/CLaserOdometry2D.h:33[m[K,
[2.744s]                  from [01m[K/home/humble/ros_control_ws/src/rf2o_laser_odometry/src/CLaserOdometry2D.cpp:18[m[K:
[2.744s] [01m[K/usr/include/eigen3/Eigen/src/Core/MatrixBase.h:158:14:[m[K [01;36m[Knote: [m[Kcandidate: ‘[01m[Ktemplate<class OtherDerived> Derived& Eigen::MatrixBase<Derived>::operator+=(const Eigen::MatrixBase<OtherDerived>&) [with OtherDerived = OtherDerived; Derived = Eigen::IndexedView<Eigen::Matrix<float, -1, -1>, float, Eigen::internal::SingleRange>][m[K’
[2.744s]   158 |     Derived& [01;36m[Koperator[m[K+=(const MatrixBase<OtherDerived>& other);
[2.744s]       |              [01;36m[K^~~~~~~~[m[K
[2.744s] [01m[K/usr/include/eigen3/Eigen/src/Core/MatrixBase.h:158:14:[m[K [01;36m[Knote: [m[K  template argument deduction/substitution failed:
[2.744s] [01m[K/home/humble/ros_control_ws/src/rf2o_laser_odometry/src/CLaserOdometry2D.cpp:773:38:[m[K [01;36m[Knote: [m[K  mismatched types ‘[01m[Kconst Eigen::MatrixBase<Derived>[m[K’ and ‘[01m[Kfloat[m[K’
[2.744s]   773 |           wacu(std::round(uwarp)) += [01;36m[K1.f[m[K;
[2.744s]       |                                      [01;36m[K^~~[m[K
[2.744s] In file included from [01m[K/usr/include/eigen3/Eigen/Core:273[m[K,
[2.744s]                  from [01m[K/usr/include/eigen3/Eigen/Dense:1[m[K,
[2.744s]                  from [01m[K/home/humble/ros_control_ws/src/rf2o_laser_odometry/include/rf2o_laser_odometry/CLaserOdometry2D.h:33[m[K,
[2.744s]                  from [01m[K/home/humble/ros_control_ws/src/rf2o_laser_odometry/src/CLaserOdometry2D.cpp:18[m[K:
[2.744s] [01m[K/usr/include/eigen3/Eigen/src/Core/MatrixBase.h:493:46:[m[K [01;36m[Knote: [m[Kcandidate: ‘[01m[Ktemplate<class OtherDerived> Derived& Eigen::MatrixBase<Derived>::operator+=(const Eigen::ArrayBase<OtherDerived>&) [with OtherDerived = OtherDerived; Derived = Eigen::IndexedView<Eigen::Matrix<float, -1, -1>, float, Eigen::internal::SingleRange>][m[K’
[2.744s]   493 |     template<typename OtherDerived> Derived& [01;36m[Koperator[m[K+=(const ArrayBase<OtherDerived>& )
[2.744s]       |                                              [01;36m[K^~~~~~~~[m[K
[2.744s] [01m[K/usr/include/eigen3/Eigen/src/Core/MatrixBase.h:493:46:[m[K [01;36m[Knote: [m[K  template argument deduction/substitution failed:
[2.744s] [01m[K/home/humble/ros_control_ws/src/rf2o_laser_odometry/src/CLaserOdometry2D.cpp:773:38:[m[K [01;36m[Knote: [m[K  mismatched types ‘[01m[Kconst Eigen::ArrayBase<Derived>[m[K’ and ‘[01m[Kfloat[m[K’
[2.744s]   773 |           wacu(std::round(uwarp)) += [01;36m[K1.f[m[K;
[2.744s]       |                                      [01;36m[K^~~[m[K
[2.744s] In file included from [01m[K/usr/include/eigen3/Eigen/Core:272[m[K,
[2.744s]                  from [01m[K/usr/include/eigen3/Eigen/Dense:1[m[K,
[2.744s]                  from [01m[K/home/humble/ros_control_ws/src/rf2o_laser_odometry/include/rf2o_laser_odometry/CLaserOdometry2D.h:33[m[K,
[2.744s]                  from [01m[K/home/humble/ros_control_ws/src/rf2o_laser_odometry/src/CLaserOdometry2D.cpp:18[m[K:
[2.744s] [01m[K/usr/include/eigen3/Eigen/src/Core/DenseBase.h:294:14:[m[K [01;36m[Knote: [m[Kcandidate: ‘[01m[Ktemplate<class OtherDerived> Derived& Eigen::DenseBase<Derived>::operator+=(const Eigen::EigenBase<OtherDerived>&) [with OtherDerived = OtherDerived; Derived = Eigen::IndexedView<Eigen::Matrix<float, -1, -1>, float, Eigen::internal::SingleRange>][m[K’
[2.744s]   294 |     Derived& [01;36m[Koperator[m[K+=(const EigenBase<OtherDerived> &other);
[2.745s]       |              [01;36m[K^~~~~~~~[m[K
[2.745s] [01m[K/usr/include/eigen3/Eigen/src/Core/DenseBase.h:294:14:[m[K [01;36m[Knote: [m[K  template argument deduction/substitution failed:
[2.745s] [01m[K/home/humble/ros_control_ws/src/rf2o_laser_odometry/src/CLaserOdometry2D.cpp:773:38:[m[K [01;36m[Knote: [m[K  mismatched types ‘[01m[Kconst Eigen::EigenBase<Derived>[m[K’ and ‘[01m[Kfloat[m[K’
[2.745s]   773 |           wacu(std::round(uwarp)) += [01;36m[K1.f[m[K;
[2.745s]       |                                      [01;36m[K^~~[m[K
[2.996s] In file included from [01m[K/usr/include/eigen3/Eigen/Core:164[m[K,
[2.996s]                  from [01m[K/usr/include/eigen3/Eigen/Dense:1[m[K,
[2.996s]                  from [01m[K/home/humble/ros_control_ws/src/rf2o_laser_odometry/include/rf2o_laser_odometry/CLaserOdometry2D.h:33[m[K,
[2.996s]                  from [01m[K/home/humble/ros_control_ws/src/rf2o_laser_odometry/src/CLaserOdometry2D.cpp:18[m[K:
[2.996s] /usr/include/eigen3/Eigen/src/plugins/IndexedViewMethods.h: In instantiation of ‘[01m[Ktypename Eigen::internal::enable_if<((! Eigen::DenseBase<Derived>::IsRowMajor) && (!((Eigen::internal::get_compile_time_incr<typename Eigen::DenseBase<Derived>::IvcType<Indices>::type>::value == 1) || Eigen::internal::is_valid_index_type<Indices>::value))), Eigen::IndexedView<Derived, typename Eigen::DenseBase<Derived>::IvcType<Indices>::type, Eigen::internal::SingleRange> >::type Eigen::DenseBase<Derived>::operator()(const Indices&) [with Indices = double; Derived = Eigen::Matrix<float, -1, -1>; typename Eigen::internal::enable_if<((! Eigen::DenseBase<Derived>::IsRowMajor) && (!((Eigen::internal::get_compile_time_incr<typename Eigen::DenseBase<Derived>::IvcType<Indices>::type>::value == 1) || Eigen::internal::is_valid_index_type<Indices>::value))), Eigen::IndexedView<Derived, typename Eigen::DenseBase<Derived>::IvcType<Indices>::type, Eigen::internal::SingleRange> >::type = Eigen::IndexedView<Eigen::Matrix<float, -1, -1>, double, Eigen::internal::SingleRange>; typename Eigen::DenseBase<Derived>::IvcType<Indices>::type = double][m[K’:
[2.996s] [01m[K/home/humble/ros_control_ws/src/rf2o_laser_odometry/src/CLaserOdometry2D.cpp:772:36:[m[K   required from here
[2.996s] [01m[K/usr/include/eigen3/Eigen/src/plugins/IndexedViewMethods.h:157:3:[m[K [01;31m[Kerror: [m[Kstatic assertion failed: YOU_TRIED_CALLING_A_VECTOR_METHOD_ON_A_MATRIX
[2.996s]   157 |   [01;31m[KEIGEN_STATIC_ASSERT_VECTOR_ONLY[m[K(Derived)
[2.996s]       |   [01;31m[K^~~~~~~~~~~~~~~~~~~~~~~~~~~~~~~[m[K
[2.996s] [01m[K/usr/include/eigen3/Eigen/src/plugins/IndexedViewMethods.h:157:3:[m[K [01;36m[Knote: [m[K‘[01m[KEigen::Matrix<float, -1, -1>::IsVectorAtCompileTime[m[K’ evaluates to false
[2.996s] /usr/include/eigen3/Eigen/src/plugins/IndexedViewMethods.h: In instantiation of ‘[01m[Ktypename Eigen::internal::enable_if<((! Eigen::DenseBase<Derived>::IsRowMajor) && (!((Eigen::internal::get_compile_time_incr<typename Eigen::DenseBase<Derived>::IvcType<Indices>::type>::value == 1) || Eigen::internal::is_valid_index_type<Indices>::value))), Eigen::IndexedView<Derived, typename Eigen::DenseBase<Derived>::IvcType<Indices>::type, Eigen::internal::SingleRange> >::type Eigen::DenseBase<Derived>::operator()(const Indices&) [with Indices = float; Derived = Eigen::Matrix<float, -1, -1>; typename Eigen::internal::enable_if<((! Eigen::DenseBase<Derived>::IsRowMajor) && (!((Eigen::internal::get_compile_time_incr<typename Eigen::DenseBase<Derived>::IvcType<Indices>::type>::value == 1) || Eigen::internal::is_valid_index_type<Indices>::value))), Eigen::IndexedView<Derived, typename Eigen::DenseBase<Derived>::IvcType<Indices>::type, Eigen::internal::SingleRange> >::type = Eigen::IndexedView<Eigen::Matrix<float, -1, -1>, float, Eigen::internal::SingleRange>; typename Eigen::DenseBase<Derived>::IvcType<Indices>::type = float][m[K’:
[2.996s] [01m[K/home/humble/ros_control_ws/src/rf2o_laser_odometry/src/CLaserOdometry2D.cpp:773:15:[m[K   required from here
[2.996s] [01m[K/usr/include/eigen3/Eigen/src/plugins/IndexedViewMethods.h:157:3:[m[K [01;31m[Kerror: [m[Kstatic assertion failed: YOU_TRIED_CALLING_A_VECTOR_METHOD_ON_A_MATRIX
[2.996s] [01m[K/usr/include/eigen3/Eigen/src/plugins/IndexedViewMethods.h:157:3:[m[K [01;36m[Knote: [m[K‘[01m[KEigen::Matrix<float, -1, -1>::IsVectorAtCompileTime[m[K’ evaluates to false
[3.008s] In file included from [01m[K/usr/include/eigen3/Eigen/Core:164[m[K,
[3.008s]                  from [01m[K/usr/include/eigen3/Eigen/Dense:1[m[K,
[3.008s]                  from [01m[K/home/humble/ros_control_ws/src/rf2o_laser_odometry/include/rf2o_laser_odometry/CLaserOdometry2D.h:33[m[K,
[3.008s]                  from [01m[K/home/humble/ros_control_ws/src/rf2o_laser_odometry/src/CLaserOdometry2D.cpp:18[m[K:
[3.008s] /usr/include/eigen3/Eigen/src/plugins/IndexedViewMethods.h: In instantiation of ‘[01m[Ktypename Eigen::internal::enable_if<((! Eigen::DenseBase<Derived>::IsRowMajor) && (!((Eigen::internal::get_compile_time_incr<typename Eigen::DenseBase<Derived>::IvcType<Indices>::type>::value == 1) || Eigen::internal::is_valid_index_type<Indices>::value))), Eigen::IndexedView<Derived, typename Eigen::DenseBase<Derived>::IvcType<Indices>::type, Eigen::internal::SingleRange> >::type Eigen::DenseBase<Derived>::operator()(const Indices&) [with Indices = double; Derived = Eigen::Matrix<float, -1, -1>; typename Eigen::internal::enable_if<((! Eigen::DenseBase<Derived>::IsRowMajor) && (!((Eigen::internal::get_compile_time_incr<typename Eigen::DenseBase<Derived>::IvcType<Indices>::type>::value == 1) || Eigen::internal::is_valid_index_type<Indices>::value))), Eigen::IndexedView<Derived, typename Eigen::DenseBase<Derived>::IvcType<Indices>::type, Eigen::internal::SingleRange> >::type = Eigen::IndexedView<Eigen::Matrix<float, -1, -1>, double, Eigen::internal::SingleRange>; typename Eigen::DenseBase<Derived>::IvcType<Indices>::type = double][m[K’:
[3.008s] [01m[K/home/humble/ros_control_ws/src/rf2o_laser_odometry/src/CLaserOdometry2D.cpp:772:36:[m[K   required from here
[3.008s] [01m[K/usr/include/eigen3/Eigen/src/plugins/IndexedViewMethods.h:157:3:[m[K [01;31m[Kerror: [m[Kstatic assertion failed: YOU_TRIED_CALLING_A_VECTOR_METHOD_ON_A_MATRIX
[3.008s]   157 |   [01;31m[KEIGEN_STATIC_ASSERT_VECTOR_ONLY[m[K(Derived)
[3.008s]       |   [01;31m[K^~~~~~~~~~~~~~~~~~~~~~~~~~~~~~~[m[K
[3.009s] [01m[K/usr/include/eigen3/Eigen/src/plugins/IndexedViewMethods.h:157:3:[m[K [01;36m[Knote: [m[K‘[01m[KEigen::Matrix<float, -1, -1>::IsVectorAtCompileTime[m[K’ evaluates to false
[3.009s] /usr/include/eigen3/Eigen/src/plugins/IndexedViewMethods.h: In instantiation of ‘[01m[Ktypename Eigen::internal::enable_if<((! Eigen::DenseBase<Derived>::IsRowMajor) && (!((Eigen::internal::get_compile_time_incr<typename Eigen::DenseBase<Derived>::IvcType<Indices>::type>::value == 1) || Eigen::internal::is_valid_index_type<Indices>::value))), Eigen::IndexedView<Derived, typename Eigen::DenseBase<Derived>::IvcType<Indices>::type, Eigen::internal::SingleRange> >::type Eigen::DenseBase<Derived>::operator()(const Indices&) [with Indices = float; Derived = Eigen::Matrix<float, -1, -1>; typename Eigen::internal::enable_if<((! Eigen::DenseBase<Derived>::IsRowMajor) && (!((Eigen::internal::get_compile_time_incr<typename Eigen::DenseBase<Derived>::IvcType<Indices>::type>::value == 1) || Eigen::internal::is_valid_index_type<Indices>::value))), Eigen::IndexedView<Derived, typename Eigen::DenseBase<Derived>::IvcType<Indices>::type, Eigen::internal::SingleRange> >::type = Eigen::IndexedView<Eigen::Matrix<float, -1, -1>, float, Eigen::internal::SingleRange>; typename Eigen::DenseBase<Derived>::IvcType<Indices>::type = float][m[K’:
[3.009s] [01m[K/home/humble/ros_control_ws/src/rf2o_laser_odometry/src/CLaserOdometry2D.cpp:773:15:[m[K   required from here
[3.009s] [01m[K/usr/include/eigen3/Eigen/src/plugins/IndexedViewMethods.h:157:3:[m[K [01;31m[Kerror: [m[Kstatic assertion failed: YOU_TRIED_CALLING_A_VECTOR_METHOD_ON_A_MATRIX
[3.009s] [01m[K/usr/include/eigen3/Eigen/src/plugins/IndexedViewMethods.h:157:3:[m[K [01;36m[Knote: [m[K‘[01m[KEigen::Matrix<float, -1, -1>::IsVectorAtCompileTime[m[K’ evaluates to false
[12.204s] gmake[2]: *** [CMakeFiles/rf2o_laser_odometry_node.dir/build.make:90: CMakeFiles/rf2o_laser_odometry_node.dir/src/CLaserOdometry2D.cpp.o] Error 1
[12.204s] gmake[1]: *** [CMakeFiles/Makefile2:139: CMakeFiles/rf2o_laser_odometry_node.dir/all] Error 2
[12.204s] gmake[1]: *** Waiting for unfinished jobs....
[12.289s] gmake[2]: *** [CMakeFiles/rf2o_laser_odometry.dir/build.make:76: CMakeFiles/rf2o_laser_odometry.dir/src/CLaserOdometry2D.cpp.o] Error 1
[12.290s] gmake[1]: *** [CMakeFiles/Makefile2:165: CMakeFiles/rf2o_laser_odometry.dir/all] Error 2
[12.290s] gmake: *** [Makefile:146: all] Error 2
[12.292s] Invoked command in '/home/humble/ros_control_ws/build/rf2o_laser_odometry' returned '2': CMAKE_PREFIX_PATH=/opt/ros/humble /usr/bin/cmake --build /home/humble/ros_control_ws/build/rf2o_laser_odometry -- -j16 -l16
