[0.329s] DEBUG:colcon:Command line arguments: ['/usr/bin/colcon', 'build', '--packages-select', 'stacker_nav2']
[0.329s] DEBUG:colcon:Parsed command line arguments: Namespace(log_base=None, log_level=None, verb_name='build', build_base='build', install_base='install', merge_install=False, symlink_install=False, test_result_base=None, continue_on_error=False, executor='parallel', parallel_workers=16, event_handlers=None, ignore_user_meta=False, metas=['./colcon.meta'], base_paths=['.'], packages_ignore=None, packages_ignore_regex=None, paths=None, packages_up_to=None, packages_up_to_regex=None, packages_above=None, packages_above_and_dependencies=None, packages_above_depth=None, packages_select_by_dep=None, packages_skip_by_dep=None, packages_skip_up_to=None, packages_select_build_failed=False, packages_skip_build_finished=False, packages_select_test_failures=False, packages_skip_test_passed=False, packages_select=['stacker_nav2'], packages_skip=None, packages_select_regex=None, packages_skip_regex=None, packages_start=None, packages_end=None, allow_overriding=[], cmake_args=None, cmake_target=None, cmake_target_skip_unavailable=False, cmake_clean_cache=False, cmake_clean_first=False, cmake_force_configure=False, ament_cmake_args=None, catkin_cmake_args=None, catkin_skip_building_tests=False, verb_parser=<colcon_defaults.argument_parser.defaults.DefaultArgumentsDecorator object at 0x7f9c11fcbfd0>, verb_extension=<colcon_core.verb.build.BuildVerb object at 0x7f9c12989090>, main=<bound method BuildVerb.main of <colcon_core.verb.build.BuildVerb object at 0x7f9c12989090>>)
[0.367s] Level 1:colcon.colcon_core.package_discovery:discover_packages(colcon_meta) check parameters
[0.368s] Level 1:colcon.colcon_core.package_discovery:discover_packages(recursive) check parameters
[0.368s] Level 1:colcon.colcon_core.package_discovery:discover_packages(ignore) check parameters
[0.368s] Level 1:colcon.colcon_core.package_discovery:discover_packages(path) check parameters
[0.368s] Level 1:colcon.colcon_core.package_discovery:discover_packages(colcon_meta) discover
[0.368s] Level 1:colcon.colcon_core.package_discovery:discover_packages(recursive) discover
[0.368s] INFO:colcon.colcon_core.package_discovery:Crawling recursively for packages in '/home/humble/ros_control_ws'
[0.368s] Level 1:colcon.colcon_core.package_identification:_identify(.) by extensions ['ignore', 'ignore_ament_install']
[0.368s] Level 1:colcon.colcon_core.package_identification:_identify(.) by extension 'ignore'
[0.368s] Level 1:colcon.colcon_core.package_identification:_identify(.) by extension 'ignore_ament_install'
[0.368s] Level 1:colcon.colcon_core.package_identification:_identify(.) by extensions ['colcon_pkg']
[0.368s] Level 1:colcon.colcon_core.package_identification:_identify(.) by extension 'colcon_pkg'
[0.368s] Level 1:colcon.colcon_core.package_identification:_identify(.) by extensions ['colcon_meta']
[0.368s] Level 1:colcon.colcon_core.package_identification:_identify(.) by extension 'colcon_meta'
[0.368s] Level 1:colcon.colcon_core.package_identification:_identify(.) by extensions ['ros']
[0.368s] Level 1:colcon.colcon_core.package_identification:_identify(.) by extension 'ros'
[0.375s] Level 1:colcon.colcon_core.package_identification:_identify(.) by extensions ['cmake', 'python']
[0.375s] Level 1:colcon.colcon_core.package_identification:_identify(.) by extension 'cmake'
[0.375s] Level 1:colcon.colcon_core.package_identification:_identify(.) by extension 'python'
[0.375s] Level 1:colcon.colcon_core.package_identification:_identify(.) by extensions ['python_setup_py']
[0.375s] Level 1:colcon.colcon_core.package_identification:_identify(.) by extension 'python_setup_py'
[0.375s] Level 1:colcon.colcon_core.package_identification:_identify(build) by extensions ['ignore', 'ignore_ament_install']
[0.375s] Level 1:colcon.colcon_core.package_identification:_identify(build) by extension 'ignore'
[0.375s] Level 1:colcon.colcon_core.package_identification:_identify(build) ignored
[0.375s] Level 1:colcon.colcon_core.package_identification:_identify(install) by extensions ['ignore', 'ignore_ament_install']
[0.375s] Level 1:colcon.colcon_core.package_identification:_identify(install) by extension 'ignore'
[0.375s] Level 1:colcon.colcon_core.package_identification:_identify(install) ignored
[0.375s] Level 1:colcon.colcon_core.package_identification:_identify(log) by extensions ['ignore', 'ignore_ament_install']
[0.375s] Level 1:colcon.colcon_core.package_identification:_identify(log) by extension 'ignore'
[0.375s] Level 1:colcon.colcon_core.package_identification:_identify(log) ignored
[0.375s] Level 1:colcon.colcon_core.package_identification:_identify(src) by extensions ['ignore', 'ignore_ament_install']
[0.375s] Level 1:colcon.colcon_core.package_identification:_identify(src) by extension 'ignore'
[0.375s] Level 1:colcon.colcon_core.package_identification:_identify(src) by extension 'ignore_ament_install'
[0.375s] Level 1:colcon.colcon_core.package_identification:_identify(src) by extensions ['colcon_pkg']
[0.375s] Level 1:colcon.colcon_core.package_identification:_identify(src) by extension 'colcon_pkg'
[0.375s] Level 1:colcon.colcon_core.package_identification:_identify(src) by extensions ['colcon_meta']
[0.375s] Level 1:colcon.colcon_core.package_identification:_identify(src) by extension 'colcon_meta'
[0.375s] Level 1:colcon.colcon_core.package_identification:_identify(src) by extensions ['ros']
[0.375s] Level 1:colcon.colcon_core.package_identification:_identify(src) by extension 'ros'
[0.375s] Level 1:colcon.colcon_core.package_identification:_identify(src) by extensions ['cmake', 'python']
[0.375s] Level 1:colcon.colcon_core.package_identification:_identify(src) by extension 'cmake'
[0.375s] Level 1:colcon.colcon_core.package_identification:_identify(src) by extension 'python'
[0.375s] Level 1:colcon.colcon_core.package_identification:_identify(src) by extensions ['python_setup_py']
[0.376s] Level 1:colcon.colcon_core.package_identification:_identify(src) by extension 'python_setup_py'
[0.376s] Level 1:colcon.colcon_core.package_identification:_identify(src/gazebo_ros2_control_demos) by extensions ['ignore', 'ignore_ament_install']
[0.376s] Level 1:colcon.colcon_core.package_identification:_identify(src/gazebo_ros2_control_demos) by extension 'ignore'
[0.376s] Level 1:colcon.colcon_core.package_identification:_identify(src/gazebo_ros2_control_demos) by extension 'ignore_ament_install'
[0.376s] Level 1:colcon.colcon_core.package_identification:_identify(src/gazebo_ros2_control_demos) by extensions ['colcon_pkg']
[0.376s] Level 1:colcon.colcon_core.package_identification:_identify(src/gazebo_ros2_control_demos) by extension 'colcon_pkg'
[0.376s] Level 1:colcon.colcon_core.package_identification:_identify(src/gazebo_ros2_control_demos) by extensions ['colcon_meta']
[0.376s] Level 1:colcon.colcon_core.package_identification:_identify(src/gazebo_ros2_control_demos) by extension 'colcon_meta'
[0.376s] Level 1:colcon.colcon_core.package_identification:_identify(src/gazebo_ros2_control_demos) by extensions ['ros']
[0.376s] Level 1:colcon.colcon_core.package_identification:_identify(src/gazebo_ros2_control_demos) by extension 'ros'
[0.378s] DEBUG:colcon.colcon_core.package_identification:Package 'src/gazebo_ros2_control_demos' with type 'ros.ament_cmake' and name 'gazebo_ros2_control_demos'
[0.378s] Level 1:colcon.colcon_core.package_identification:_identify(src/stacker_cartographer) by extensions ['ignore', 'ignore_ament_install']
[0.378s] Level 1:colcon.colcon_core.package_identification:_identify(src/stacker_cartographer) by extension 'ignore'
[0.378s] Level 1:colcon.colcon_core.package_identification:_identify(src/stacker_cartographer) by extension 'ignore_ament_install'
[0.378s] Level 1:colcon.colcon_core.package_identification:_identify(src/stacker_cartographer) by extensions ['colcon_pkg']
[0.378s] Level 1:colcon.colcon_core.package_identification:_identify(src/stacker_cartographer) by extension 'colcon_pkg'
[0.378s] Level 1:colcon.colcon_core.package_identification:_identify(src/stacker_cartographer) by extensions ['colcon_meta']
[0.378s] Level 1:colcon.colcon_core.package_identification:_identify(src/stacker_cartographer) by extension 'colcon_meta'
[0.378s] Level 1:colcon.colcon_core.package_identification:_identify(src/stacker_cartographer) by extensions ['ros']
[0.378s] Level 1:colcon.colcon_core.package_identification:_identify(src/stacker_cartographer) by extension 'ros'
[0.378s] DEBUG:colcon.colcon_core.package_identification:Package 'src/stacker_cartographer' with type 'ros.ament_cmake' and name 'stacker_cartographer'
[0.378s] Level 1:colcon.colcon_core.package_identification:_identify(src/stacker_description) by extensions ['ignore', 'ignore_ament_install']
[0.378s] Level 1:colcon.colcon_core.package_identification:_identify(src/stacker_description) by extension 'ignore'
[0.378s] Level 1:colcon.colcon_core.package_identification:_identify(src/stacker_description) by extension 'ignore_ament_install'
[0.378s] Level 1:colcon.colcon_core.package_identification:_identify(src/stacker_description) by extensions ['colcon_pkg']
[0.378s] Level 1:colcon.colcon_core.package_identification:_identify(src/stacker_description) by extension 'colcon_pkg'
[0.378s] Level 1:colcon.colcon_core.package_identification:_identify(src/stacker_description) by extensions ['colcon_meta']
[0.378s] Level 1:colcon.colcon_core.package_identification:_identify(src/stacker_description) by extension 'colcon_meta'
[0.378s] Level 1:colcon.colcon_core.package_identification:_identify(src/stacker_description) by extensions ['ros']
[0.378s] Level 1:colcon.colcon_core.package_identification:_identify(src/stacker_description) by extension 'ros'
[0.379s] DEBUG:colcon.colcon_core.package_identification:Package 'src/stacker_description' with type 'ros.ament_cmake' and name 'stacker_description'
[0.379s] Level 1:colcon.colcon_core.package_identification:_identify(src/stacker_nav2) by extensions ['ignore', 'ignore_ament_install']
[0.379s] Level 1:colcon.colcon_core.package_identification:_identify(src/stacker_nav2) by extension 'ignore'
[0.379s] Level 1:colcon.colcon_core.package_identification:_identify(src/stacker_nav2) by extension 'ignore_ament_install'
[0.379s] Level 1:colcon.colcon_core.package_identification:_identify(src/stacker_nav2) by extensions ['colcon_pkg']
[0.379s] Level 1:colcon.colcon_core.package_identification:_identify(src/stacker_nav2) by extension 'colcon_pkg'
[0.379s] Level 1:colcon.colcon_core.package_identification:_identify(src/stacker_nav2) by extensions ['colcon_meta']
[0.379s] Level 1:colcon.colcon_core.package_identification:_identify(src/stacker_nav2) by extension 'colcon_meta'
[0.379s] Level 1:colcon.colcon_core.package_identification:_identify(src/stacker_nav2) by extensions ['ros']
[0.379s] Level 1:colcon.colcon_core.package_identification:_identify(src/stacker_nav2) by extension 'ros'
[0.380s] DEBUG:colcon.colcon_core.package_identification:Package 'src/stacker_nav2' with type 'ros.ament_cmake' and name 'stacker_nav2'
[0.380s] Level 1:colcon.colcon_core.package_discovery:discover_packages(recursive) using defaults
[0.380s] Level 1:colcon.colcon_core.package_discovery:discover_packages(ignore) discover
[0.380s] Level 1:colcon.colcon_core.package_discovery:discover_packages(ignore) using defaults
[0.380s] Level 1:colcon.colcon_core.package_discovery:discover_packages(path) discover
[0.380s] Level 1:colcon.colcon_core.package_discovery:discover_packages(path) using defaults
[0.401s] INFO:colcon.colcon_core.package_selection:Skipping not selected package 'gazebo_ros2_control_demos' in 'src/gazebo_ros2_control_demos'
[0.401s] INFO:colcon.colcon_core.package_selection:Skipping not selected package 'stacker_cartographer' in 'src/stacker_cartographer'
[0.401s] INFO:colcon.colcon_core.package_selection:Skipping not selected package 'stacker_description' in 'src/stacker_description'
[0.402s] Level 1:colcon.colcon_core.package_discovery:discover_packages(prefix_path) check parameters
[0.402s] Level 1:colcon.colcon_core.package_discovery:discover_packages(prefix_path) discover
[0.405s] DEBUG:colcon.colcon_installed_package_information.package_discovery:Found 3 installed packages in /home/humble/ros_control_ws/install
[0.406s] DEBUG:colcon.colcon_installed_package_information.package_discovery:Found 360 installed packages in /opt/ros/humble
[0.407s] Level 1:colcon.colcon_core.package_discovery:discover_packages(prefix_path) using defaults
[0.455s] Level 5:colcon.colcon_core.verb:set package 'stacker_nav2' build argument 'cmake_args' from command line to 'None'
[0.455s] Level 5:colcon.colcon_core.verb:set package 'stacker_nav2' build argument 'cmake_target' from command line to 'None'
[0.455s] Level 5:colcon.colcon_core.verb:set package 'stacker_nav2' build argument 'cmake_target_skip_unavailable' from command line to 'False'
[0.455s] Level 5:colcon.colcon_core.verb:set package 'stacker_nav2' build argument 'cmake_clean_cache' from command line to 'False'
[0.455s] Level 5:colcon.colcon_core.verb:set package 'stacker_nav2' build argument 'cmake_clean_first' from command line to 'False'
[0.455s] Level 5:colcon.colcon_core.verb:set package 'stacker_nav2' build argument 'cmake_force_configure' from command line to 'False'
[0.455s] Level 5:colcon.colcon_core.verb:set package 'stacker_nav2' build argument 'ament_cmake_args' from command line to 'None'
[0.455s] Level 5:colcon.colcon_core.verb:set package 'stacker_nav2' build argument 'catkin_cmake_args' from command line to 'None'
[0.455s] Level 5:colcon.colcon_core.verb:set package 'stacker_nav2' build argument 'catkin_skip_building_tests' from command line to 'False'
[0.455s] DEBUG:colcon.colcon_core.verb:Building package 'stacker_nav2' with the following arguments: {'ament_cmake_args': None, 'build_base': '/home/humble/ros_control_ws/build/stacker_nav2', 'catkin_cmake_args': None, 'catkin_skip_building_tests': False, 'cmake_args': None, 'cmake_clean_cache': False, 'cmake_clean_first': False, 'cmake_force_configure': False, 'cmake_target': None, 'cmake_target_skip_unavailable': False, 'install_base': '/home/humble/ros_control_ws/install/stacker_nav2', 'merge_install': False, 'path': '/home/humble/ros_control_ws/src/stacker_nav2', 'symlink_install': False, 'test_result_base': None}
[0.455s] INFO:colcon.colcon_core.executor:Executing jobs using 'parallel' executor
[0.458s] DEBUG:colcon.colcon_parallel_executor.executor.parallel:run_until_complete
[0.458s] INFO:colcon.colcon_ros.task.ament_cmake.build:Building ROS package in '/home/humble/ros_control_ws/src/stacker_nav2' with build type 'ament_cmake'
[0.458s] INFO:colcon.colcon_cmake.task.cmake.build:Building CMake package in '/home/humble/ros_control_ws/src/stacker_nav2'
[0.465s] INFO:colcon.colcon_core.plugin_system:Skipping extension 'colcon_core.shell.bat': Not used on non-Windows systems
[0.465s] INFO:colcon.colcon_core.shell:Skip shell extension 'powershell' for command environment: Not usable outside of PowerShell
[0.465s] DEBUG:colcon.colcon_core.shell:Skip shell extension 'dsv' for command environment
[0.472s] DEBUG:colcon.colcon_core.event_handler.log_command:Invoking command in '/home/humble/ros_control_ws/build/stacker_nav2': CMAKE_PREFIX_PATH=${CMAKE_PREFIX_PATH}:/opt/ros/humble /usr/bin/cmake /home/humble/ros_control_ws/src/stacker_nav2 -DCMAKE_INSTALL_PREFIX=/home/humble/ros_control_ws/install/stacker_nav2
[1.042s] DEBUG:colcon.colcon_core.event_handler.log_command:Invoked command in '/home/humble/ros_control_ws/build/stacker_nav2' returned '0': CMAKE_PREFIX_PATH=${CMAKE_PREFIX_PATH}:/opt/ros/humble /usr/bin/cmake /home/humble/ros_control_ws/src/stacker_nav2 -DCMAKE_INSTALL_PREFIX=/home/humble/ros_control_ws/install/stacker_nav2
[1.043s] DEBUG:colcon.colcon_core.event_handler.log_command:Invoking command in '/home/humble/ros_control_ws/build/stacker_nav2': CMAKE_PREFIX_PATH=${CMAKE_PREFIX_PATH}:/opt/ros/humble /usr/bin/cmake --build /home/humble/ros_control_ws/build/stacker_nav2 -- -j16 -l16
[1.073s] DEBUG:colcon.colcon_core.event_handler.log_command:Invoked command in '/home/humble/ros_control_ws/build/stacker_nav2' returned '0': CMAKE_PREFIX_PATH=${CMAKE_PREFIX_PATH}:/opt/ros/humble /usr/bin/cmake --build /home/humble/ros_control_ws/build/stacker_nav2 -- -j16 -l16
[1.109s] DEBUG:colcon.colcon_core.event_handler.log_command:Invoking command in '/home/humble/ros_control_ws/build/stacker_nav2': CMAKE_PREFIX_PATH=${CMAKE_PREFIX_PATH}:/opt/ros/humble /usr/bin/cmake --install /home/humble/ros_control_ws/build/stacker_nav2
[1.133s] Level 1:colcon.colcon_core.environment:create_environment_scripts_only(stacker_nav2)
[1.135s] DEBUG:colcon.colcon_core.event_handler.log_command:Invoked command in '/home/humble/ros_control_ws/build/stacker_nav2' returned '0': CMAKE_PREFIX_PATH=${CMAKE_PREFIX_PATH}:/opt/ros/humble /usr/bin/cmake --install /home/humble/ros_control_ws/build/stacker_nav2
[1.148s] Level 1:colcon.colcon_core.environment:checking '/home/humble/ros_control_ws/install/stacker_nav2' for CMake module files
[1.149s] Level 1:colcon.colcon_core.environment:checking '/home/humble/ros_control_ws/install/stacker_nav2' for CMake config files
[1.149s] Level 1:colcon.colcon_core.shell:create_environment_hook('stacker_nav2', 'cmake_prefix_path')
[1.150s] INFO:colcon.colcon_core.shell:Creating environment hook '/home/humble/ros_control_ws/install/stacker_nav2/share/stacker_nav2/hook/cmake_prefix_path.ps1'
[1.152s] INFO:colcon.colcon_core.shell:Creating environment descriptor '/home/humble/ros_control_ws/install/stacker_nav2/share/stacker_nav2/hook/cmake_prefix_path.dsv'
[1.152s] INFO:colcon.colcon_core.shell:Creating environment hook '/home/humble/ros_control_ws/install/stacker_nav2/share/stacker_nav2/hook/cmake_prefix_path.sh'
[1.154s] Level 1:colcon.colcon_core.environment:checking '/home/humble/ros_control_ws/install/stacker_nav2/bin'
[1.154s] Level 1:colcon.colcon_core.environment:checking '/home/humble/ros_control_ws/install/stacker_nav2/lib/pkgconfig/stacker_nav2.pc'
[1.154s] Level 1:colcon.colcon_core.environment:checking '/home/humble/ros_control_ws/install/stacker_nav2/lib/python3.10/site-packages'
[1.154s] Level 1:colcon.colcon_core.environment:checking '/home/humble/ros_control_ws/install/stacker_nav2/bin'
[1.155s] INFO:colcon.colcon_core.shell:Creating package script '/home/humble/ros_control_ws/install/stacker_nav2/share/stacker_nav2/package.ps1'
[1.156s] INFO:colcon.colcon_core.shell:Creating package descriptor '/home/humble/ros_control_ws/install/stacker_nav2/share/stacker_nav2/package.dsv'
[1.157s] INFO:colcon.colcon_core.shell:Creating package script '/home/humble/ros_control_ws/install/stacker_nav2/share/stacker_nav2/package.sh'
[1.158s] INFO:colcon.colcon_core.shell:Creating package script '/home/humble/ros_control_ws/install/stacker_nav2/share/stacker_nav2/package.bash'
[1.159s] INFO:colcon.colcon_core.shell:Creating package script '/home/humble/ros_control_ws/install/stacker_nav2/share/stacker_nav2/package.zsh'
[1.160s] Level 1:colcon.colcon_core.environment:create_file_with_runtime_dependencies(/home/humble/ros_control_ws/install/stacker_nav2/share/colcon-core/packages/stacker_nav2)
[1.177s] Level 1:colcon.colcon_core.environment:create_environment_scripts_only(stacker_nav2)
[1.179s] Level 1:colcon.colcon_core.environment:checking '/home/humble/ros_control_ws/install/stacker_nav2' for CMake module files
[1.180s] Level 1:colcon.colcon_core.environment:checking '/home/humble/ros_control_ws/install/stacker_nav2' for CMake config files
[1.180s] Level 1:colcon.colcon_core.shell:create_environment_hook('stacker_nav2', 'cmake_prefix_path')
[1.181s] INFO:colcon.colcon_core.shell:Creating environment hook '/home/humble/ros_control_ws/install/stacker_nav2/share/stacker_nav2/hook/cmake_prefix_path.ps1'
[1.182s] INFO:colcon.colcon_core.shell:Creating environment descriptor '/home/humble/ros_control_ws/install/stacker_nav2/share/stacker_nav2/hook/cmake_prefix_path.dsv'
[1.182s] INFO:colcon.colcon_core.shell:Creating environment hook '/home/humble/ros_control_ws/install/stacker_nav2/share/stacker_nav2/hook/cmake_prefix_path.sh'
[1.183s] Level 1:colcon.colcon_core.environment:checking '/home/humble/ros_control_ws/install/stacker_nav2/bin'
[1.183s] Level 1:colcon.colcon_core.environment:checking '/home/humble/ros_control_ws/install/stacker_nav2/lib/pkgconfig/stacker_nav2.pc'
[1.183s] Level 1:colcon.colcon_core.environment:checking '/home/humble/ros_control_ws/install/stacker_nav2/lib/python3.10/site-packages'
[1.183s] Level 1:colcon.colcon_core.environment:checking '/home/humble/ros_control_ws/install/stacker_nav2/bin'
[1.184s] INFO:colcon.colcon_core.shell:Creating package script '/home/humble/ros_control_ws/install/stacker_nav2/share/stacker_nav2/package.ps1'
[1.184s] INFO:colcon.colcon_core.shell:Creating package descriptor '/home/humble/ros_control_ws/install/stacker_nav2/share/stacker_nav2/package.dsv'
[1.185s] INFO:colcon.colcon_core.shell:Creating package script '/home/humble/ros_control_ws/install/stacker_nav2/share/stacker_nav2/package.sh'
[1.185s] INFO:colcon.colcon_core.shell:Creating package script '/home/humble/ros_control_ws/install/stacker_nav2/share/stacker_nav2/package.bash'
[1.186s] INFO:colcon.colcon_core.shell:Creating package script '/home/humble/ros_control_ws/install/stacker_nav2/share/stacker_nav2/package.zsh'
[1.186s] Level 1:colcon.colcon_core.environment:create_file_with_runtime_dependencies(/home/humble/ros_control_ws/install/stacker_nav2/share/colcon-core/packages/stacker_nav2)
[1.186s] DEBUG:colcon.colcon_parallel_executor.executor.parallel:closing loop
[1.186s] DEBUG:colcon.colcon_parallel_executor.executor.parallel:loop closed
[1.186s] DEBUG:colcon.colcon_parallel_executor.executor.parallel:run_until_complete finished with '0'
[1.186s] DEBUG:colcon.colcon_core.event_reactor:joining thread
[1.192s] INFO:colcon.colcon_core.plugin_system:Skipping extension 'colcon_notification.desktop_notification.terminal_notifier': Not used on non-Darwin systems
[1.193s] INFO:colcon.colcon_core.plugin_system:Skipping extension 'colcon_notification.desktop_notification.win32': Not used on non-Windows systems
[1.193s] INFO:colcon.colcon_notification.desktop_notification:Sending desktop notification using 'notify2'
[1.207s] DEBUG:colcon.colcon_core.event_reactor:joined thread
[1.208s] INFO:colcon.colcon_core.shell:Creating prefix script '/home/humble/ros_control_ws/install/local_setup.ps1'
[1.209s] INFO:colcon.colcon_core.shell:Creating prefix util module '/home/humble/ros_control_ws/install/_local_setup_util_ps1.py'
[1.211s] INFO:colcon.colcon_core.shell:Creating prefix chain script '/home/humble/ros_control_ws/install/setup.ps1'
[1.212s] INFO:colcon.colcon_core.shell:Creating prefix script '/home/humble/ros_control_ws/install/local_setup.sh'
[1.220s] INFO:colcon.colcon_core.shell:Creating prefix util module '/home/humble/ros_control_ws/install/_local_setup_util_sh.py'
[1.221s] INFO:colcon.colcon_core.shell:Creating prefix chain script '/home/humble/ros_control_ws/install/setup.sh'
[1.223s] INFO:colcon.colcon_core.shell:Creating prefix script '/home/humble/ros_control_ws/install/local_setup.bash'
[1.228s] INFO:colcon.colcon_core.shell:Creating prefix chain script '/home/humble/ros_control_ws/install/setup.bash'
[1.230s] INFO:colcon.colcon_core.shell:Creating prefix script '/home/humble/ros_control_ws/install/local_setup.zsh'
[1.231s] INFO:colcon.colcon_core.shell:Creating prefix chain script '/home/humble/ros_control_ws/install/setup.zsh'
