[0.009s] Invoking command in '/home/humble/ros_control_ws/build/rf2o_laser_odometry': CMAKE_PREFIX_PATH=/opt/ros/humble /usr/bin/cmake --build /home/humble/ros_control_ws/build/rf2o_laser_odometry -- -j16 -l16
[0.040s] [35m[1mConsolidate compiler generated dependencies of target rf2o_laser_odometry[0m
[0.042s] [35m[1mConsolidate compiler generated dependencies of target rf2o_laser_odometry_node[0m
[0.055s] [ 20%] [32mBuilding CXX object CMakeFiles/rf2o_laser_odometry.dir/src/CLaserOdometry2D.cpp.o[0m
[0.071s] [ 40%] [32mBuilding CXX object CMakeFiles/rf2o_laser_odometry_node.dir/src/CLaserOdometry2D.cpp.o[0m
[2.752s] [01m[K/home/humble/ros_control_ws/src/rf2o_laser_odometry/src/CLaserOdometry2D.cpp:[m[K In member function ‘[01m[Kvoid rf2o::CLaserOdometry2D::performWarping()[m[K’:
[2.752s] [01m[K/home/humble/ros_control_ws/src/rf2o_laser_odometry/src/CLaserOdometry2D.cpp:771:53:[m[K [01;31m[Kerror: [m[Kno match for ‘[01m[Koperator=[m[K’ (operand types are ‘[01m[KEigen::internal::enable_if<true, Eigen::IndexedView<Eigen::Matrix<float, -1, -1>, double, Eigen::internal::SingleRange> >::type[m[K’ {aka ‘[01m[KEigen::IndexedView<Eigen::Matrix<float, -1, -1>, double, Eigen::internal::SingleRange>[m[K’} and ‘[01m[Kconst float[m[K’)
[2.752s]   771 |           range_warped[image_level](round(uwarp)) = [01;31m[Krange_w[m[K;
[2.752s]       |                                                     [01;31m[K^~~~~~~[m[K
[2.752s] In file included from [01m[K/usr/include/eigen3/Eigen/Core:273[m[K,
[2.752s]                  from [01m[K/usr/include/eigen3/Eigen/Dense:1[m[K,
[2.752s]                  from [01m[K/home/humble/ros_control_ws/src/rf2o_laser_odometry/include/rf2o_laser_odometry/CLaserOdometry2D.h:33[m[K,
[2.752s]                  from [01m[K/home/humble/ros_control_ws/src/rf2o_laser_odometry/src/CLaserOdometry2D.cpp:18[m[K:
[2.752s] [01m[K/usr/include/eigen3/Eigen/src/Core/MatrixBase.h:154:14:[m[K [01;36m[Knote: [m[Kcandidate: ‘[01m[Ktemplate<class OtherDerived> Derived& Eigen::MatrixBase<Derived>::operator=(const Eigen::ReturnByValue<OtherDerived>&) [with OtherDerived = OtherDerived; Derived = Eigen::IndexedView<Eigen::Matrix<float, -1, -1>, double, Eigen::internal::SingleRange>][m[K’
[2.752s]   154 |     Derived& [01;36m[Koperator[m[K=(const ReturnByValue<OtherDerived>& other);
[2.752s]       |              [01;36m[K^~~~~~~~[m[K
[2.752s] [01m[K/usr/include/eigen3/Eigen/src/Core/MatrixBase.h:154:14:[m[K [01;36m[Knote: [m[K  template argument deduction/substitution failed:
[2.752s] [01m[K/home/humble/ros_control_ws/src/rf2o_laser_odometry/src/CLaserOdometry2D.cpp:771:53:[m[K [01;36m[Knote: [m[K  mismatched types ‘[01m[Kconst Eigen::ReturnByValue<Derived>[m[K’ and ‘[01m[Kconst float[m[K’
[2.752s]   771 |           range_warped[image_level](round(uwarp)) = [01;36m[Krange_w[m[K;
[2.752s]       |                                                     [01;36m[K^~~~~~~[m[K
[2.752s] In file included from [01m[K/usr/include/eigen3/Eigen/Core:273[m[K,
[2.752s]                  from [01m[K/usr/include/eigen3/Eigen/Dense:1[m[K,
[2.752s]                  from [01m[K/home/humble/ros_control_ws/src/rf2o_laser_odometry/include/rf2o_laser_odometry/CLaserOdometry2D.h:33[m[K,
[2.752s]                  from [01m[K/home/humble/ros_control_ws/src/rf2o_laser_odometry/src/CLaserOdometry2D.cpp:18[m[K:
[2.752s] [01m[K/usr/include/eigen3/Eigen/src/Core/MatrixBase.h:150:14:[m[K [01;36m[Knote: [m[Kcandidate: ‘[01m[Ktemplate<class OtherDerived> Derived& Eigen::MatrixBase<Derived>::operator=(const Eigen::EigenBase<OtherDerived>&) [with OtherDerived = OtherDerived; Derived = Eigen::IndexedView<Eigen::Matrix<float, -1, -1>, double, Eigen::internal::SingleRange>][m[K’
[2.752s]   150 |     Derived& [01;36m[Koperator[m[K=(const EigenBase<OtherDerived>& other);
[2.752s]       |              [01;36m[K^~~~~~~~[m[K
[2.752s] [01m[K/usr/include/eigen3/Eigen/src/Core/MatrixBase.h:150:14:[m[K [01;36m[Knote: [m[K  template argument deduction/substitution failed:
[2.752s] [01m[K/home/humble/ros_control_ws/src/rf2o_laser_odometry/src/CLaserOdometry2D.cpp:771:53:[m[K [01;36m[Knote: [m[K  mismatched types ‘[01m[Kconst Eigen::EigenBase<Derived>[m[K’ and ‘[01m[Kconst float[m[K’
[2.753s]   771 |           range_warped[image_level](round(uwarp)) = [01;36m[Krange_w[m[K;
[2.753s]       |                                                     [01;36m[K^~~~~~~[m[K
[2.753s] In file included from [01m[K/usr/include/eigen3/Eigen/Core:273[m[K,
[2.753s]                  from [01m[K/usr/include/eigen3/Eigen/Dense:1[m[K,
[2.753s]                  from [01m[K/home/humble/ros_control_ws/src/rf2o_laser_odometry/include/rf2o_laser_odometry/CLaserOdometry2D.h:33[m[K,
[2.753s]                  from [01m[K/home/humble/ros_control_ws/src/rf2o_laser_odometry/src/CLaserOdometry2D.cpp:18[m[K:
[2.753s] [01m[K/usr/include/eigen3/Eigen/src/Core/MatrixBase.h:146:14:[m[K [01;36m[Knote: [m[Kcandidate: ‘[01m[Ktemplate<class OtherDerived> Derived& Eigen::MatrixBase<Derived>::operator=(const Eigen::DenseBase<OtherDerived>&) [with OtherDerived = OtherDerived; Derived = Eigen::IndexedView<Eigen::Matrix<float, -1, -1>, double, Eigen::internal::SingleRange>][m[K’
[2.753s]   146 |     Derived& [01;36m[Koperator[m[K=(const DenseBase<OtherDerived>& other);
[2.753s]       |              [01;36m[K^~~~~~~~[m[K
[2.753s] [01m[K/usr/include/eigen3/Eigen/src/Core/MatrixBase.h:146:14:[m[K [01;36m[Knote: [m[K  template argument deduction/substitution failed:
[2.753s] [01m[K/home/humble/ros_control_ws/src/rf2o_laser_odometry/src/CLaserOdometry2D.cpp:771:53:[m[K [01;36m[Knote: [m[K  mismatched types ‘[01m[Kconst Eigen::DenseBase<Derived>[m[K’ and ‘[01m[Kconst float[m[K’
[2.753s]   771 |           range_warped[image_level](round(uwarp)) = [01;36m[Krange_w[m[K;
[2.753s]       |                                                     [01;36m[K^~~~~~~[m[K
[2.753s] In file included from [01m[K/usr/include/eigen3/Eigen/Core:19[m[K,
[2.753s]                  from [01m[K/usr/include/eigen3/Eigen/Dense:1[m[K,
[2.753s]                  from [01m[K/home/humble/ros_control_ws/src/rf2o_laser_odometry/include/rf2o_laser_odometry/CLaserOdometry2D.h:33[m[K,
[2.753s]                  from [01m[K/home/humble/ros_control_ws/src/rf2o_laser_odometry/src/CLaserOdometry2D.cpp:18[m[K:
[2.753s] [01m[K/usr/include/eigen3/Eigen/src/Core/IndexedView.h:114:3:[m[K [01;36m[Knote: [m[Kcandidate: ‘[01m[KEigen::IndexedView<XprType, RowIndices, ColIndices>& Eigen::IndexedView<XprType, RowIndices, ColIndices>::operator=(const Eigen::IndexedView<XprType, RowIndices, ColIndices>&) [with XprType = Eigen::Matrix<float, -1, -1>; RowIndices = double; ColIndices = Eigen::internal::SingleRange][m[K’
[2.753s]   114 |   [01;36m[KEIGEN_INHERIT_ASSIGNMENT_OPERATORS[m[K(IndexedView)
[2.753s]       |   [01;36m[K^~~~~~~~~~~~~~~~~~~~~~~~~~~~~~~~~~[m[K
[2.753s] [01m[K/usr/include/eigen3/Eigen/src/Core/IndexedView.h:114:3:[m[K [01;36m[Knote: [m[K  no known conversion for argument 1 from ‘[01m[Kconst float[m[K’ to ‘[01m[Kconst Eigen::IndexedView<Eigen::Matrix<float, -1, -1>, double, Eigen::internal::SingleRange>&[m[K’
[2.753s]   114 |   [01;36m[KEIGEN_INHERIT_ASSIGNMENT_OPERATORS[m[K(IndexedView)
[2.753s]       |   [01;36m[K^~~~~~~~~~~~~~~~~~~~~~~~~~~~~~~~~~[m[K
[2.753s] In file included from [01m[K/usr/include/eigen3/Eigen/Core:282[m[K,
[2.753s]                  from [01m[K/usr/include/eigen3/Eigen/Dense:1[m[K,
[2.753s]                  from [01m[K/home/humble/ros_control_ws/src/rf2o_laser_odometry/include/rf2o_laser_odometry/CLaserOdometry2D.h:33[m[K,
[2.753s]                  from [01m[K/home/humble/ros_control_ws/src/rf2o_laser_odometry/src/CLaserOdometry2D.cpp:18[m[K:
[2.753s] [01m[K/usr/include/eigen3/Eigen/src/Core/Assign.h:55:30:[m[K [01;36m[Knote: [m[Kcandidate: ‘[01m[KDerived& Eigen::MatrixBase<Derived>::operator=(const Eigen::MatrixBase<Derived>&) [with Derived = Eigen::IndexedView<Eigen::Matrix<float, -1, -1>, double, Eigen::internal::SingleRange>][m[K’
[2.754s]    55 | EIGEN_STRONG_INLINE Derived& [01;36m[KMatrixBase<Derived>[m[K::operator=(const MatrixBase& other)
[2.754s]       |                              [01;36m[K^~~~~~~~~~~~~~~~~~~[m[K
[2.754s] [01m[K/usr/include/eigen3/Eigen/src/Core/Assign.h:55:79:[m[K [01;36m[Knote: [m[K  no known conversion for argument 1 from ‘[01m[Kconst float[m[K’ to ‘[01m[Kconst Eigen::MatrixBase<Eigen::IndexedView<Eigen::Matrix<float, -1, -1>, double, Eigen::internal::SingleRange> >&[m[K’
[2.754s]    55 | EIGEN_STRONG_INLINE Derived& MatrixBase<Derived>::operator=([01;36m[Kconst MatrixBase& other[m[K)
[2.754s]       |                                                             [01;36m[K~~~~~~~~~~~~~~~~~~^~~~~[m[K
[2.761s] [01m[K/home/humble/ros_control_ws/src/rf2o_laser_odometry/src/CLaserOdometry2D.cpp:772:35:[m[K [01;31m[Kerror: [m[Kno match for ‘[01m[Koperator+=[m[K’ (operand types are ‘[01m[KEigen::internal::enable_if<true, Eigen::IndexedView<Eigen::Matrix<float, -1, -1>, float, Eigen::internal::SingleRange> >::type[m[K’ {aka ‘[01m[KEigen::IndexedView<Eigen::Matrix<float, -1, -1>, float, Eigen::internal::SingleRange>[m[K’} and ‘[01m[Kfloat[m[K’)
[2.761s]   772 |           [01;31m[Kwacu(std::round(uwarp)) += 1.f[m[K;
[2.761s]       |           [01;31m[K~~~~~~~~~~~~~~~~~~~~~~~~^~~~~~[m[K
[2.761s] In file included from [01m[K/usr/include/eigen3/Eigen/Core:273[m[K,
[2.761s]                  from [01m[K/usr/include/eigen3/Eigen/Dense:1[m[K,
[2.761s]                  from [01m[K/home/humble/ros_control_ws/src/rf2o_laser_odometry/include/rf2o_laser_odometry/CLaserOdometry2D.h:33[m[K,
[2.761s]                  from [01m[K/home/humble/ros_control_ws/src/rf2o_laser_odometry/src/CLaserOdometry2D.cpp:18[m[K:
[2.761s] [01m[K/usr/include/eigen3/Eigen/src/Core/MatrixBase.h:158:14:[m[K [01;36m[Knote: [m[Kcandidate: ‘[01m[Ktemplate<class OtherDerived> Derived& Eigen::MatrixBase<Derived>::operator+=(const Eigen::MatrixBase<OtherDerived>&) [with OtherDerived = OtherDerived; Derived = Eigen::IndexedView<Eigen::Matrix<float, -1, -1>, float, Eigen::internal::SingleRange>][m[K’
[2.761s]   158 |     Derived& [01;36m[Koperator[m[K+=(const MatrixBase<OtherDerived>& other);
[2.761s]       |              [01;36m[K^~~~~~~~[m[K
[2.761s] [01m[K/usr/include/eigen3/Eigen/src/Core/MatrixBase.h:158:14:[m[K [01;36m[Knote: [m[K  template argument deduction/substitution failed:
[2.761s] [01m[K/home/humble/ros_control_ws/src/rf2o_laser_odometry/src/CLaserOdometry2D.cpp:772:38:[m[K [01;36m[Knote: [m[K  mismatched types ‘[01m[Kconst Eigen::MatrixBase<Derived>[m[K’ and ‘[01m[Kfloat[m[K’
[2.761s]   772 |           wacu(std::round(uwarp)) += [01;36m[K1.f[m[K;
[2.761s]       |                                      [01;36m[K^~~[m[K
[2.761s] In file included from [01m[K/usr/include/eigen3/Eigen/Core:273[m[K,
[2.761s]                  from [01m[K/usr/include/eigen3/Eigen/Dense:1[m[K,
[2.761s]                  from [01m[K/home/humble/ros_control_ws/src/rf2o_laser_odometry/include/rf2o_laser_odometry/CLaserOdometry2D.h:33[m[K,
[2.761s]                  from [01m[K/home/humble/ros_control_ws/src/rf2o_laser_odometry/src/CLaserOdometry2D.cpp:18[m[K:
[2.761s] [01m[K/usr/include/eigen3/Eigen/src/Core/MatrixBase.h:493:46:[m[K [01;36m[Knote: [m[Kcandidate: ‘[01m[Ktemplate<class OtherDerived> Derived& Eigen::MatrixBase<Derived>::operator+=(const Eigen::ArrayBase<OtherDerived>&) [with OtherDerived = OtherDerived; Derived = Eigen::IndexedView<Eigen::Matrix<float, -1, -1>, float, Eigen::internal::SingleRange>][m[K’
[2.761s]   493 |     template<typename OtherDerived> Derived& [01;36m[Koperator[m[K+=(const ArrayBase<OtherDerived>& )
[2.761s]       |                                              [01;36m[K^~~~~~~~[m[K
[2.761s] [01m[K/usr/include/eigen3/Eigen/src/Core/MatrixBase.h:493:46:[m[K [01;36m[Knote: [m[K  template argument deduction/substitution failed:
[2.761s] [01m[K/home/humble/ros_control_ws/src/rf2o_laser_odometry/src/CLaserOdometry2D.cpp:772:38:[m[K [01;36m[Knote: [m[K  mismatched types ‘[01m[Kconst Eigen::ArrayBase<Derived>[m[K’ and ‘[01m[Kfloat[m[K’
[2.761s]   772 |           wacu(std::round(uwarp)) += [01;36m[K1.f[m[K;
[2.761s]       |                                      [01;36m[K^~~[m[K
[2.761s] In file included from [01m[K/usr/include/eigen3/Eigen/Core:272[m[K,
[2.761s]                  from [01m[K/usr/include/eigen3/Eigen/Dense:1[m[K,
[2.761s]                  from [01m[K/home/humble/ros_control_ws/src/rf2o_laser_odometry/include/rf2o_laser_odometry/CLaserOdometry2D.h:33[m[K,
[2.762s]                  from [01m[K/home/humble/ros_control_ws/src/rf2o_laser_odometry/src/CLaserOdometry2D.cpp:18[m[K:
[2.762s] [01m[K/usr/include/eigen3/Eigen/src/Core/DenseBase.h:294:14:[m[K [01;36m[Knote: [m[Kcandidate: ‘[01m[Ktemplate<class OtherDerived> Derived& Eigen::DenseBase<Derived>::operator+=(const Eigen::EigenBase<OtherDerived>&) [with OtherDerived = OtherDerived; Derived = Eigen::IndexedView<Eigen::Matrix<float, -1, -1>, float, Eigen::internal::SingleRange>][m[K’
[2.762s]   294 |     Derived& [01;36m[Koperator[m[K+=(const EigenBase<OtherDerived> &other);
[2.762s]       |              [01;36m[K^~~~~~~~[m[K
[2.762s] [01m[K/usr/include/eigen3/Eigen/src/Core/DenseBase.h:294:14:[m[K [01;36m[Knote: [m[K  template argument deduction/substitution failed:
[2.762s] [01m[K/home/humble/ros_control_ws/src/rf2o_laser_odometry/src/CLaserOdometry2D.cpp:772:38:[m[K [01;36m[Knote: [m[K  mismatched types ‘[01m[Kconst Eigen::EigenBase<Derived>[m[K’ and ‘[01m[Kfloat[m[K’
[2.762s]   772 |           wacu(std::round(uwarp)) += [01;36m[K1.f[m[K;
[2.762s]       |                                      [01;36m[K^~~[m[K
[2.780s] [01m[K/home/humble/ros_control_ws/src/rf2o_laser_odometry/src/CLaserOdometry2D.cpp:[m[K In member function ‘[01m[Kvoid rf2o::CLaserOdometry2D::performWarping()[m[K’:
[2.780s] [01m[K/home/humble/ros_control_ws/src/rf2o_laser_odometry/src/CLaserOdometry2D.cpp:771:53:[m[K [01;31m[Kerror: [m[Kno match for ‘[01m[Koperator=[m[K’ (operand types are ‘[01m[KEigen::internal::enable_if<true, Eigen::IndexedView<Eigen::Matrix<float, -1, -1>, double, Eigen::internal::SingleRange> >::type[m[K’ {aka ‘[01m[KEigen::IndexedView<Eigen::Matrix<float, -1, -1>, double, Eigen::internal::SingleRange>[m[K’} and ‘[01m[Kconst float[m[K’)
[2.780s]   771 |           range_warped[image_level](round(uwarp)) = [01;31m[Krange_w[m[K;
[2.780s]       |                                                     [01;31m[K^~~~~~~[m[K
[2.780s] In file included from [01m[K/usr/include/eigen3/Eigen/Core:273[m[K,
[2.780s]                  from [01m[K/usr/include/eigen3/Eigen/Dense:1[m[K,
[2.780s]                  from [01m[K/home/humble/ros_control_ws/src/rf2o_laser_odometry/include/rf2o_laser_odometry/CLaserOdometry2D.h:33[m[K,
[2.780s]                  from [01m[K/home/humble/ros_control_ws/src/rf2o_laser_odometry/src/CLaserOdometry2D.cpp:18[m[K:
[2.780s] [01m[K/usr/include/eigen3/Eigen/src/Core/MatrixBase.h:154:14:[m[K [01;36m[Knote: [m[Kcandidate: ‘[01m[Ktemplate<class OtherDerived> Derived& Eigen::MatrixBase<Derived>::operator=(const Eigen::ReturnByValue<OtherDerived>&) [with OtherDerived = OtherDerived; Derived = Eigen::IndexedView<Eigen::Matrix<float, -1, -1>, double, Eigen::internal::SingleRange>][m[K’
[2.780s]   154 |     Derived& [01;36m[Koperator[m[K=(const ReturnByValue<OtherDerived>& other);
[2.780s]       |              [01;36m[K^~~~~~~~[m[K
[2.780s] [01m[K/usr/include/eigen3/Eigen/src/Core/MatrixBase.h:154:14:[m[K [01;36m[Knote: [m[K  template argument deduction/substitution failed:
[2.781s] [01m[K/home/humble/ros_control_ws/src/rf2o_laser_odometry/src/CLaserOdometry2D.cpp:771:53:[m[K [01;36m[Knote: [m[K  mismatched types ‘[01m[Kconst Eigen::ReturnByValue<Derived>[m[K’ and ‘[01m[Kconst float[m[K’
[2.781s]   771 |           range_warped[image_level](round(uwarp)) = [01;36m[Krange_w[m[K;
[2.781s]       |                                                     [01;36m[K^~~~~~~[m[K
[2.781s] In file included from [01m[K/usr/include/eigen3/Eigen/Core:273[m[K,
[2.781s]                  from [01m[K/usr/include/eigen3/Eigen/Dense:1[m[K,
[2.781s]                  from [01m[K/home/humble/ros_control_ws/src/rf2o_laser_odometry/include/rf2o_laser_odometry/CLaserOdometry2D.h:33[m[K,
[2.781s]                  from [01m[K/home/humble/ros_control_ws/src/rf2o_laser_odometry/src/CLaserOdometry2D.cpp:18[m[K:
[2.781s] [01m[K/usr/include/eigen3/Eigen/src/Core/MatrixBase.h:150:14:[m[K [01;36m[Knote: [m[Kcandidate: ‘[01m[Ktemplate<class OtherDerived> Derived& Eigen::MatrixBase<Derived>::operator=(const Eigen::EigenBase<OtherDerived>&) [with OtherDerived = OtherDerived; Derived = Eigen::IndexedView<Eigen::Matrix<float, -1, -1>, double, Eigen::internal::SingleRange>][m[K’
[2.781s]   150 |     Derived& [01;36m[Koperator[m[K=(const EigenBase<OtherDerived>& other);
[2.781s]       |              [01;36m[K^~~~~~~~[m[K
[2.781s] [01m[K/usr/include/eigen3/Eigen/src/Core/MatrixBase.h:150:14:[m[K [01;36m[Knote: [m[K  template argument deduction/substitution failed:
[2.781s] [01m[K/home/humble/ros_control_ws/src/rf2o_laser_odometry/src/CLaserOdometry2D.cpp:771:53:[m[K [01;36m[Knote: [m[K  mismatched types ‘[01m[Kconst Eigen::EigenBase<Derived>[m[K’ and ‘[01m[Kconst float[m[K’
[2.781s]   771 |           range_warped[image_level](round(uwarp)) = [01;36m[Krange_w[m[K;
[2.781s]       |                                                     [01;36m[K^~~~~~~[m[K
[2.781s] In file included from [01m[K/usr/include/eigen3/Eigen/Core:273[m[K,
[2.781s]                  from [01m[K/usr/include/eigen3/Eigen/Dense:1[m[K,
[2.781s]                  from [01m[K/home/humble/ros_control_ws/src/rf2o_laser_odometry/include/rf2o_laser_odometry/CLaserOdometry2D.h:33[m[K,
[2.781s]                  from [01m[K/home/humble/ros_control_ws/src/rf2o_laser_odometry/src/CLaserOdometry2D.cpp:18[m[K:
[2.781s] [01m[K/usr/include/eigen3/Eigen/src/Core/MatrixBase.h:146:14:[m[K [01;36m[Knote: [m[Kcandidate: ‘[01m[Ktemplate<class OtherDerived> Derived& Eigen::MatrixBase<Derived>::operator=(const Eigen::DenseBase<OtherDerived>&) [with OtherDerived = OtherDerived; Derived = Eigen::IndexedView<Eigen::Matrix<float, -1, -1>, double, Eigen::internal::SingleRange>][m[K’
[2.781s]   146 |     Derived& [01;36m[Koperator[m[K=(const DenseBase<OtherDerived>& other);
[2.781s]       |              [01;36m[K^~~~~~~~[m[K
[2.781s] [01m[K/usr/include/eigen3/Eigen/src/Core/MatrixBase.h:146:14:[m[K [01;36m[Knote: [m[K  template argument deduction/substitution failed:
[2.781s] [01m[K/home/humble/ros_control_ws/src/rf2o_laser_odometry/src/CLaserOdometry2D.cpp:771:53:[m[K [01;36m[Knote: [m[K  mismatched types ‘[01m[Kconst Eigen::DenseBase<Derived>[m[K’ and ‘[01m[Kconst float[m[K’
[2.781s]   771 |           range_warped[image_level](round(uwarp)) = [01;36m[Krange_w[m[K;
[2.781s]       |                                                     [01;36m[K^~~~~~~[m[K
[2.781s] In file included from [01m[K/usr/include/eigen3/Eigen/Core:19[m[K,
[2.782s]                  from [01m[K/usr/include/eigen3/Eigen/Dense:1[m[K,
[2.782s]                  from [01m[K/home/humble/ros_control_ws/src/rf2o_laser_odometry/include/rf2o_laser_odometry/CLaserOdometry2D.h:33[m[K,
[2.782s]                  from [01m[K/home/humble/ros_control_ws/src/rf2o_laser_odometry/src/CLaserOdometry2D.cpp:18[m[K:
[2.782s] [01m[K/usr/include/eigen3/Eigen/src/Core/IndexedView.h:114:3:[m[K [01;36m[Knote: [m[Kcandidate: ‘[01m[KEigen::IndexedView<XprType, RowIndices, ColIndices>& Eigen::IndexedView<XprType, RowIndices, ColIndices>::operator=(const Eigen::IndexedView<XprType, RowIndices, ColIndices>&) [with XprType = Eigen::Matrix<float, -1, -1>; RowIndices = double; ColIndices = Eigen::internal::SingleRange][m[K’
[2.782s]   114 |   [01;36m[KEIGEN_INHERIT_ASSIGNMENT_OPERATORS[m[K(IndexedView)
[2.782s]       |   [01;36m[K^~~~~~~~~~~~~~~~~~~~~~~~~~~~~~~~~~[m[K
[2.782s] [01m[K/usr/include/eigen3/Eigen/src/Core/IndexedView.h:114:3:[m[K [01;36m[Knote: [m[K  no known conversion for argument 1 from ‘[01m[Kconst float[m[K’ to ‘[01m[Kconst Eigen::IndexedView<Eigen::Matrix<float, -1, -1>, double, Eigen::internal::SingleRange>&[m[K’
[2.782s]   114 |   [01;36m[KEIGEN_INHERIT_ASSIGNMENT_OPERATORS[m[K(IndexedView)
[2.782s]       |   [01;36m[K^~~~~~~~~~~~~~~~~~~~~~~~~~~~~~~~~~[m[K
[2.782s] In file included from [01m[K/usr/include/eigen3/Eigen/Core:282[m[K,
[2.782s]                  from [01m[K/usr/include/eigen3/Eigen/Dense:1[m[K,
[2.782s]                  from [01m[K/home/humble/ros_control_ws/src/rf2o_laser_odometry/include/rf2o_laser_odometry/CLaserOdometry2D.h:33[m[K,
[2.782s]                  from [01m[K/home/humble/ros_control_ws/src/rf2o_laser_odometry/src/CLaserOdometry2D.cpp:18[m[K:
[2.782s] [01m[K/usr/include/eigen3/Eigen/src/Core/Assign.h:55:30:[m[K [01;36m[Knote: [m[Kcandidate: ‘[01m[KDerived& Eigen::MatrixBase<Derived>::operator=(const Eigen::MatrixBase<Derived>&) [with Derived = Eigen::IndexedView<Eigen::Matrix<float, -1, -1>, double, Eigen::internal::SingleRange>][m[K’
[2.782s]    55 | EIGEN_STRONG_INLINE Derived& [01;36m[KMatrixBase<Derived>[m[K::operator=(const MatrixBase& other)
[2.782s]       |                              [01;36m[K^~~~~~~~~~~~~~~~~~~[m[K
[2.782s] [01m[K/usr/include/eigen3/Eigen/src/Core/Assign.h:55:79:[m[K [01;36m[Knote: [m[K  no known conversion for argument 1 from ‘[01m[Kconst float[m[K’ to ‘[01m[Kconst Eigen::MatrixBase<Eigen::IndexedView<Eigen::Matrix<float, -1, -1>, double, Eigen::internal::SingleRange> >&[m[K’
[2.782s]    55 | EIGEN_STRONG_INLINE Derived& MatrixBase<Derived>::operator=([01;36m[Kconst MatrixBase& other[m[K)
[2.782s]       |                                                             [01;36m[K~~~~~~~~~~~~~~~~~~^~~~~[m[K
[2.789s] [01m[K/home/humble/ros_control_ws/src/rf2o_laser_odometry/src/CLaserOdometry2D.cpp:772:35:[m[K [01;31m[Kerror: [m[Kno match for ‘[01m[Koperator+=[m[K’ (operand types are ‘[01m[KEigen::internal::enable_if<true, Eigen::IndexedView<Eigen::Matrix<float, -1, -1>, float, Eigen::internal::SingleRange> >::type[m[K’ {aka ‘[01m[KEigen::IndexedView<Eigen::Matrix<float, -1, -1>, float, Eigen::internal::SingleRange>[m[K’} and ‘[01m[Kfloat[m[K’)
[2.789s]   772 |           [01;31m[Kwacu(std::round(uwarp)) += 1.f[m[K;
[2.789s]       |           [01;31m[K~~~~~~~~~~~~~~~~~~~~~~~~^~~~~~[m[K
[2.789s] In file included from [01m[K/usr/include/eigen3/Eigen/Core:273[m[K,
[2.789s]                  from [01m[K/usr/include/eigen3/Eigen/Dense:1[m[K,
[2.789s]                  from [01m[K/home/humble/ros_control_ws/src/rf2o_laser_odometry/include/rf2o_laser_odometry/CLaserOdometry2D.h:33[m[K,
[2.789s]                  from [01m[K/home/humble/ros_control_ws/src/rf2o_laser_odometry/src/CLaserOdometry2D.cpp:18[m[K:
[2.790s] [01m[K/usr/include/eigen3/Eigen/src/Core/MatrixBase.h:158:14:[m[K [01;36m[Knote: [m[Kcandidate: ‘[01m[Ktemplate<class OtherDerived> Derived& Eigen::MatrixBase<Derived>::operator+=(const Eigen::MatrixBase<OtherDerived>&) [with OtherDerived = OtherDerived; Derived = Eigen::IndexedView<Eigen::Matrix<float, -1, -1>, float, Eigen::internal::SingleRange>][m[K’
[2.790s]   158 |     Derived& [01;36m[Koperator[m[K+=(const MatrixBase<OtherDerived>& other);
[2.790s]       |              [01;36m[K^~~~~~~~[m[K
[2.790s] [01m[K/usr/include/eigen3/Eigen/src/Core/MatrixBase.h:158:14:[m[K [01;36m[Knote: [m[K  template argument deduction/substitution failed:
[2.790s] [01m[K/home/humble/ros_control_ws/src/rf2o_laser_odometry/src/CLaserOdometry2D.cpp:772:38:[m[K [01;36m[Knote: [m[K  mismatched types ‘[01m[Kconst Eigen::MatrixBase<Derived>[m[K’ and ‘[01m[Kfloat[m[K’
[2.790s]   772 |           wacu(std::round(uwarp)) += [01;36m[K1.f[m[K;
[2.790s]       |                                      [01;36m[K^~~[m[K
[2.790s] In file included from [01m[K/usr/include/eigen3/Eigen/Core:273[m[K,
[2.790s]                  from [01m[K/usr/include/eigen3/Eigen/Dense:1[m[K,
[2.790s]                  from [01m[K/home/humble/ros_control_ws/src/rf2o_laser_odometry/include/rf2o_laser_odometry/CLaserOdometry2D.h:33[m[K,
[2.790s]                  from [01m[K/home/humble/ros_control_ws/src/rf2o_laser_odometry/src/CLaserOdometry2D.cpp:18[m[K:
[2.790s] [01m[K/usr/include/eigen3/Eigen/src/Core/MatrixBase.h:493:46:[m[K [01;36m[Knote: [m[Kcandidate: ‘[01m[Ktemplate<class OtherDerived> Derived& Eigen::MatrixBase<Derived>::operator+=(const Eigen::ArrayBase<OtherDerived>&) [with OtherDerived = OtherDerived; Derived = Eigen::IndexedView<Eigen::Matrix<float, -1, -1>, float, Eigen::internal::SingleRange>][m[K’
[2.790s]   493 |     template<typename OtherDerived> Derived& [01;36m[Koperator[m[K+=(const ArrayBase<OtherDerived>& )
[2.790s]       |                                              [01;36m[K^~~~~~~~[m[K
[2.790s] [01m[K/usr/include/eigen3/Eigen/src/Core/MatrixBase.h:493:46:[m[K [01;36m[Knote: [m[K  template argument deduction/substitution failed:
[2.790s] [01m[K/home/humble/ros_control_ws/src/rf2o_laser_odometry/src/CLaserOdometry2D.cpp:772:38:[m[K [01;36m[Knote: [m[K  mismatched types ‘[01m[Kconst Eigen::ArrayBase<Derived>[m[K’ and ‘[01m[Kfloat[m[K’
[2.790s]   772 |           wacu(std::round(uwarp)) += [01;36m[K1.f[m[K;
[2.790s]       |                                      [01;36m[K^~~[m[K
[2.790s] In file included from [01m[K/usr/include/eigen3/Eigen/Core:272[m[K,
[2.790s]                  from [01m[K/usr/include/eigen3/Eigen/Dense:1[m[K,
[2.790s]                  from [01m[K/home/humble/ros_control_ws/src/rf2o_laser_odometry/include/rf2o_laser_odometry/CLaserOdometry2D.h:33[m[K,
[2.790s]                  from [01m[K/home/humble/ros_control_ws/src/rf2o_laser_odometry/src/CLaserOdometry2D.cpp:18[m[K:
[2.790s] [01m[K/usr/include/eigen3/Eigen/src/Core/DenseBase.h:294:14:[m[K [01;36m[Knote: [m[Kcandidate: ‘[01m[Ktemplate<class OtherDerived> Derived& Eigen::DenseBase<Derived>::operator+=(const Eigen::EigenBase<OtherDerived>&) [with OtherDerived = OtherDerived; Derived = Eigen::IndexedView<Eigen::Matrix<float, -1, -1>, float, Eigen::internal::SingleRange>][m[K’
[2.790s]   294 |     Derived& [01;36m[Koperator[m[K+=(const EigenBase<OtherDerived> &other);
[2.791s]       |              [01;36m[K^~~~~~~~[m[K
[2.791s] [01m[K/usr/include/eigen3/Eigen/src/Core/DenseBase.h:294:14:[m[K [01;36m[Knote: [m[K  template argument deduction/substitution failed:
[2.791s] [01m[K/home/humble/ros_control_ws/src/rf2o_laser_odometry/src/CLaserOdometry2D.cpp:772:38:[m[K [01;36m[Knote: [m[K  mismatched types ‘[01m[Kconst Eigen::EigenBase<Derived>[m[K’ and ‘[01m[Kfloat[m[K’
[2.791s]   772 |           wacu(std::round(uwarp)) += [01;36m[K1.f[m[K;
[2.791s]       |                                      [01;36m[K^~~[m[K
[3.035s] In file included from [01m[K/usr/include/eigen3/Eigen/Core:164[m[K,
[3.035s]                  from [01m[K/usr/include/eigen3/Eigen/Dense:1[m[K,
[3.035s]                  from [01m[K/home/humble/ros_control_ws/src/rf2o_laser_odometry/include/rf2o_laser_odometry/CLaserOdometry2D.h:33[m[K,
[3.035s]                  from [01m[K/home/humble/ros_control_ws/src/rf2o_laser_odometry/src/CLaserOdometry2D.cpp:18[m[K:
[3.035s] /usr/include/eigen3/Eigen/src/plugins/IndexedViewMethods.h: In instantiation of ‘[01m[Ktypename Eigen::internal::enable_if<((! Eigen::DenseBase<Derived>::IsRowMajor) && (!((Eigen::internal::get_compile_time_incr<typename Eigen::DenseBase<Derived>::IvcType<Indices>::type>::value == 1) || Eigen::internal::is_valid_index_type<Indices>::value))), Eigen::IndexedView<Derived, typename Eigen::DenseBase<Derived>::IvcType<Indices>::type, Eigen::internal::SingleRange> >::type Eigen::DenseBase<Derived>::operator()(const Indices&) [with Indices = double; Derived = Eigen::Matrix<float, -1, -1>; typename Eigen::internal::enable_if<((! Eigen::DenseBase<Derived>::IsRowMajor) && (!((Eigen::internal::get_compile_time_incr<typename Eigen::DenseBase<Derived>::IvcType<Indices>::type>::value == 1) || Eigen::internal::is_valid_index_type<Indices>::value))), Eigen::IndexedView<Derived, typename Eigen::DenseBase<Derived>::IvcType<Indices>::type, Eigen::internal::SingleRange> >::type = Eigen::IndexedView<Eigen::Matrix<float, -1, -1>, double, Eigen::internal::SingleRange>; typename Eigen::DenseBase<Derived>::IvcType<Indices>::type = double][m[K’:
[3.035s] [01m[K/home/humble/ros_control_ws/src/rf2o_laser_odometry/src/CLaserOdometry2D.cpp:771:36:[m[K   required from here
[3.035s] [01m[K/usr/include/eigen3/Eigen/src/plugins/IndexedViewMethods.h:157:3:[m[K [01;31m[Kerror: [m[Kstatic assertion failed: YOU_TRIED_CALLING_A_VECTOR_METHOD_ON_A_MATRIX
[3.035s]   157 |   [01;31m[KEIGEN_STATIC_ASSERT_VECTOR_ONLY[m[K(Derived)
[3.035s]       |   [01;31m[K^~~~~~~~~~~~~~~~~~~~~~~~~~~~~~~[m[K
[3.035s] [01m[K/usr/include/eigen3/Eigen/src/plugins/IndexedViewMethods.h:157:3:[m[K [01;36m[Knote: [m[K‘[01m[KEigen::Matrix<float, -1, -1>::IsVectorAtCompileTime[m[K’ evaluates to false
[3.035s] /usr/include/eigen3/Eigen/src/plugins/IndexedViewMethods.h: In instantiation of ‘[01m[Ktypename Eigen::internal::enable_if<((! Eigen::DenseBase<Derived>::IsRowMajor) && (!((Eigen::internal::get_compile_time_incr<typename Eigen::DenseBase<Derived>::IvcType<Indices>::type>::value == 1) || Eigen::internal::is_valid_index_type<Indices>::value))), Eigen::IndexedView<Derived, typename Eigen::DenseBase<Derived>::IvcType<Indices>::type, Eigen::internal::SingleRange> >::type Eigen::DenseBase<Derived>::operator()(const Indices&) [with Indices = float; Derived = Eigen::Matrix<float, -1, -1>; typename Eigen::internal::enable_if<((! Eigen::DenseBase<Derived>::IsRowMajor) && (!((Eigen::internal::get_compile_time_incr<typename Eigen::DenseBase<Derived>::IvcType<Indices>::type>::value == 1) || Eigen::internal::is_valid_index_type<Indices>::value))), Eigen::IndexedView<Derived, typename Eigen::DenseBase<Derived>::IvcType<Indices>::type, Eigen::internal::SingleRange> >::type = Eigen::IndexedView<Eigen::Matrix<float, -1, -1>, float, Eigen::internal::SingleRange>; typename Eigen::DenseBase<Derived>::IvcType<Indices>::type = float][m[K’:
[3.035s] [01m[K/home/humble/ros_control_ws/src/rf2o_laser_odometry/src/CLaserOdometry2D.cpp:772:15:[m[K   required from here
[3.035s] [01m[K/usr/include/eigen3/Eigen/src/plugins/IndexedViewMethods.h:157:3:[m[K [01;31m[Kerror: [m[Kstatic assertion failed: YOU_TRIED_CALLING_A_VECTOR_METHOD_ON_A_MATRIX
[3.035s] [01m[K/usr/include/eigen3/Eigen/src/plugins/IndexedViewMethods.h:157:3:[m[K [01;36m[Knote: [m[K‘[01m[KEigen::Matrix<float, -1, -1>::IsVectorAtCompileTime[m[K’ evaluates to false
[3.075s] In file included from [01m[K/usr/include/eigen3/Eigen/Core:164[m[K,
[3.076s]                  from [01m[K/usr/include/eigen3/Eigen/Dense:1[m[K,
[3.076s]                  from [01m[K/home/humble/ros_control_ws/src/rf2o_laser_odometry/include/rf2o_laser_odometry/CLaserOdometry2D.h:33[m[K,
[3.076s]                  from [01m[K/home/humble/ros_control_ws/src/rf2o_laser_odometry/src/CLaserOdometry2D.cpp:18[m[K:
[3.076s] /usr/include/eigen3/Eigen/src/plugins/IndexedViewMethods.h: In instantiation of ‘[01m[Ktypename Eigen::internal::enable_if<((! Eigen::DenseBase<Derived>::IsRowMajor) && (!((Eigen::internal::get_compile_time_incr<typename Eigen::DenseBase<Derived>::IvcType<Indices>::type>::value == 1) || Eigen::internal::is_valid_index_type<Indices>::value))), Eigen::IndexedView<Derived, typename Eigen::DenseBase<Derived>::IvcType<Indices>::type, Eigen::internal::SingleRange> >::type Eigen::DenseBase<Derived>::operator()(const Indices&) [with Indices = double; Derived = Eigen::Matrix<float, -1, -1>; typename Eigen::internal::enable_if<((! Eigen::DenseBase<Derived>::IsRowMajor) && (!((Eigen::internal::get_compile_time_incr<typename Eigen::DenseBase<Derived>::IvcType<Indices>::type>::value == 1) || Eigen::internal::is_valid_index_type<Indices>::value))), Eigen::IndexedView<Derived, typename Eigen::DenseBase<Derived>::IvcType<Indices>::type, Eigen::internal::SingleRange> >::type = Eigen::IndexedView<Eigen::Matrix<float, -1, -1>, double, Eigen::internal::SingleRange>; typename Eigen::DenseBase<Derived>::IvcType<Indices>::type = double][m[K’:
[3.076s] [01m[K/home/humble/ros_control_ws/src/rf2o_laser_odometry/src/CLaserOdometry2D.cpp:771:36:[m[K   required from here
[3.076s] [01m[K/usr/include/eigen3/Eigen/src/plugins/IndexedViewMethods.h:157:3:[m[K [01;31m[Kerror: [m[Kstatic assertion failed: YOU_TRIED_CALLING_A_VECTOR_METHOD_ON_A_MATRIX
[3.076s]   157 |   [01;31m[KEIGEN_STATIC_ASSERT_VECTOR_ONLY[m[K(Derived)
[3.076s]       |   [01;31m[K^~~~~~~~~~~~~~~~~~~~~~~~~~~~~~~[m[K
[3.076s] [01m[K/usr/include/eigen3/Eigen/src/plugins/IndexedViewMethods.h:157:3:[m[K [01;36m[Knote: [m[K‘[01m[KEigen::Matrix<float, -1, -1>::IsVectorAtCompileTime[m[K’ evaluates to false
[3.076s] /usr/include/eigen3/Eigen/src/plugins/IndexedViewMethods.h: In instantiation of ‘[01m[Ktypename Eigen::internal::enable_if<((! Eigen::DenseBase<Derived>::IsRowMajor) && (!((Eigen::internal::get_compile_time_incr<typename Eigen::DenseBase<Derived>::IvcType<Indices>::type>::value == 1) || Eigen::internal::is_valid_index_type<Indices>::value))), Eigen::IndexedView<Derived, typename Eigen::DenseBase<Derived>::IvcType<Indices>::type, Eigen::internal::SingleRange> >::type Eigen::DenseBase<Derived>::operator()(const Indices&) [with Indices = float; Derived = Eigen::Matrix<float, -1, -1>; typename Eigen::internal::enable_if<((! Eigen::DenseBase<Derived>::IsRowMajor) && (!((Eigen::internal::get_compile_time_incr<typename Eigen::DenseBase<Derived>::IvcType<Indices>::type>::value == 1) || Eigen::internal::is_valid_index_type<Indices>::value))), Eigen::IndexedView<Derived, typename Eigen::DenseBase<Derived>::IvcType<Indices>::type, Eigen::internal::SingleRange> >::type = Eigen::IndexedView<Eigen::Matrix<float, -1, -1>, float, Eigen::internal::SingleRange>; typename Eigen::DenseBase<Derived>::IvcType<Indices>::type = float][m[K’:
[3.076s] [01m[K/home/humble/ros_control_ws/src/rf2o_laser_odometry/src/CLaserOdometry2D.cpp:772:15:[m[K   required from here
[3.076s] [01m[K/usr/include/eigen3/Eigen/src/plugins/IndexedViewMethods.h:157:3:[m[K [01;31m[Kerror: [m[Kstatic assertion failed: YOU_TRIED_CALLING_A_VECTOR_METHOD_ON_A_MATRIX
[3.076s] [01m[K/usr/include/eigen3/Eigen/src/plugins/IndexedViewMethods.h:157:3:[m[K [01;36m[Knote: [m[K‘[01m[KEigen::Matrix<float, -1, -1>::IsVectorAtCompileTime[m[K’ evaluates to false
[12.374s] gmake[2]: *** [CMakeFiles/rf2o_laser_odometry.dir/build.make:76: CMakeFiles/rf2o_laser_odometry.dir/src/CLaserOdometry2D.cpp.o] Error 1
[12.375s] gmake[1]: *** [CMakeFiles/Makefile2:165: CMakeFiles/rf2o_laser_odometry.dir/all] Error 2
[12.375s] gmake[1]: *** Waiting for unfinished jobs....
[12.577s] gmake[2]: *** [CMakeFiles/rf2o_laser_odometry_node.dir/build.make:90: CMakeFiles/rf2o_laser_odometry_node.dir/src/CLaserOdometry2D.cpp.o] Error 1
[12.577s] gmake[1]: *** [CMakeFiles/Makefile2:139: CMakeFiles/rf2o_laser_odometry_node.dir/all] Error 2
[12.578s] gmake: *** [Makefile:146: all] Error 2
[12.580s] Invoked command in '/home/humble/ros_control_ws/build/rf2o_laser_odometry' returned '2': CMAKE_PREFIX_PATH=/opt/ros/humble /usr/bin/cmake --build /home/humble/ros_control_ws/build/rf2o_laser_odometry -- -j16 -l16
