[0.020s] Invoking command in '/home/humble/ros_control_ws/build/stacker_nav2': CMAKE_PREFIX_PATH=/opt/ros/humble /usr/bin/cmake --build /home/humble/ros_control_ws/build/stacker_nav2 -- -j16 -l16
[0.083s] Invoked command in '/home/humble/ros_control_ws/build/stacker_nav2' returned '0': CMAKE_PREFIX_PATH=/opt/ros/humble /usr/bin/cmake --build /home/humble/ros_control_ws/build/stacker_nav2 -- -j16 -l16
[0.106s] Invoking command in '/home/humble/ros_control_ws/build/stacker_nav2': CMAKE_PREFIX_PATH=/opt/ros/humble /usr/bin/cmake --install /home/humble/ros_control_ws/build/stacker_nav2
[0.115s] -- Install configuration: ""
[0.116s] -- Execute custom install script
[0.116s] -- Up-to-date symlink: /home/humble/ros_control_ws/install/stacker_nav2/share/stacker_nav2/launch/stacker_nav2.launch.py
[0.116s] -- Up-to-date symlink: /home/humble/ros_control_ws/install/stacker_nav2/share/stacker_nav2/map/map.pgm
[0.116s] -- Up-to-date symlink: /home/humble/ros_control_ws/install/stacker_nav2/share/stacker_nav2/map/map.yaml
[0.117s] -- Up-to-date symlink: /home/humble/ros_control_ws/install/stacker_nav2/share/stacker_nav2/map/my_map.pgm
[0.117s] -- Up-to-date symlink: /home/humble/ros_control_ws/install/stacker_nav2/share/stacker_nav2/map/my_map.yaml
[0.117s] -- Symlinking: /home/humble/ros_control_ws/install/stacker_nav2/share/stacker_nav2/config/config.rviz
[0.123s] -- Up-to-date symlink: /home/humble/ros_control_ws/install/stacker_nav2/share/stacker_nav2/config/nav2_params.yaml
[0.124s] -- Up-to-date symlink: /home/humble/ros_control_ws/install/stacker_nav2/share/ament_index/resource_index/package_run_dependencies/stacker_nav2
[0.126s] -- Up-to-date symlink: /home/humble/ros_control_ws/install/stacker_nav2/share/ament_index/resource_index/parent_prefix_path/stacker_nav2
[0.126s] -- Up-to-date symlink: /home/humble/ros_control_ws/install/stacker_nav2/share/stacker_nav2/environment/ament_prefix_path.sh
[0.126s] -- Up-to-date symlink: /home/humble/ros_control_ws/install/stacker_nav2/share/stacker_nav2/environment/ament_prefix_path.dsv
[0.126s] -- Up-to-date symlink: /home/humble/ros_control_ws/install/stacker_nav2/share/stacker_nav2/environment/path.sh
[0.127s] -- Up-to-date symlink: /home/humble/ros_control_ws/install/stacker_nav2/share/stacker_nav2/environment/path.dsv
[0.127s] -- Up-to-date symlink: /home/humble/ros_control_ws/install/stacker_nav2/share/stacker_nav2/local_setup.bash
[0.127s] -- Up-to-date symlink: /home/humble/ros_control_ws/install/stacker_nav2/share/stacker_nav2/local_setup.sh
[0.127s] -- Up-to-date symlink: /home/humble/ros_control_ws/install/stacker_nav2/share/stacker_nav2/local_setup.zsh
[0.128s] -- Up-to-date symlink: /home/humble/ros_control_ws/install/stacker_nav2/share/stacker_nav2/local_setup.dsv
[0.128s] -- Symlinking: /home/humble/ros_control_ws/install/stacker_nav2/share/stacker_nav2/package.dsv
[0.134s] -- Up-to-date symlink: /home/humble/ros_control_ws/install/stacker_nav2/share/ament_index/resource_index/packages/stacker_nav2
[0.135s] -- Up-to-date symlink: /home/humble/ros_control_ws/install/stacker_nav2/share/stacker_nav2/cmake/stacker_nav2Config.cmake
[0.135s] -- Up-to-date symlink: /home/humble/ros_control_ws/install/stacker_nav2/share/stacker_nav2/cmake/stacker_nav2Config-version.cmake
[0.135s] -- Up-to-date symlink: /home/humble/ros_control_ws/install/stacker_nav2/share/stacker_nav2/package.xml
[0.161s] Invoked command in '/home/humble/ros_control_ws/build/stacker_nav2' returned '0': CMAKE_PREFIX_PATH=/opt/ros/humble /usr/bin/cmake --install /home/humble/ros_control_ws/build/stacker_nav2
