[0.013s] Invoking command in '/home/humble/ros_control_ws/build/stacker_nav2': CMAKE_PREFIX_PATH=${CMAKE_PREFIX_PATH}:/opt/ros/humble /usr/bin/cmake /home/humble/ros_control_ws/src/stacker_nav2 -DCMAKE_INSTALL_PREFIX=/home/humble/ros_control_ws/install/stacker_nav2
[0.114s] -- The C compiler identification is GNU 11.3.0
[0.202s] -- The CXX compiler identification is GNU 11.3.0
[0.211s] -- Detecting C compiler ABI info
[0.258s] -- Detecting C compiler ABI info - done
[0.263s] -- Check for working C compiler: /usr/bin/cc - skipped
[0.263s] -- Detecting C compile features
[0.264s] -- Detecting C compile features - done
[0.268s] -- Detecting CXX compiler ABI info
[0.336s] -- Detecting CXX compiler ABI info - done
[0.341s] -- Check for working CXX compiler: /usr/bin/c++ - skipped
[0.341s] -- Detecting CXX compile features
[0.341s] -- Detecting CXX compile features - done
[0.348s] -- Found ament_cmake: 1.3.3 (/opt/ros/humble/share/ament_cmake/cmake)
[0.456s] -- Found Python3: /usr/bin/python3.10 (found version "3.10.6") found components: Interpreter 
[0.535s] -- Found ament_lint_auto: 0.12.4 (/opt/ros/humble/share/ament_lint_auto/cmake)
[0.578s] -- Configuring done
[0.580s] -- Generating done
[0.580s] -- Build files have been written to: /home/humble/ros_control_ws/build/stacker_nav2
[0.583s] Invoked command in '/home/humble/ros_control_ws/build/stacker_nav2' returned '0': CMAKE_PREFIX_PATH=${CMAKE_PREFIX_PATH}:/opt/ros/humble /usr/bin/cmake /home/humble/ros_control_ws/src/stacker_nav2 -DCMAKE_INSTALL_PREFIX=/home/humble/ros_control_ws/install/stacker_nav2
[0.584s] Invoking command in '/home/humble/ros_control_ws/build/stacker_nav2': CMAKE_PREFIX_PATH=${CMAKE_PREFIX_PATH}:/opt/ros/humble /usr/bin/cmake --build /home/humble/ros_control_ws/build/stacker_nav2 -- -j16 -l16
[0.614s] Invoked command in '/home/humble/ros_control_ws/build/stacker_nav2' returned '0': CMAKE_PREFIX_PATH=${CMAKE_PREFIX_PATH}:/opt/ros/humble /usr/bin/cmake --build /home/humble/ros_control_ws/build/stacker_nav2 -- -j16 -l16
[0.650s] Invoking command in '/home/humble/ros_control_ws/build/stacker_nav2': CMAKE_PREFIX_PATH=${CMAKE_PREFIX_PATH}:/opt/ros/humble /usr/bin/cmake --install /home/humble/ros_control_ws/build/stacker_nav2
[0.657s] -- Install configuration: ""
[0.657s] -- Installing: /home/humble/ros_control_ws/install/stacker_nav2/share/stacker_nav2/launch
[0.657s] -- Installing: /home/humble/ros_control_ws/install/stacker_nav2/share/stacker_nav2/launch/stacker_nav2.launch.py
[0.657s] -- Installing: /home/humble/ros_control_ws/install/stacker_nav2/share/stacker_nav2/map
[0.657s] -- Installing: /home/humble/ros_control_ws/install/stacker_nav2/share/stacker_nav2/map/my_map.pgm
[0.669s] -- Installing: /home/humble/ros_control_ws/install/stacker_nav2/share/stacker_nav2/map/my_map.yaml
[0.669s] -- Installing: /home/humble/ros_control_ws/install/stacker_nav2/share/stacker_nav2/config
[0.669s] -- Installing: /home/humble/ros_control_ws/install/stacker_nav2/share/stacker_nav2/config/nav2_params.yaml
[0.670s] -- Installing: /home/humble/ros_control_ws/install/stacker_nav2/share/ament_index/resource_index/package_run_dependencies/stacker_nav2
[0.670s] -- Installing: /home/humble/ros_control_ws/install/stacker_nav2/share/ament_index/resource_index/parent_prefix_path/stacker_nav2
[0.670s] -- Installing: /home/humble/ros_control_ws/install/stacker_nav2/share/stacker_nav2/environment/ament_prefix_path.sh
[0.671s] -- Installing: /home/humble/ros_control_ws/install/stacker_nav2/share/stacker_nav2/environment/ament_prefix_path.dsv
[0.671s] -- Installing: /home/humble/ros_control_ws/install/stacker_nav2/share/stacker_nav2/environment/path.sh
[0.671s] -- Installing: /home/humble/ros_control_ws/install/stacker_nav2/share/stacker_nav2/environment/path.dsv
[0.671s] -- Installing: /home/humble/ros_control_ws/install/stacker_nav2/share/stacker_nav2/local_setup.bash
[0.671s] -- Installing: /home/humble/ros_control_ws/install/stacker_nav2/share/stacker_nav2/local_setup.sh
[0.672s] -- Installing: /home/humble/ros_control_ws/install/stacker_nav2/share/stacker_nav2/local_setup.zsh
[0.672s] -- Installing: /home/humble/ros_control_ws/install/stacker_nav2/share/stacker_nav2/local_setup.dsv
[0.672s] -- Installing: /home/humble/ros_control_ws/install/stacker_nav2/share/stacker_nav2/package.dsv
[0.672s] -- Installing: /home/humble/ros_control_ws/install/stacker_nav2/share/ament_index/resource_index/packages/stacker_nav2
[0.672s] -- Installing: /home/humble/ros_control_ws/install/stacker_nav2/share/stacker_nav2/cmake/stacker_nav2Config.cmake
[0.672s] -- Installing: /home/humble/ros_control_ws/install/stacker_nav2/share/stacker_nav2/cmake/stacker_nav2Config-version.cmake
[0.672s] -- Installing: /home/humble/ros_control_ws/install/stacker_nav2/share/stacker_nav2/package.xml
[0.676s] Invoked command in '/home/humble/ros_control_ws/build/stacker_nav2' returned '0': CMAKE_PREFIX_PATH=${CMAKE_PREFIX_PATH}:/opt/ros/humble /usr/bin/cmake --install /home/humble/ros_control_ws/build/stacker_nav2
