[0.214s] DEBUG:colcon:Command line arguments: ['/usr/bin/colcon', 'build', '--packages-select', 'rf2o_laser_odometry']
[0.214s] DEBUG:colcon:Parsed command line arguments: Namespace(log_base=None, log_level=None, verb_name='build', build_base='build', install_base='install', merge_install=False, symlink_install=False, test_result_base=None, continue_on_error=False, executor='parallel', parallel_workers=16, event_handlers=None, ignore_user_meta=False, metas=['./colcon.meta'], base_paths=['.'], packages_ignore=None, packages_ignore_regex=None, paths=None, packages_up_to=None, packages_up_to_regex=None, packages_above=None, packages_above_and_dependencies=None, packages_above_depth=None, packages_select_by_dep=None, packages_skip_by_dep=None, packages_skip_up_to=None, packages_select_build_failed=False, packages_skip_build_finished=False, packages_select_test_failures=False, packages_skip_test_passed=False, packages_select=['rf2o_laser_odometry'], packages_skip=None, packages_select_regex=None, packages_skip_regex=None, packages_start=None, packages_end=None, allow_overriding=[], cmake_args=None, cmake_target=None, cmake_target_skip_unavailable=False, cmake_clean_cache=False, cmake_clean_first=False, cmake_force_configure=False, ament_cmake_args=None, catkin_cmake_args=None, catkin_skip_building_tests=False, verb_parser=<colcon_defaults.argument_parser.defaults.DefaultArgumentsDecorator object at 0x7f26917041c0>, verb_extension=<colcon_core.verb.build.BuildVerb object at 0x7f269207c7c0>, main=<bound method BuildVerb.main of <colcon_core.verb.build.BuildVerb object at 0x7f269207c7c0>>)
[0.236s] Level 1:colcon.colcon_core.package_discovery:discover_packages(colcon_meta) check parameters
[0.236s] Level 1:colcon.colcon_core.package_discovery:discover_packages(recursive) check parameters
[0.236s] Level 1:colcon.colcon_core.package_discovery:discover_packages(ignore) check parameters
[0.236s] Level 1:colcon.colcon_core.package_discovery:discover_packages(path) check parameters
[0.236s] Level 1:colcon.colcon_core.package_discovery:discover_packages(colcon_meta) discover
[0.236s] Level 1:colcon.colcon_core.package_discovery:discover_packages(recursive) discover
[0.236s] INFO:colcon.colcon_core.package_discovery:Crawling recursively for packages in '/home/humble/ros_control_ws'
[0.236s] Level 1:colcon.colcon_core.package_identification:_identify(.) by extensions ['ignore', 'ignore_ament_install']
[0.236s] Level 1:colcon.colcon_core.package_identification:_identify(.) by extension 'ignore'
[0.236s] Level 1:colcon.colcon_core.package_identification:_identify(.) by extension 'ignore_ament_install'
[0.236s] Level 1:colcon.colcon_core.package_identification:_identify(.) by extensions ['colcon_pkg']
[0.236s] Level 1:colcon.colcon_core.package_identification:_identify(.) by extension 'colcon_pkg'
[0.236s] Level 1:colcon.colcon_core.package_identification:_identify(.) by extensions ['colcon_meta']
[0.236s] Level 1:colcon.colcon_core.package_identification:_identify(.) by extension 'colcon_meta'
[0.236s] Level 1:colcon.colcon_core.package_identification:_identify(.) by extensions ['ros']
[0.236s] Level 1:colcon.colcon_core.package_identification:_identify(.) by extension 'ros'
[0.244s] Level 1:colcon.colcon_core.package_identification:_identify(.) by extensions ['cmake', 'python']
[0.244s] Level 1:colcon.colcon_core.package_identification:_identify(.) by extension 'cmake'
[0.244s] Level 1:colcon.colcon_core.package_identification:_identify(.) by extension 'python'
[0.244s] Level 1:colcon.colcon_core.package_identification:_identify(.) by extensions ['python_setup_py']
[0.244s] Level 1:colcon.colcon_core.package_identification:_identify(.) by extension 'python_setup_py'
[0.244s] Level 1:colcon.colcon_core.package_identification:_identify(build) by extensions ['ignore', 'ignore_ament_install']
[0.244s] Level 1:colcon.colcon_core.package_identification:_identify(build) by extension 'ignore'
[0.244s] Level 1:colcon.colcon_core.package_identification:_identify(build) ignored
[0.244s] Level 1:colcon.colcon_core.package_identification:_identify(install) by extensions ['ignore', 'ignore_ament_install']
[0.244s] Level 1:colcon.colcon_core.package_identification:_identify(install) by extension 'ignore'
[0.244s] Level 1:colcon.colcon_core.package_identification:_identify(install) ignored
[0.244s] Level 1:colcon.colcon_core.package_identification:_identify(log) by extensions ['ignore', 'ignore_ament_install']
[0.244s] Level 1:colcon.colcon_core.package_identification:_identify(log) by extension 'ignore'
[0.244s] Level 1:colcon.colcon_core.package_identification:_identify(log) ignored
[0.244s] Level 1:colcon.colcon_core.package_identification:_identify(src) by extensions ['ignore', 'ignore_ament_install']
[0.244s] Level 1:colcon.colcon_core.package_identification:_identify(src) by extension 'ignore'
[0.244s] Level 1:colcon.colcon_core.package_identification:_identify(src) by extension 'ignore_ament_install'
[0.244s] Level 1:colcon.colcon_core.package_identification:_identify(src) by extensions ['colcon_pkg']
[0.244s] Level 1:colcon.colcon_core.package_identification:_identify(src) by extension 'colcon_pkg'
[0.244s] Level 1:colcon.colcon_core.package_identification:_identify(src) by extensions ['colcon_meta']
[0.244s] Level 1:colcon.colcon_core.package_identification:_identify(src) by extension 'colcon_meta'
[0.245s] Level 1:colcon.colcon_core.package_identification:_identify(src) by extensions ['ros']
[0.245s] Level 1:colcon.colcon_core.package_identification:_identify(src) by extension 'ros'
[0.245s] Level 1:colcon.colcon_core.package_identification:_identify(src) by extensions ['cmake', 'python']
[0.245s] Level 1:colcon.colcon_core.package_identification:_identify(src) by extension 'cmake'
[0.245s] Level 1:colcon.colcon_core.package_identification:_identify(src) by extension 'python'
[0.245s] Level 1:colcon.colcon_core.package_identification:_identify(src) by extensions ['python_setup_py']
[0.245s] Level 1:colcon.colcon_core.package_identification:_identify(src) by extension 'python_setup_py'
[0.245s] Level 1:colcon.colcon_core.package_identification:_identify(src/rf2o_laser_odometry) by extensions ['ignore', 'ignore_ament_install']
[0.245s] Level 1:colcon.colcon_core.package_identification:_identify(src/rf2o_laser_odometry) by extension 'ignore'
[0.245s] Level 1:colcon.colcon_core.package_identification:_identify(src/rf2o_laser_odometry) by extension 'ignore_ament_install'
[0.245s] Level 1:colcon.colcon_core.package_identification:_identify(src/rf2o_laser_odometry) by extensions ['colcon_pkg']
[0.245s] Level 1:colcon.colcon_core.package_identification:_identify(src/rf2o_laser_odometry) by extension 'colcon_pkg'
[0.245s] Level 1:colcon.colcon_core.package_identification:_identify(src/rf2o_laser_odometry) by extensions ['colcon_meta']
[0.245s] Level 1:colcon.colcon_core.package_identification:_identify(src/rf2o_laser_odometry) by extension 'colcon_meta'
[0.245s] Level 1:colcon.colcon_core.package_identification:_identify(src/rf2o_laser_odometry) by extensions ['ros']
[0.245s] Level 1:colcon.colcon_core.package_identification:_identify(src/rf2o_laser_odometry) by extension 'ros'
[0.247s] DEBUG:colcon.colcon_core.package_identification:Package 'src/rf2o_laser_odometry' with type 'ros.ament_cmake' and name 'rf2o_laser_odometry'
[0.247s] Level 1:colcon.colcon_core.package_identification:_identify(src/stacker_cartographer) by extensions ['ignore', 'ignore_ament_install']
[0.247s] Level 1:colcon.colcon_core.package_identification:_identify(src/stacker_cartographer) by extension 'ignore'
[0.247s] Level 1:colcon.colcon_core.package_identification:_identify(src/stacker_cartographer) by extension 'ignore_ament_install'
[0.247s] Level 1:colcon.colcon_core.package_identification:_identify(src/stacker_cartographer) by extensions ['colcon_pkg']
[0.247s] Level 1:colcon.colcon_core.package_identification:_identify(src/stacker_cartographer) by extension 'colcon_pkg'
[0.247s] Level 1:colcon.colcon_core.package_identification:_identify(src/stacker_cartographer) by extensions ['colcon_meta']
[0.247s] Level 1:colcon.colcon_core.package_identification:_identify(src/stacker_cartographer) by extension 'colcon_meta'
[0.247s] Level 1:colcon.colcon_core.package_identification:_identify(src/stacker_cartographer) by extensions ['ros']
[0.247s] Level 1:colcon.colcon_core.package_identification:_identify(src/stacker_cartographer) by extension 'ros'
[0.248s] DEBUG:colcon.colcon_core.package_identification:Package 'src/stacker_cartographer' with type 'ros.ament_cmake' and name 'stacker_cartographer'
[0.248s] Level 1:colcon.colcon_core.package_identification:_identify(src/stacker_description) by extensions ['ignore', 'ignore_ament_install']
[0.248s] Level 1:colcon.colcon_core.package_identification:_identify(src/stacker_description) by extension 'ignore'
[0.248s] Level 1:colcon.colcon_core.package_identification:_identify(src/stacker_description) by extension 'ignore_ament_install'
[0.248s] Level 1:colcon.colcon_core.package_identification:_identify(src/stacker_description) by extensions ['colcon_pkg']
[0.248s] Level 1:colcon.colcon_core.package_identification:_identify(src/stacker_description) by extension 'colcon_pkg'
[0.248s] Level 1:colcon.colcon_core.package_identification:_identify(src/stacker_description) by extensions ['colcon_meta']
[0.248s] Level 1:colcon.colcon_core.package_identification:_identify(src/stacker_description) by extension 'colcon_meta'
[0.248s] Level 1:colcon.colcon_core.package_identification:_identify(src/stacker_description) by extensions ['ros']
[0.248s] Level 1:colcon.colcon_core.package_identification:_identify(src/stacker_description) by extension 'ros'
[0.248s] DEBUG:colcon.colcon_core.package_identification:Package 'src/stacker_description' with type 'ros.ament_cmake' and name 'stacker_description'
[0.249s] Level 1:colcon.colcon_core.package_identification:_identify(src/stacker_nav2) by extensions ['ignore', 'ignore_ament_install']
[0.249s] Level 1:colcon.colcon_core.package_identification:_identify(src/stacker_nav2) by extension 'ignore'
[0.249s] Level 1:colcon.colcon_core.package_identification:_identify(src/stacker_nav2) by extension 'ignore_ament_install'
[0.249s] Level 1:colcon.colcon_core.package_identification:_identify(src/stacker_nav2) by extensions ['colcon_pkg']
[0.249s] Level 1:colcon.colcon_core.package_identification:_identify(src/stacker_nav2) by extension 'colcon_pkg'
[0.249s] Level 1:colcon.colcon_core.package_identification:_identify(src/stacker_nav2) by extensions ['colcon_meta']
[0.249s] Level 1:colcon.colcon_core.package_identification:_identify(src/stacker_nav2) by extension 'colcon_meta'
[0.249s] Level 1:colcon.colcon_core.package_identification:_identify(src/stacker_nav2) by extensions ['ros']
[0.249s] Level 1:colcon.colcon_core.package_identification:_identify(src/stacker_nav2) by extension 'ros'
[0.249s] DEBUG:colcon.colcon_core.package_identification:Package 'src/stacker_nav2' with type 'ros.ament_cmake' and name 'stacker_nav2'
[0.249s] Level 1:colcon.colcon_core.package_discovery:discover_packages(recursive) using defaults
[0.249s] Level 1:colcon.colcon_core.package_discovery:discover_packages(ignore) discover
[0.249s] Level 1:colcon.colcon_core.package_discovery:discover_packages(ignore) using defaults
[0.249s] Level 1:colcon.colcon_core.package_discovery:discover_packages(path) discover
[0.249s] Level 1:colcon.colcon_core.package_discovery:discover_packages(path) using defaults
[0.266s] INFO:colcon.colcon_core.package_selection:Skipping not selected package 'stacker_cartographer' in 'src/stacker_cartographer'
[0.266s] INFO:colcon.colcon_core.package_selection:Skipping not selected package 'stacker_description' in 'src/stacker_description'
[0.266s] INFO:colcon.colcon_core.package_selection:Skipping not selected package 'stacker_nav2' in 'src/stacker_nav2'
[0.267s] Level 1:colcon.colcon_core.package_discovery:discover_packages(prefix_path) check parameters
[0.267s] Level 1:colcon.colcon_core.package_discovery:discover_packages(prefix_path) discover
[0.269s] DEBUG:colcon.colcon_installed_package_information.package_discovery:Found 367 installed packages in /opt/ros/humble
[0.270s] Level 1:colcon.colcon_core.package_discovery:discover_packages(prefix_path) using defaults
[0.318s] Level 5:colcon.colcon_core.verb:set package 'rf2o_laser_odometry' build argument 'cmake_args' from command line to 'None'
[0.318s] Level 5:colcon.colcon_core.verb:set package 'rf2o_laser_odometry' build argument 'cmake_target' from command line to 'None'
[0.318s] Level 5:colcon.colcon_core.verb:set package 'rf2o_laser_odometry' build argument 'cmake_target_skip_unavailable' from command line to 'False'
[0.318s] Level 5:colcon.colcon_core.verb:set package 'rf2o_laser_odometry' build argument 'cmake_clean_cache' from command line to 'False'
[0.318s] Level 5:colcon.colcon_core.verb:set package 'rf2o_laser_odometry' build argument 'cmake_clean_first' from command line to 'False'
[0.318s] Level 5:colcon.colcon_core.verb:set package 'rf2o_laser_odometry' build argument 'cmake_force_configure' from command line to 'False'
[0.318s] Level 5:colcon.colcon_core.verb:set package 'rf2o_laser_odometry' build argument 'ament_cmake_args' from command line to 'None'
[0.319s] Level 5:colcon.colcon_core.verb:set package 'rf2o_laser_odometry' build argument 'catkin_cmake_args' from command line to 'None'
[0.319s] Level 5:colcon.colcon_core.verb:set package 'rf2o_laser_odometry' build argument 'catkin_skip_building_tests' from command line to 'False'
[0.319s] DEBUG:colcon.colcon_core.verb:Building package 'rf2o_laser_odometry' with the following arguments: {'ament_cmake_args': None, 'build_base': '/home/humble/ros_control_ws/build/rf2o_laser_odometry', 'catkin_cmake_args': None, 'catkin_skip_building_tests': False, 'cmake_args': None, 'cmake_clean_cache': False, 'cmake_clean_first': False, 'cmake_force_configure': False, 'cmake_target': None, 'cmake_target_skip_unavailable': False, 'install_base': '/home/humble/ros_control_ws/install/rf2o_laser_odometry', 'merge_install': False, 'path': '/home/humble/ros_control_ws/src/rf2o_laser_odometry', 'symlink_install': False, 'test_result_base': None}
[0.319s] INFO:colcon.colcon_core.executor:Executing jobs using 'parallel' executor
[0.322s] DEBUG:colcon.colcon_parallel_executor.executor.parallel:run_until_complete
[0.322s] INFO:colcon.colcon_ros.task.ament_cmake.build:Building ROS package in '/home/humble/ros_control_ws/src/rf2o_laser_odometry' with build type 'ament_cmake'
[0.322s] INFO:colcon.colcon_cmake.task.cmake.build:Building CMake package in '/home/humble/ros_control_ws/src/rf2o_laser_odometry'
[0.326s] INFO:colcon.colcon_core.plugin_system:Skipping extension 'colcon_core.shell.bat': Not used on non-Windows systems
[0.326s] INFO:colcon.colcon_core.shell:Skip shell extension 'powershell' for command environment: Not usable outside of PowerShell
[0.326s] DEBUG:colcon.colcon_core.shell:Skip shell extension 'dsv' for command environment
[0.351s] DEBUG:colcon.colcon_core.event_handler.log_command:Invoking command in '/home/humble/ros_control_ws/build/rf2o_laser_odometry': CMAKE_PREFIX_PATH=/opt/ros/humble /usr/bin/cmake --build /home/humble/ros_control_ws/build/rf2o_laser_odometry -- -j16 -l16
[19.773s] DEBUG:colcon.colcon_core.event_handler.log_command:Invoked command in '/home/humble/ros_control_ws/build/rf2o_laser_odometry' returned '0': CMAKE_PREFIX_PATH=/opt/ros/humble /usr/bin/cmake --build /home/humble/ros_control_ws/build/rf2o_laser_odometry -- -j16 -l16
[19.793s] DEBUG:colcon.colcon_core.event_handler.log_command:Invoking command in '/home/humble/ros_control_ws/build/rf2o_laser_odometry': CMAKE_PREFIX_PATH=/opt/ros/humble /usr/bin/cmake --install /home/humble/ros_control_ws/build/rf2o_laser_odometry
[19.806s] Level 1:colcon.colcon_core.environment:create_environment_scripts_only(rf2o_laser_odometry)
[19.807s] DEBUG:colcon.colcon_core.event_handler.log_command:Invoked command in '/home/humble/ros_control_ws/build/rf2o_laser_odometry' returned '0': CMAKE_PREFIX_PATH=/opt/ros/humble /usr/bin/cmake --install /home/humble/ros_control_ws/build/rf2o_laser_odometry
[19.810s] Level 1:colcon.colcon_core.environment:checking '/home/humble/ros_control_ws/install/rf2o_laser_odometry' for CMake module files
[19.810s] Level 1:colcon.colcon_core.environment:checking '/home/humble/ros_control_ws/install/rf2o_laser_odometry' for CMake config files
[19.810s] Level 1:colcon.colcon_core.shell:create_environment_hook('rf2o_laser_odometry', 'cmake_prefix_path')
[19.811s] INFO:colcon.colcon_core.shell:Creating environment hook '/home/humble/ros_control_ws/install/rf2o_laser_odometry/share/rf2o_laser_odometry/hook/cmake_prefix_path.ps1'
[19.812s] INFO:colcon.colcon_core.shell:Creating environment descriptor '/home/humble/ros_control_ws/install/rf2o_laser_odometry/share/rf2o_laser_odometry/hook/cmake_prefix_path.dsv'
[19.812s] INFO:colcon.colcon_core.shell:Creating environment hook '/home/humble/ros_control_ws/install/rf2o_laser_odometry/share/rf2o_laser_odometry/hook/cmake_prefix_path.sh'
[19.813s] Level 1:colcon.colcon_core.environment:checking '/home/humble/ros_control_ws/install/rf2o_laser_odometry/lib'
[19.813s] Level 1:colcon.colcon_core.environment:checking '/home/humble/ros_control_ws/install/rf2o_laser_odometry/bin'
[19.813s] Level 1:colcon.colcon_core.environment:checking '/home/humble/ros_control_ws/install/rf2o_laser_odometry/lib/pkgconfig/rf2o_laser_odometry.pc'
[19.813s] Level 1:colcon.colcon_core.environment:checking '/home/humble/ros_control_ws/install/rf2o_laser_odometry/lib/python3.10/site-packages'
[19.813s] Level 1:colcon.colcon_core.environment:checking '/home/humble/ros_control_ws/install/rf2o_laser_odometry/bin'
[19.814s] INFO:colcon.colcon_core.shell:Creating package script '/home/humble/ros_control_ws/install/rf2o_laser_odometry/share/rf2o_laser_odometry/package.ps1'
[19.815s] INFO:colcon.colcon_core.shell:Creating package descriptor '/home/humble/ros_control_ws/install/rf2o_laser_odometry/share/rf2o_laser_odometry/package.dsv'
[19.815s] INFO:colcon.colcon_core.shell:Creating package script '/home/humble/ros_control_ws/install/rf2o_laser_odometry/share/rf2o_laser_odometry/package.sh'
[19.815s] INFO:colcon.colcon_core.shell:Creating package script '/home/humble/ros_control_ws/install/rf2o_laser_odometry/share/rf2o_laser_odometry/package.bash'
[19.816s] INFO:colcon.colcon_core.shell:Creating package script '/home/humble/ros_control_ws/install/rf2o_laser_odometry/share/rf2o_laser_odometry/package.zsh'
[19.816s] Level 1:colcon.colcon_core.environment:create_file_with_runtime_dependencies(/home/humble/ros_control_ws/install/rf2o_laser_odometry/share/colcon-core/packages/rf2o_laser_odometry)
[19.832s] Level 1:colcon.colcon_core.environment:create_environment_scripts_only(rf2o_laser_odometry)
[19.834s] Level 1:colcon.colcon_core.environment:checking '/home/humble/ros_control_ws/install/rf2o_laser_odometry' for CMake module files
[19.834s] Level 1:colcon.colcon_core.environment:checking '/home/humble/ros_control_ws/install/rf2o_laser_odometry' for CMake config files
[19.834s] Level 1:colcon.colcon_core.shell:create_environment_hook('rf2o_laser_odometry', 'cmake_prefix_path')
[19.835s] INFO:colcon.colcon_core.shell:Creating environment hook '/home/humble/ros_control_ws/install/rf2o_laser_odometry/share/rf2o_laser_odometry/hook/cmake_prefix_path.ps1'
[19.835s] INFO:colcon.colcon_core.shell:Creating environment descriptor '/home/humble/ros_control_ws/install/rf2o_laser_odometry/share/rf2o_laser_odometry/hook/cmake_prefix_path.dsv'
[19.836s] INFO:colcon.colcon_core.shell:Creating environment hook '/home/humble/ros_control_ws/install/rf2o_laser_odometry/share/rf2o_laser_odometry/hook/cmake_prefix_path.sh'
[19.836s] Level 1:colcon.colcon_core.environment:checking '/home/humble/ros_control_ws/install/rf2o_laser_odometry/lib'
[19.836s] Level 1:colcon.colcon_core.environment:checking '/home/humble/ros_control_ws/install/rf2o_laser_odometry/bin'
[19.836s] Level 1:colcon.colcon_core.environment:checking '/home/humble/ros_control_ws/install/rf2o_laser_odometry/lib/pkgconfig/rf2o_laser_odometry.pc'
[19.836s] Level 1:colcon.colcon_core.environment:checking '/home/humble/ros_control_ws/install/rf2o_laser_odometry/lib/python3.10/site-packages'
[19.836s] Level 1:colcon.colcon_core.environment:checking '/home/humble/ros_control_ws/install/rf2o_laser_odometry/bin'
[19.837s] INFO:colcon.colcon_core.shell:Creating package script '/home/humble/ros_control_ws/install/rf2o_laser_odometry/share/rf2o_laser_odometry/package.ps1'
[19.838s] INFO:colcon.colcon_core.shell:Creating package descriptor '/home/humble/ros_control_ws/install/rf2o_laser_odometry/share/rf2o_laser_odometry/package.dsv'
[19.838s] INFO:colcon.colcon_core.shell:Creating package script '/home/humble/ros_control_ws/install/rf2o_laser_odometry/share/rf2o_laser_odometry/package.sh'
[19.838s] INFO:colcon.colcon_core.shell:Creating package script '/home/humble/ros_control_ws/install/rf2o_laser_odometry/share/rf2o_laser_odometry/package.bash'
[19.856s] INFO:colcon.colcon_core.shell:Creating package script '/home/humble/ros_control_ws/install/rf2o_laser_odometry/share/rf2o_laser_odometry/package.zsh'
[19.857s] Level 1:colcon.colcon_core.environment:create_file_with_runtime_dependencies(/home/humble/ros_control_ws/install/rf2o_laser_odometry/share/colcon-core/packages/rf2o_laser_odometry)
[19.857s] DEBUG:colcon.colcon_parallel_executor.executor.parallel:closing loop
[19.858s] DEBUG:colcon.colcon_parallel_executor.executor.parallel:loop closed
[19.858s] DEBUG:colcon.colcon_parallel_executor.executor.parallel:run_until_complete finished with '0'
[19.858s] DEBUG:colcon.colcon_core.event_reactor:joining thread
[19.862s] INFO:colcon.colcon_core.plugin_system:Skipping extension 'colcon_notification.desktop_notification.terminal_notifier': Not used on non-Darwin systems
[19.862s] INFO:colcon.colcon_core.plugin_system:Skipping extension 'colcon_notification.desktop_notification.win32': Not used on non-Windows systems
[19.862s] INFO:colcon.colcon_notification.desktop_notification:Sending desktop notification using 'notify2'
[19.872s] DEBUG:colcon.colcon_core.event_reactor:joined thread
[19.873s] INFO:colcon.colcon_core.shell:Creating prefix script '/home/humble/ros_control_ws/install/local_setup.ps1'
[19.874s] INFO:colcon.colcon_core.shell:Creating prefix util module '/home/humble/ros_control_ws/install/_local_setup_util_ps1.py'
[19.875s] INFO:colcon.colcon_core.shell:Creating prefix chain script '/home/humble/ros_control_ws/install/setup.ps1'
[19.876s] INFO:colcon.colcon_core.shell:Creating prefix script '/home/humble/ros_control_ws/install/local_setup.sh'
[19.876s] INFO:colcon.colcon_core.shell:Creating prefix util module '/home/humble/ros_control_ws/install/_local_setup_util_sh.py'
[19.876s] INFO:colcon.colcon_core.shell:Creating prefix chain script '/home/humble/ros_control_ws/install/setup.sh'
[19.878s] INFO:colcon.colcon_core.shell:Creating prefix script '/home/humble/ros_control_ws/install/local_setup.bash'
[19.893s] INFO:colcon.colcon_core.shell:Creating prefix chain script '/home/humble/ros_control_ws/install/setup.bash'
[19.895s] INFO:colcon.colcon_core.shell:Creating prefix script '/home/humble/ros_control_ws/install/local_setup.zsh'
[19.896s] INFO:colcon.colcon_core.shell:Creating prefix chain script '/home/humble/ros_control_ws/install/setup.zsh'
