-- Found ament_cmake: 1.3.3 (/opt/ros/humble/share/ament_cmake/cmake)
-- Override CMake install command with custom implementation using symlinks instead of copying resources
-- Found ament_lint_auto: 0.12.4 (/opt/ros/humble/share/ament_lint_auto/cmake)
-- Configuring done
-- Generating done
-- Build files have been written to: /home/humble/ros_control_ws/build/stacker_nav2
-- Install configuration: ""
-- Execute custom install script
-- Symlinking: /home/humble/ros_control_ws/install/stacker_nav2/share/stacker_nav2/launch/stacker_nav2.launch.py
-- Symlinking: /home/humble/ros_control_ws/install/stacker_nav2/share/stacker_nav2/map/my_map.pgm
-- Symlinking: /home/humble/ros_control_ws/install/stacker_nav2/share/stacker_nav2/map/my_map.yaml
-- Symlinking: /home/humble/ros_control_ws/install/stacker_nav2/share/stacker_nav2/config/nav2_params.yaml
-- Symlinking: /home/humble/ros_control_ws/install/stacker_nav2/share/ament_index/resource_index/package_run_dependencies/stacker_nav2
-- Symlinking: /home/humble/ros_control_ws/install/stacker_nav2/share/ament_index/resource_index/parent_prefix_path/stacker_nav2
-- Symlinking: /home/humble/ros_control_ws/install/stacker_nav2/share/stacker_nav2/environment/ament_prefix_path.sh
-- Symlinking: /home/humble/ros_control_ws/install/stacker_nav2/share/stacker_nav2/environment/ament_prefix_path.dsv
-- Symlinking: /home/humble/ros_control_ws/install/stacker_nav2/share/stacker_nav2/environment/path.sh
-- Symlinking: /home/humble/ros_control_ws/install/stacker_nav2/share/stacker_nav2/environment/path.dsv
-- Symlinking: /home/humble/ros_control_ws/install/stacker_nav2/share/stacker_nav2/local_setup.bash
-- Symlinking: /home/humble/ros_control_ws/install/stacker_nav2/share/stacker_nav2/local_setup.sh
-- Symlinking: /home/humble/ros_control_ws/install/stacker_nav2/share/stacker_nav2/local_setup.zsh
-- Symlinking: /home/humble/ros_control_ws/install/stacker_nav2/share/stacker_nav2/local_setup.dsv
-- Symlinking: /home/humble/ros_control_ws/install/stacker_nav2/share/stacker_nav2/package.dsv
-- Symlinking: /home/humble/ros_control_ws/install/stacker_nav2/share/ament_index/resource_index/packages/stacker_nav2
-- Symlinking: /home/humble/ros_control_ws/install/stacker_nav2/share/stacker_nav2/cmake/stacker_nav2Config.cmake
-- Symlinking: /home/humble/ros_control_ws/install/stacker_nav2/share/stacker_nav2/cmake/stacker_nav2Config-version.cmake
-- Symlinking: /home/humble/ros_control_ws/install/stacker_nav2/share/stacker_nav2/package.xml
