[0.026s] Invoking command in '/home/humble/ros_control_ws/build/stacker_nav2': CMAKE_PREFIX_PATH=${CMAKE_PREFIX_PATH}:/opt/ros/humble /usr/bin/cmake /home/humble/ros_control_ws/src/stacker_nav2 -DAMENT_CMAKE_SYMLINK_INSTALL=1 -DCMAKE_INSTALL_PREFIX=/home/humble/ros_control_ws/install/stacker_nav2
[0.035s] -- Found ament_cmake: 1.3.3 (/opt/ros/humble/share/ament_cmake/cmake)
[0.148s] -- Override CMake install command with custom implementation using symlinks instead of copying resources
[0.161s] -- Found ament_lint_auto: 0.12.4 (/opt/ros/humble/share/ament_lint_auto/cmake)
[0.220s] -- Configuring done
[0.233s] -- Generating done
[0.234s] -- Build files have been written to: /home/humble/ros_control_ws/build/stacker_nav2
[0.236s] Invoked command in '/home/humble/ros_control_ws/build/stacker_nav2' returned '0': CMAKE_PREFIX_PATH=${CMAKE_PREFIX_PATH}:/opt/ros/humble /usr/bin/cmake /home/humble/ros_control_ws/src/stacker_nav2 -DAMENT_CMAKE_SYMLINK_INSTALL=1 -DCMAKE_INSTALL_PREFIX=/home/humble/ros_control_ws/install/stacker_nav2
[0.237s] Invoking command in '/home/humble/ros_control_ws/build/stacker_nav2': CMAKE_PREFIX_PATH=${CMAKE_PREFIX_PATH}:/opt/ros/humble /usr/bin/cmake --build /home/humble/ros_control_ws/build/stacker_nav2 -- -j16 -l16
[0.266s] Invoked command in '/home/humble/ros_control_ws/build/stacker_nav2' returned '0': CMAKE_PREFIX_PATH=${CMAKE_PREFIX_PATH}:/opt/ros/humble /usr/bin/cmake --build /home/humble/ros_control_ws/build/stacker_nav2 -- -j16 -l16
[0.277s] Invoking command in '/home/humble/ros_control_ws/build/stacker_nav2': CMAKE_PREFIX_PATH=${CMAKE_PREFIX_PATH}:/opt/ros/humble /usr/bin/cmake --install /home/humble/ros_control_ws/build/stacker_nav2
[0.281s] -- Install configuration: ""
[0.281s] -- Execute custom install script
[0.281s] -- Symlinking: /home/humble/ros_control_ws/install/stacker_nav2/share/stacker_nav2/launch/stacker_nav2.launch.py
[0.285s] -- Symlinking: /home/humble/ros_control_ws/install/stacker_nav2/share/stacker_nav2/map/my_map.pgm
[0.290s] -- Symlinking: /home/humble/ros_control_ws/install/stacker_nav2/share/stacker_nav2/map/my_map.yaml
[0.294s] -- Symlinking: /home/humble/ros_control_ws/install/stacker_nav2/share/stacker_nav2/config/nav2_params.yaml
[0.298s] -- Symlinking: /home/humble/ros_control_ws/install/stacker_nav2/share/ament_index/resource_index/package_run_dependencies/stacker_nav2
[0.302s] -- Symlinking: /home/humble/ros_control_ws/install/stacker_nav2/share/ament_index/resource_index/parent_prefix_path/stacker_nav2
[0.308s] -- Symlinking: /home/humble/ros_control_ws/install/stacker_nav2/share/stacker_nav2/environment/ament_prefix_path.sh
[0.314s] -- Symlinking: /home/humble/ros_control_ws/install/stacker_nav2/share/stacker_nav2/environment/ament_prefix_path.dsv
[0.320s] -- Symlinking: /home/humble/ros_control_ws/install/stacker_nav2/share/stacker_nav2/environment/path.sh
[0.324s] -- Symlinking: /home/humble/ros_control_ws/install/stacker_nav2/share/stacker_nav2/environment/path.dsv
[0.329s] -- Symlinking: /home/humble/ros_control_ws/install/stacker_nav2/share/stacker_nav2/local_setup.bash
[0.334s] -- Symlinking: /home/humble/ros_control_ws/install/stacker_nav2/share/stacker_nav2/local_setup.sh
[0.339s] -- Symlinking: /home/humble/ros_control_ws/install/stacker_nav2/share/stacker_nav2/local_setup.zsh
[0.345s] -- Symlinking: /home/humble/ros_control_ws/install/stacker_nav2/share/stacker_nav2/local_setup.dsv
[0.349s] -- Symlinking: /home/humble/ros_control_ws/install/stacker_nav2/share/stacker_nav2/package.dsv
[0.353s] -- Symlinking: /home/humble/ros_control_ws/install/stacker_nav2/share/ament_index/resource_index/packages/stacker_nav2
[0.358s] -- Symlinking: /home/humble/ros_control_ws/install/stacker_nav2/share/stacker_nav2/cmake/stacker_nav2Config.cmake
[0.362s] -- Symlinking: /home/humble/ros_control_ws/install/stacker_nav2/share/stacker_nav2/cmake/stacker_nav2Config-version.cmake
[0.366s] -- Symlinking: /home/humble/ros_control_ws/install/stacker_nav2/share/stacker_nav2/package.xml
[0.374s] Invoked command in '/home/humble/ros_control_ws/build/stacker_nav2' returned '0': CMAKE_PREFIX_PATH=${CMAKE_PREFIX_PATH}:/opt/ros/humble /usr/bin/cmake --install /home/humble/ros_control_ws/build/stacker_nav2
